    OpenRGB v0.9
    Commit:  from 
    Launched: 20240203_114633
====================================================================================================

0     |Info:    Found file: Main.orp attempting to validate header
0     |Info:    Valid v3 profile found for Main
1015  |Info:    ------------------------------------------------------
1015  |Info:    |               Start device detection               |
1015  |Info:    ------------------------------------------------------
1015  |Info:    Initializing HID interfaces: Success
6287  |Info:    ------------------------------------------------------
6287  |Info:    |             Detecting I2C interfaces               |
6287  |Info:    ------------------------------------------------------
6287  |Info:    Registering I2C interface: /dev/i2c-3 Device 10DE:2704 Subsystem: 10DE:167A
6287  |Info:    Registering I2C interface: /dev/i2c-1 Device 10DE:2704 Subsystem: 10DE:167A
6287  |Info:    Registering I2C interface: /dev/i2c-8 Device 1022:790B Subsystem: 1043:8877
6287  |Info:    Registering I2C interface: /dev/i2c-6 Device 1022:790B Subsystem: 1043:8877
6287  |Info:    Registering I2C interface: /dev/i2c-4 Device 10DE:2704 Subsystem: 10DE:167A
6287  |Info:    Registering I2C interface: /dev/i2c-2 Device 10DE:2704 Subsystem: 10DE:167A
6288  |Info:    Registering I2C interface: /dev/i2c-0 Device 0000:0000 Subsystem: 0000:0000
6288  |Info:    Registering I2C interface: /dev/i2c-7 Device 1022:790B Subsystem: 1043:8877
6288  |Info:    Registering I2C interface: /dev/i2c-5 Device 10DE:2704 Subsystem: 10DE:167A
6288  |Info:    ------------------------------------------------------
6288  |Info:    |               Detecting I2C devices                |
6288  |Info:    ------------------------------------------------------
7242  |Info:    ------------------------------------------------------
7242  |Info:    |               Detecting I2C PCI devices            |
7242  |Info:    ------------------------------------------------------
7242  |Info:    ------------------------------------------------------
7242  |Info:    |               Detecting HID devices                |
7242  |Info:    ------------------------------------------------------
14112 |Info:    [Sony DualShock 4] Registering RGB controller
14193 |Info:    [ASUS TUF GAMING X670E-PLUS] Registering RGB controller
14193 |Info:    ------------------------------------------------------
14193 |Info:    |            Detecting libusb HID devices            |
14193 |Info:    ------------------------------------------------------
14310 |Info:    ------------------------------------------------------
14310 |Info:    |              Detecting other devices               |
14310 |Info:    ------------------------------------------------------
14318 |Info:    ------------------------------------------------------
14318 |Info:    |                Detection completed                 |
14318 |Info:    ------------------------------------------------------
14318 |Info:    Profile loading: FAILED! for Sony DualShock 4 @ HID: /dev/hidraw11
14318 |Info:    Profile loading: Succeeded for ASUS TUF GAMING X670E-PLUS @ HID: /dev/hidraw2
