    OpenRGB v0.9
    Commit:  from 
    Launched: 20231010_195521
====================================================================================================

0     |Info:    Found file: Main.orp attempting to validate header
0     |Info:    Valid v3 profile found for Main
1004  |Info:    ------------------------------------------------------
1004  |Info:    |               Start device detection               |
1004  |Info:    ------------------------------------------------------
1004  |Info:    Initializing HID interfaces: Success
1009  |Info:    ------------------------------------------------------
1009  |Info:    |             Detecting I2C interfaces               |
1009  |Info:    ------------------------------------------------------
1009  |Info:    Registering I2C interface: /dev/i2c-3 Device 10DE:2704 Subsystem: 10DE:167A
1009  |Info:    Registering I2C interface: /dev/i2c-1 Device 10DE:2704 Subsystem: 10DE:167A
1009  |Info:    Registering I2C interface: /dev/i2c-8 Device 1022:790B Subsystem: 1043:8877
1009  |Info:    Registering I2C interface: /dev/i2c-6 Device 1022:790B Subsystem: 1043:8877
1009  |Info:    Registering I2C interface: /dev/i2c-4 Device 10DE:2704 Subsystem: 10DE:167A
1009  |Info:    Registering I2C interface: /dev/i2c-2 Device 10DE:2704 Subsystem: 10DE:167A
1009  |Info:    Registering I2C interface: /dev/i2c-0 Device 0000:0000 Subsystem: 0000:0000
1009  |Info:    Registering I2C interface: /dev/i2c-7 Device 1022:790B Subsystem: 1043:8877
1009  |Info:    Registering I2C interface: /dev/i2c-5 Device 10DE:2704 Subsystem: 10DE:167A
1009  |Info:    ------------------------------------------------------
1009  |Info:    |               Detecting I2C devices                |
1009  |Info:    ------------------------------------------------------
1962  |Info:    ------------------------------------------------------
1962  |Info:    |               Detecting I2C PCI devices            |
1962  |Info:    ------------------------------------------------------
1962  |Info:    ------------------------------------------------------
1962  |Info:    |               Detecting HID devices                |
1962  |Info:    ------------------------------------------------------
3447  |Info:    [Corsair K70 RGB] Registering RGB controller
3465  |Info:    [Sony DualShock 4] Registering RGB controller
3540  |Info:    [ASUS TUF GAMING X670E-PLUS] Registering RGB controller
3540  |Info:    ------------------------------------------------------
3540  |Info:    |            Detecting libusb HID devices            |
3540  |Info:    ------------------------------------------------------
3659  |Info:    ------------------------------------------------------
3659  |Info:    |              Detecting other devices               |
3659  |Info:    ------------------------------------------------------
3669  |Info:    ------------------------------------------------------
3669  |Info:    |                Detection completed                 |
3669  |Info:    ------------------------------------------------------
3669  |Info:    Profile loading: FAILED! for Corsair K70 RGB @ HID: /dev/hidraw6
3669  |Info:    Profile loading: FAILED! for Sony DualShock 4 @ HID: /dev/hidraw7
3669  |Info:    Profile loading: Succeeded for ASUS TUF GAMING X670E-PLUS @ HID: /dev/hidraw2
