    OpenRGB v0.9
    Commit:  from 
    Launched: 20240124_221830
====================================================================================================

7     |Info:    Found file: Main.orp attempting to validate header
7     |Info:    Valid v3 profile found for Main
1008  |Info:    ------------------------------------------------------
1008  |Info:    |               Start device detection               |
1008  |Info:    ------------------------------------------------------
1009  |Info:    Initializing HID interfaces: Success
1014  |Info:    ------------------------------------------------------
1014  |Info:    |             Detecting I2C interfaces               |
1014  |Info:    ------------------------------------------------------
1014  |Info:    Registering I2C interface: /dev/i2c-3 Device 10DE:2704 Subsystem: 10DE:167A
1014  |Info:    Registering I2C interface: /dev/i2c-1 Device 10DE:2704 Subsystem: 10DE:167A
1014  |Info:    Registering I2C interface: /dev/i2c-8 Device 1022:790B Subsystem: 1043:8877
1014  |Info:    Registering I2C interface: /dev/i2c-6 Device 1022:790B Subsystem: 1043:8877
1014  |Info:    Registering I2C interface: /dev/i2c-4 Device 10DE:2704 Subsystem: 10DE:167A
1014  |Info:    Registering I2C interface: /dev/i2c-2 Device 10DE:2704 Subsystem: 10DE:167A
1014  |Info:    Registering I2C interface: /dev/i2c-0 Device 0000:0000 Subsystem: 0000:0000
1014  |Info:    Registering I2C interface: /dev/i2c-7 Device 1022:790B Subsystem: 1043:8877
1014  |Info:    Registering I2C interface: /dev/i2c-5 Device 10DE:2704 Subsystem: 10DE:167A
1014  |Info:    ------------------------------------------------------
1014  |Info:    |               Detecting I2C devices                |
1014  |Info:    ------------------------------------------------------
1952  |Info:    ------------------------------------------------------
1952  |Info:    |               Detecting I2C PCI devices            |
1952  |Info:    ------------------------------------------------------
1953  |Info:    ------------------------------------------------------
1953  |Info:    |               Detecting HID devices                |
1953  |Info:    ------------------------------------------------------
8766  |Info:    [Sony DualShock 4] Registering RGB controller
8842  |Info:    [ASUS TUF GAMING X670E-PLUS] Registering RGB controller
8842  |Info:    ------------------------------------------------------
8842  |Info:    |            Detecting libusb HID devices            |
8842  |Info:    ------------------------------------------------------
8953  |Info:    ------------------------------------------------------
8953  |Info:    |              Detecting other devices               |
8953  |Info:    ------------------------------------------------------
8960  |Info:    ------------------------------------------------------
8960  |Info:    |                Detection completed                 |
8960  |Info:    ------------------------------------------------------
8960  |Info:    Profile loading: FAILED! for Sony DualShock 4 @ HID: /dev/hidraw7
8960  |Info:    Profile loading: Succeeded for ASUS TUF GAMING X670E-PLUS @ HID: /dev/hidraw2
