    OpenRGB v0.9
    Commit:  from 
    Launched: 20240225_113327
====================================================================================================

0     |Info:    Found file: Main.orp attempting to validate header
0     |Info:    Valid v3 profile found for Main
1014  |Info:    ------------------------------------------------------
1014  |Info:    |               Start device detection               |
1014  |Info:    ------------------------------------------------------
1014  |Info:    Initializing HID interfaces: Success
4603  |Info:    ------------------------------------------------------
4603  |Info:    |             Detecting I2C interfaces               |
4603  |Info:    ------------------------------------------------------
4603  |Info:    Registering I2C interface: /dev/i2c-3 Device 10DE:2704 Subsystem: 10DE:167A
4603  |Info:    Registering I2C interface: /dev/i2c-1 Device 10DE:2704 Subsystem: 10DE:167A
4603  |Info:    Registering I2C interface: /dev/i2c-8 Device 1022:790B Subsystem: 1043:8877
4603  |Info:    Registering I2C interface: /dev/i2c-6 Device 1022:790B Subsystem: 1043:8877
4603  |Info:    Registering I2C interface: /dev/i2c-4 Device 10DE:2704 Subsystem: 10DE:167A
4603  |Info:    Registering I2C interface: /dev/i2c-2 Device 10DE:2704 Subsystem: 10DE:167A
4603  |Info:    Registering I2C interface: /dev/i2c-0 Device 0000:0000 Subsystem: 0000:0000
4603  |Info:    Registering I2C interface: /dev/i2c-7 Device 1022:790B Subsystem: 1043:8877
4603  |Info:    Registering I2C interface: /dev/i2c-5 Device 10DE:2704 Subsystem: 10DE:167A
4603  |Info:    ------------------------------------------------------
4603  |Info:    |               Detecting I2C devices                |
4603  |Info:    ------------------------------------------------------
5551  |Info:    ------------------------------------------------------
5551  |Info:    |               Detecting I2C PCI devices            |
5551  |Info:    ------------------------------------------------------
5551  |Info:    ------------------------------------------------------
5551  |Info:    |               Detecting HID devices                |
5551  |Info:    ------------------------------------------------------
12419 |Info:    [Sony DualShock 4] Registering RGB controller
12499 |Info:    [ASUS TUF GAMING X670E-PLUS] Registering RGB controller
12499 |Info:    ------------------------------------------------------
12499 |Info:    |            Detecting libusb HID devices            |
12499 |Info:    ------------------------------------------------------
12618 |Info:    ------------------------------------------------------
12618 |Info:    |              Detecting other devices               |
12618 |Info:    ------------------------------------------------------
12625 |Info:    ------------------------------------------------------
12625 |Info:    |                Detection completed                 |
12625 |Info:    ------------------------------------------------------
12626 |Info:    Profile loading: FAILED! for Sony DualShock 4 @ HID: /dev/hidraw12
12626 |Info:    Profile loading: Succeeded for ASUS TUF GAMING X670E-PLUS @ HID: /dev/hidraw3
