    OpenRGB v0.9
    Commit:  from 
    Launched: 20240405_192731
====================================================================================================

0     |Info:    Found file: Main.orp attempting to validate header
1     |Info:    Valid v3 profile found for Main
1014  |Info:    ------------------------------------------------------
1014  |Info:    |               Start device detection               |
1014  |Info:    ------------------------------------------------------
1015  |Info:    Initializing HID interfaces: Success
1022  |Info:    ------------------------------------------------------
1022  |Info:    |             Detecting I2C interfaces               |
1022  |Info:    ------------------------------------------------------
1022  |Info:    Registering I2C interface: /dev/i2c-3 Device 10DE:2704 Subsystem: 10DE:167A
1022  |Info:    Registering I2C interface: /dev/i2c-1 Device 10DE:2704 Subsystem: 10DE:167A
1022  |Info:    Registering I2C interface: /dev/i2c-8 Device 1022:790B Subsystem: 1043:8877
1022  |Info:    Registering I2C interface: /dev/i2c-6 Device 1022:790B Subsystem: 1043:8877
1022  |Info:    Registering I2C interface: /dev/i2c-4 Device 10DE:2704 Subsystem: 10DE:167A
1022  |Info:    Registering I2C interface: /dev/i2c-2 Device 10DE:2704 Subsystem: 10DE:167A
1022  |Info:    Registering I2C interface: /dev/i2c-0 Device 0000:0000 Subsystem: 0000:0000
1022  |Info:    Registering I2C interface: /dev/i2c-7 Device 1022:790B Subsystem: 1043:8877
1022  |Info:    Registering I2C interface: /dev/i2c-5 Device 10DE:2704 Subsystem: 10DE:167A
1022  |Info:    ------------------------------------------------------
1022  |Info:    |               Detecting I2C devices                |
1022  |Info:    ------------------------------------------------------
1968  |Info:    ------------------------------------------------------
1968  |Info:    |               Detecting I2C PCI devices            |
1968  |Info:    ------------------------------------------------------
1968  |Info:    ------------------------------------------------------
1968  |Info:    |               Detecting HID devices                |
1968  |Info:    ------------------------------------------------------
8505  |Info:    [Sony DualShock 4] Registering RGB controller
8580  |Info:    [ASUS TUF GAMING X670E-PLUS] Registering RGB controller
8580  |Info:    ------------------------------------------------------
8580  |Info:    |            Detecting libusb HID devices            |
8580  |Info:    ------------------------------------------------------
8699  |Info:    ------------------------------------------------------
8699  |Info:    |              Detecting other devices               |
8699  |Info:    ------------------------------------------------------
8707  |Info:    ------------------------------------------------------
8707  |Info:    |                Detection completed                 |
8707  |Info:    ------------------------------------------------------
8707  |Info:    Profile loading: FAILED! for Sony DualShock 4 @ HID: /dev/hidraw8
8707  |Info:    Profile loading: Succeeded for ASUS TUF GAMING X670E-PLUS @ HID: /dev/hidraw3
