    OpenRGB v0.9
    Commit:  from 
    Launched: 20240110_193847
====================================================================================================

0     |Info:    Found file: Main.orp attempting to validate header
0     |Info:    Valid v3 profile found for Main
1006  |Info:    ------------------------------------------------------
1006  |Info:    |               Start device detection               |
1006  |Info:    ------------------------------------------------------
1006  |Info:    Initializing HID interfaces: Success
2185  |Info:    ------------------------------------------------------
2185  |Info:    |             Detecting I2C interfaces               |
2185  |Info:    ------------------------------------------------------
2185  |Info:    Registering I2C interface: /dev/i2c-3 Device 10DE:2704 Subsystem: 10DE:167A
2185  |Info:    Registering I2C interface: /dev/i2c-1 Device 10DE:2704 Subsystem: 10DE:167A
2185  |Info:    Registering I2C interface: /dev/i2c-8 Device 1022:790B Subsystem: 1043:8877
2186  |Info:    Registering I2C interface: /dev/i2c-6 Device 1022:790B Subsystem: 1043:8877
2186  |Info:    Registering I2C interface: /dev/i2c-4 Device 10DE:2704 Subsystem: 10DE:167A
2186  |Info:    Registering I2C interface: /dev/i2c-2 Device 10DE:2704 Subsystem: 10DE:167A
2186  |Info:    Registering I2C interface: /dev/i2c-0 Device 0000:0000 Subsystem: 0000:0000
2186  |Info:    Registering I2C interface: /dev/i2c-7 Device 1022:790B Subsystem: 1043:8877
2186  |Info:    Registering I2C interface: /dev/i2c-5 Device 10DE:2704 Subsystem: 10DE:167A
2186  |Info:    ------------------------------------------------------
2186  |Info:    |               Detecting I2C devices                |
2186  |Info:    ------------------------------------------------------
3146  |Info:    ------------------------------------------------------
3146  |Info:    |               Detecting I2C PCI devices            |
3146  |Info:    ------------------------------------------------------
3146  |Info:    ------------------------------------------------------
3146  |Info:    |               Detecting HID devices                |
3146  |Info:    ------------------------------------------------------
9966  |Info:    [Sony DualShock 4] Registering RGB controller
10050 |Info:    [ASUS TUF GAMING X670E-PLUS] Registering RGB controller
10050 |Info:    ------------------------------------------------------
10050 |Info:    |            Detecting libusb HID devices            |
10050 |Info:    ------------------------------------------------------
10164 |Info:    ------------------------------------------------------
10164 |Info:    |              Detecting other devices               |
10164 |Info:    ------------------------------------------------------
10172 |Info:    ------------------------------------------------------
10172 |Info:    |                Detection completed                 |
10172 |Info:    ------------------------------------------------------
10172 |Info:    Profile loading: FAILED! for Sony DualShock 4 @ HID: /dev/hidraw7
10172 |Info:    Profile loading: Succeeded for ASUS TUF GAMING X670E-PLUS @ HID: /dev/hidraw2
