    OpenRGB v0.9
    Commit:  from 
    Launched: 20231022_113139
====================================================================================================

0     |Info:    Found file: Main.orp attempting to validate header
0     |Info:    Valid v3 profile found for Main
1005  |Info:    ------------------------------------------------------
1005  |Info:    |               Start device detection               |
1005  |Info:    ------------------------------------------------------
1005  |Info:    Initializing HID interfaces: Success
1011  |Info:    ------------------------------------------------------
1011  |Info:    |             Detecting I2C interfaces               |
1011  |Info:    ------------------------------------------------------
1011  |Info:    Registering I2C interface: /dev/i2c-3 Device 10DE:2704 Subsystem: 10DE:167A
1011  |Info:    Registering I2C interface: /dev/i2c-1 Device 10DE:2704 Subsystem: 10DE:167A
1011  |Info:    Registering I2C interface: /dev/i2c-8 Device 1022:790B Subsystem: 1043:8877
1011  |Info:    Registering I2C interface: /dev/i2c-6 Device 1022:790B Subsystem: 1043:8877
1011  |Info:    Registering I2C interface: /dev/i2c-4 Device 10DE:2704 Subsystem: 10DE:167A
1011  |Info:    Registering I2C interface: /dev/i2c-2 Device 10DE:2704 Subsystem: 10DE:167A
1012  |Info:    Registering I2C interface: /dev/i2c-0 Device 0000:0000 Subsystem: 0000:0000
1012  |Info:    Registering I2C interface: /dev/i2c-7 Device 1022:790B Subsystem: 1043:8877
1012  |Info:    Registering I2C interface: /dev/i2c-5 Device 10DE:2704 Subsystem: 10DE:167A
1012  |Info:    ------------------------------------------------------
1012  |Info:    |               Detecting I2C devices                |
1012  |Info:    ------------------------------------------------------
1957  |Info:    ------------------------------------------------------
1957  |Info:    |               Detecting I2C PCI devices            |
1957  |Info:    ------------------------------------------------------
1958  |Info:    ------------------------------------------------------
1958  |Info:    |               Detecting HID devices                |
1958  |Info:    ------------------------------------------------------
3442  |Info:    [Corsair K70 RGB] Registering RGB controller
3530  |Info:    [ASUS TUF GAMING X670E-PLUS] Registering RGB controller
3530  |Info:    ------------------------------------------------------
3530  |Info:    |            Detecting libusb HID devices            |
3530  |Info:    ------------------------------------------------------
9094  |Info:    ------------------------------------------------------
9094  |Info:    |              Detecting other devices               |
9094  |Info:    ------------------------------------------------------
9110  |Info:    ------------------------------------------------------
9110  |Info:    |                Detection completed                 |
9110  |Info:    ------------------------------------------------------
9110  |Info:    Profile loading: FAILED! for Corsair K70 RGB @ HID: /dev/hidraw6
9110  |Info:    Profile loading: Succeeded for ASUS TUF GAMING X670E-PLUS @ HID: /dev/hidraw2
