    OpenRGB v0.8
    Commit:  from 
    Launched: 20230326_124221
====================================================================================================

6     |Info:    Found file: Main.orp attempting to validate header
6     |Info:    Valid v3 profile found for Main
1007  |Info:    ------------------------------------------------------
1007  |Info:    |               Start device detection               |
1007  |Info:    ------------------------------------------------------
1008  |Info:    Initializing HID interfaces: Success
1009  |Info:    ------------------------------------------------------
1009  |Info:    |             Detecting I2C interfaces               |
1009  |Info:    ------------------------------------------------------
1009  |Info:    Registering I2C interface: /dev/i2c-3 Device 1022:790B Subsystem: 1043:8877
1009  |Info:    Registering I2C interface: /dev/i2c-10 Device 10DE:2704 Subsystem: 10DE:167A
1009  |Info:    Registering I2C interface: /dev/i2c-1 Device 1022:790B Subsystem: 1043:8877
1009  |Info:    Registering I2C interface: /dev/i2c-8 Device 10DE:2704 Subsystem: 10DE:167A
1009  |Warning: [i2c_smbus_linux] Failed to read i2c device PCI device ID
1009  |Info:    Registering I2C interface: /dev/i2c-6 Device 0000:0000 Subsystem: 0000:0000
1009  |Info:    Registering I2C interface: /dev/i2c-4 Device 1002:164E Subsystem: 1043:8877
1009  |Info:    Registering I2C interface: /dev/i2c-11 Device 10DE:2704 Subsystem: 10DE:167A
1009  |Info:    Registering I2C interface: /dev/i2c-2 Device 1022:790B Subsystem: 1043:8877
1009  |Info:    Registering I2C interface: /dev/i2c-0 Device 0000:0000 Subsystem: 0000:0000
1009  |Info:    Registering I2C interface: /dev/i2c-9 Device 10DE:2704 Subsystem: 10DE:167A
1009  |Info:    Registering I2C interface: /dev/i2c-7 Device 10DE:2704 Subsystem: 10DE:167A
1010  |Info:    Registering I2C interface: /dev/i2c-5 Device 1002:164E Subsystem: 1043:8877
1010  |Info:    ------------------------------------------------------
1010  |Info:    |               Detecting I2C devices                |
1010  |Info:    ------------------------------------------------------
1703  |Info:    ------------------------------------------------------
1703  |Info:    |               Detecting I2C PCI devices            |
1703  |Info:    ------------------------------------------------------
1704  |Info:    ------------------------------------------------------
1704  |Info:    |               Detecting HID devices                |
1704  |Info:    ------------------------------------------------------
1779  |Info:    [ASUS TUF GAMING X670E-PLUS] Registering RGB controller
1779  |Info:    ------------------------------------------------------
1779  |Info:    |              Detecting other devices               |
1779  |Info:    ------------------------------------------------------
1782  |Info:    ------------------------------------------------------
1782  |Info:    |                Detection completed                 |
1782  |Info:    ------------------------------------------------------
1782  |Info:    Profile loading: Succeeded for ASUS TUF GAMING X670E-PLUS @ HID: /dev/hidraw0
