    OpenRGB v0.9
    Commit:  from 
    Launched: 20230923_132118
====================================================================================================

0     |Info:    Found file: Main.orp attempting to validate header
0     |Info:    Valid v3 profile found for Main
1001  |Info:    ------------------------------------------------------
1001  |Info:    |               Start device detection               |
1001  |Info:    ------------------------------------------------------
1001  |Info:    Initializing HID interfaces: Success
1008  |Info:    ------------------------------------------------------
1008  |Info:    |             Detecting I2C interfaces               |
1008  |Info:    ------------------------------------------------------
1008  |Info:    Registering I2C interface: /dev/i2c-3 Device 10DE:2704 Subsystem: 10DE:167A
1009  |Info:    Registering I2C interface: /dev/i2c-1 Device 10DE:2704 Subsystem: 10DE:167A
1009  |Info:    Registering I2C interface: /dev/i2c-8 Device 1022:790B Subsystem: 1043:8877
1009  |Info:    Registering I2C interface: /dev/i2c-6 Device 1022:790B Subsystem: 1043:8877
1009  |Info:    Registering I2C interface: /dev/i2c-4 Device 10DE:2704 Subsystem: 10DE:167A
1009  |Info:    Registering I2C interface: /dev/i2c-2 Device 10DE:2704 Subsystem: 10DE:167A
1009  |Info:    Registering I2C interface: /dev/i2c-0 Device 0000:0000 Subsystem: 0000:0000
1009  |Info:    Registering I2C interface: /dev/i2c-7 Device 1022:790B Subsystem: 1043:8877
1009  |Info:    Registering I2C interface: /dev/i2c-5 Device 10DE:2704 Subsystem: 10DE:167A
1009  |Info:    ------------------------------------------------------
1009  |Info:    |               Detecting I2C devices                |
1009  |Info:    ------------------------------------------------------
1950  |Info:    ------------------------------------------------------
1950  |Info:    |               Detecting I2C PCI devices            |
1950  |Info:    ------------------------------------------------------
1950  |Info:    ------------------------------------------------------
1950  |Info:    |               Detecting HID devices                |
1950  |Info:    ------------------------------------------------------
3432  |Info:    [Corsair K70 RGB] Registering RGB controller
3449  |Info:    [Sony DualShock 4] Registering RGB controller
3524  |Info:    [ASUS TUF GAMING X670E-PLUS] Registering RGB controller
3524  |Info:    ------------------------------------------------------
3524  |Info:    |            Detecting libusb HID devices            |
3524  |Info:    ------------------------------------------------------
3635  |Info:    ------------------------------------------------------
3635  |Info:    |              Detecting other devices               |
3635  |Info:    ------------------------------------------------------
3643  |Info:    ------------------------------------------------------
3643  |Info:    |                Detection completed                 |
3643  |Info:    ------------------------------------------------------
3643  |Info:    Profile loading: FAILED! for Corsair K70 RGB @ HID: /dev/hidraw6
3643  |Info:    Profile loading: FAILED! for Sony DualShock 4 @ HID: /dev/hidraw7
3643  |Info:    Profile loading: Succeeded for ASUS TUF GAMING X670E-PLUS @ HID: /dev/hidraw2
