    OpenRGB v0.9
    Commit:  from 
    Launched: 20240330_123821
====================================================================================================

0     |Info:    Found file: Main.orp attempting to validate header
1     |Info:    Valid v3 profile found for Main
1014  |Info:    ------------------------------------------------------
1014  |Info:    |               Start device detection               |
1014  |Info:    ------------------------------------------------------
1015  |Info:    Initializing HID interfaces: Success
1020  |Info:    ------------------------------------------------------
1020  |Info:    |             Detecting I2C interfaces               |
1020  |Info:    ------------------------------------------------------
1020  |Info:    Registering I2C interface: /dev/i2c-3 Device 10DE:2704 Subsystem: 10DE:167A
1020  |Info:    Registering I2C interface: /dev/i2c-1 Device 10DE:2704 Subsystem: 10DE:167A
1020  |Info:    Registering I2C interface: /dev/i2c-8 Device 1022:790B Subsystem: 1043:8877
1020  |Info:    Registering I2C interface: /dev/i2c-6 Device 1022:790B Subsystem: 1043:8877
1020  |Info:    Registering I2C interface: /dev/i2c-4 Device 10DE:2704 Subsystem: 10DE:167A
1021  |Info:    Registering I2C interface: /dev/i2c-2 Device 10DE:2704 Subsystem: 10DE:167A
1021  |Info:    Registering I2C interface: /dev/i2c-0 Device 0000:0000 Subsystem: 0000:0000
1021  |Info:    Registering I2C interface: /dev/i2c-7 Device 1022:790B Subsystem: 1043:8877
1021  |Info:    Registering I2C interface: /dev/i2c-5 Device 10DE:2704 Subsystem: 10DE:167A
1021  |Info:    ------------------------------------------------------
1021  |Info:    |               Detecting I2C devices                |
1021  |Info:    ------------------------------------------------------
1967  |Info:    ------------------------------------------------------
1967  |Info:    |               Detecting I2C PCI devices            |
1967  |Info:    ------------------------------------------------------
1967  |Info:    ------------------------------------------------------
1967  |Info:    |               Detecting HID devices                |
1967  |Info:    ------------------------------------------------------
2045  |Info:    [ASUS TUF GAMING X670E-PLUS] Registering RGB controller
2045  |Info:    ------------------------------------------------------
2045  |Info:    |            Detecting libusb HID devices            |
2045  |Info:    ------------------------------------------------------
2162  |Info:    ------------------------------------------------------
2162  |Info:    |              Detecting other devices               |
2162  |Info:    ------------------------------------------------------
2169  |Info:    ------------------------------------------------------
2169  |Info:    |                Detection completed                 |
2169  |Info:    ------------------------------------------------------
2169  |Info:    Profile loading: Succeeded for ASUS TUF GAMING X670E-PLUS @ HID: /dev/hidraw3
