    OpenRGB v0.9
    Commit:  from 
    Launched: 20231021_120611
====================================================================================================

7     |Info:    Found file: Main.orp attempting to validate header
7     |Info:    Valid v3 profile found for Main
1008  |Info:    ------------------------------------------------------
1008  |Info:    |               Start device detection               |
1008  |Info:    ------------------------------------------------------
1008  |Info:    Initializing HID interfaces: Success
1022  |Info:    ------------------------------------------------------
1022  |Info:    |             Detecting I2C interfaces               |
1022  |Info:    ------------------------------------------------------
1022  |Info:    Registering I2C interface: /dev/i2c-3 Device 1022:790B Subsystem: 1043:8877
1022  |Info:    Registering I2C interface: /dev/i2c-1 Device 1022:790B Subsystem: 1043:8877
1022  |Info:    Registering I2C interface: /dev/i2c-8 Device 10DE:2704 Subsystem: 10DE:167A
1022  |Info:    Registering I2C interface: /dev/i2c-6 Device 10DE:2704 Subsystem: 10DE:167A
1022  |Info:    Registering I2C interface: /dev/i2c-4 Device 10DE:2704 Subsystem: 10DE:167A
1022  |Info:    Registering I2C interface: /dev/i2c-2 Device 1022:790B Subsystem: 1043:8877
1022  |Info:    Registering I2C interface: /dev/i2c-0 Device 0000:0000 Subsystem: 0000:0000
1022  |Info:    Registering I2C interface: /dev/i2c-7 Device 10DE:2704 Subsystem: 10DE:167A
1022  |Info:    Registering I2C interface: /dev/i2c-5 Device 10DE:2704 Subsystem: 10DE:167A
1022  |Info:    ------------------------------------------------------
1022  |Info:    |               Detecting I2C devices                |
1022  |Info:    ------------------------------------------------------
2042  |Info:    ------------------------------------------------------
2042  |Info:    |               Detecting I2C PCI devices            |
2042  |Info:    ------------------------------------------------------
2042  |Info:    ------------------------------------------------------
2042  |Info:    |               Detecting HID devices                |
2042  |Info:    ------------------------------------------------------
3531  |Info:    [Corsair K70 RGB] Registering RGB controller
3548  |Info:    [Sony DualShock 4] Registering RGB controller
3633  |Info:    [ASUS TUF GAMING X670E-PLUS] Registering RGB controller
3633  |Info:    ------------------------------------------------------
3633  |Info:    |            Detecting libusb HID devices            |
3633  |Info:    ------------------------------------------------------
3746  |Info:    ------------------------------------------------------
3746  |Info:    |              Detecting other devices               |
3746  |Info:    ------------------------------------------------------
3754  |Info:    ------------------------------------------------------
3754  |Info:    |                Detection completed                 |
3754  |Info:    ------------------------------------------------------
3754  |Info:    Profile loading: FAILED! for Corsair K70 RGB @ HID: /dev/hidraw5
3754  |Info:    Profile loading: FAILED! for Sony DualShock 4 @ HID: /dev/hidraw7
3754  |Info:    Profile loading: Succeeded for ASUS TUF GAMING X670E-PLUS @ HID: /dev/hidraw6
