    OpenRGB v0.9
    Commit:  from 
    Launched: 20240123_190622
====================================================================================================

0     |Info:    Found file: Main.orp attempting to validate header
0     |Info:    Valid v3 profile found for Main
1007  |Info:    ------------------------------------------------------
1007  |Info:    |               Start device detection               |
1007  |Info:    ------------------------------------------------------
1007  |Info:    Initializing HID interfaces: Success
1013  |Info:    ------------------------------------------------------
1013  |Info:    |             Detecting I2C interfaces               |
1013  |Info:    ------------------------------------------------------
1013  |Info:    Registering I2C interface: /dev/i2c-3 Device 10DE:2704 Subsystem: 10DE:167A
1013  |Info:    Registering I2C interface: /dev/i2c-1 Device 10DE:2704 Subsystem: 10DE:167A
1013  |Info:    Registering I2C interface: /dev/i2c-8 Device 1022:790B Subsystem: 1043:8877
1013  |Info:    Registering I2C interface: /dev/i2c-6 Device 1022:790B Subsystem: 1043:8877
1013  |Info:    Registering I2C interface: /dev/i2c-4 Device 10DE:2704 Subsystem: 10DE:167A
1013  |Info:    Registering I2C interface: /dev/i2c-2 Device 10DE:2704 Subsystem: 10DE:167A
1013  |Info:    Registering I2C interface: /dev/i2c-0 Device 0000:0000 Subsystem: 0000:0000
1013  |Info:    Registering I2C interface: /dev/i2c-7 Device 1022:790B Subsystem: 1043:8877
1014  |Info:    Registering I2C interface: /dev/i2c-5 Device 10DE:2704 Subsystem: 10DE:167A
1014  |Info:    ------------------------------------------------------
1014  |Info:    |               Detecting I2C devices                |
1014  |Info:    ------------------------------------------------------
1963  |Info:    ------------------------------------------------------
1963  |Info:    |               Detecting I2C PCI devices            |
1963  |Info:    ------------------------------------------------------
1963  |Info:    ------------------------------------------------------
1963  |Info:    |               Detecting HID devices                |
1963  |Info:    ------------------------------------------------------
8809  |Info:    [Sony DualShock 4] Registering RGB controller
8888  |Info:    [ASUS TUF GAMING X670E-PLUS] Registering RGB controller
8888  |Info:    ------------------------------------------------------
8888  |Info:    |            Detecting libusb HID devices            |
8888  |Info:    ------------------------------------------------------
9007  |Info:    ------------------------------------------------------
9007  |Info:    |              Detecting other devices               |
9007  |Info:    ------------------------------------------------------
9015  |Info:    ------------------------------------------------------
9015  |Info:    |                Detection completed                 |
9015  |Info:    ------------------------------------------------------
9015  |Info:    Profile loading: FAILED! for Sony DualShock 4 @ HID: /dev/hidraw7
9015  |Info:    Profile loading: Succeeded for ASUS TUF GAMING X670E-PLUS @ HID: /dev/hidraw2
