    OpenRGB v0.9
    Commit:  from 
    Launched: 20240202_184929
====================================================================================================

0     |Info:    Found file: Main.orp attempting to validate header
1     |Info:    Valid v3 profile found for Main
1014  |Info:    ------------------------------------------------------
1014  |Info:    |               Start device detection               |
1014  |Info:    ------------------------------------------------------
1014  |Info:    Initializing HID interfaces: Success
2719  |Info:    ------------------------------------------------------
2719  |Info:    |             Detecting I2C interfaces               |
2719  |Info:    ------------------------------------------------------
2719  |Info:    Registering I2C interface: /dev/i2c-3 Device 10DE:2704 Subsystem: 10DE:167A
2719  |Info:    Registering I2C interface: /dev/i2c-1 Device 10DE:2704 Subsystem: 10DE:167A
2719  |Info:    Registering I2C interface: /dev/i2c-8 Device 1022:790B Subsystem: 1043:8877
2719  |Info:    Registering I2C interface: /dev/i2c-6 Device 1022:790B Subsystem: 1043:8877
2719  |Info:    Registering I2C interface: /dev/i2c-4 Device 10DE:2704 Subsystem: 10DE:167A
2719  |Info:    Registering I2C interface: /dev/i2c-2 Device 10DE:2704 Subsystem: 10DE:167A
2719  |Info:    Registering I2C interface: /dev/i2c-0 Device 0000:0000 Subsystem: 0000:0000
2719  |Info:    Registering I2C interface: /dev/i2c-7 Device 1022:790B Subsystem: 1043:8877
2720  |Info:    Registering I2C interface: /dev/i2c-5 Device 10DE:2704 Subsystem: 10DE:167A
2720  |Info:    ------------------------------------------------------
2720  |Info:    |               Detecting I2C devices                |
2720  |Info:    ------------------------------------------------------
3673  |Info:    ------------------------------------------------------
3673  |Info:    |               Detecting I2C PCI devices            |
3673  |Info:    ------------------------------------------------------
3673  |Info:    ------------------------------------------------------
3673  |Info:    |               Detecting HID devices                |
3673  |Info:    ------------------------------------------------------
10574 |Info:    [Sony DualShock 4] Registering RGB controller
10653 |Info:    [ASUS TUF GAMING X670E-PLUS] Registering RGB controller
10653 |Info:    ------------------------------------------------------
10653 |Info:    |            Detecting libusb HID devices            |
10653 |Info:    ------------------------------------------------------
10770 |Info:    ------------------------------------------------------
10770 |Info:    |              Detecting other devices               |
10770 |Info:    ------------------------------------------------------
10778 |Info:    ------------------------------------------------------
10778 |Info:    |                Detection completed                 |
10778 |Info:    ------------------------------------------------------
10778 |Info:    Profile loading: FAILED! for Sony DualShock 4 @ HID: /dev/hidraw7
10778 |Info:    Profile loading: Succeeded for ASUS TUF GAMING X670E-PLUS @ HID: /dev/hidraw2
