    OpenRGB v0.9
    Commit:  from 
    Launched: 20240320_185252
====================================================================================================

0     |Info:    Found file: Main.orp attempting to validate header
0     |Info:    Valid v3 profile found for Main
1014  |Info:    ------------------------------------------------------
1014  |Info:    |               Start device detection               |
1014  |Info:    ------------------------------------------------------
1014  |Info:    Initializing HID interfaces: Success
4013  |Info:    ------------------------------------------------------
4013  |Info:    |             Detecting I2C interfaces               |
4013  |Info:    ------------------------------------------------------
4013  |Info:    Registering I2C interface: /dev/i2c-3 Device 10DE:2704 Subsystem: 10DE:167A
4013  |Info:    Registering I2C interface: /dev/i2c-1 Device 10DE:2704 Subsystem: 10DE:167A
4013  |Info:    Registering I2C interface: /dev/i2c-8 Device 1022:790B Subsystem: 1043:8877
4013  |Info:    Registering I2C interface: /dev/i2c-6 Device 1022:790B Subsystem: 1043:8877
4013  |Info:    Registering I2C interface: /dev/i2c-4 Device 10DE:2704 Subsystem: 10DE:167A
4013  |Info:    Registering I2C interface: /dev/i2c-2 Device 10DE:2704 Subsystem: 10DE:167A
4013  |Info:    Registering I2C interface: /dev/i2c-0 Device 0000:0000 Subsystem: 0000:0000
4013  |Info:    Registering I2C interface: /dev/i2c-7 Device 1022:790B Subsystem: 1043:8877
4013  |Info:    Registering I2C interface: /dev/i2c-5 Device 10DE:2704 Subsystem: 10DE:167A
4013  |Info:    ------------------------------------------------------
4013  |Info:    |               Detecting I2C devices                |
4013  |Info:    ------------------------------------------------------
4966  |Info:    ------------------------------------------------------
4966  |Info:    |               Detecting I2C PCI devices            |
4966  |Info:    ------------------------------------------------------
4966  |Info:    ------------------------------------------------------
4966  |Info:    |               Detecting HID devices                |
4966  |Info:    ------------------------------------------------------
11804 |Info:    [Sony DualShock 4] Registering RGB controller
11881 |Info:    [ASUS TUF GAMING X670E-PLUS] Registering RGB controller
11881 |Info:    ------------------------------------------------------
11881 |Info:    |            Detecting libusb HID devices            |
11881 |Info:    ------------------------------------------------------
12001 |Info:    ------------------------------------------------------
12001 |Info:    |              Detecting other devices               |
12001 |Info:    ------------------------------------------------------
12008 |Info:    ------------------------------------------------------
12008 |Info:    |                Detection completed                 |
12008 |Info:    ------------------------------------------------------
12008 |Info:    Profile loading: FAILED! for Sony DualShock 4 @ HID: /dev/hidraw12
12008 |Info:    Profile loading: Succeeded for ASUS TUF GAMING X670E-PLUS @ HID: /dev/hidraw3
