    OpenRGB v0.9
    Commit:  from 
    Launched: 20231024_220042
====================================================================================================

0     |Info:    Found file: Main.orp attempting to validate header
0     |Info:    Valid v3 profile found for Main
1004  |Info:    ------------------------------------------------------
1004  |Info:    |               Start device detection               |
1004  |Info:    ------------------------------------------------------
1004  |Info:    Initializing HID interfaces: Success
1010  |Info:    ------------------------------------------------------
1010  |Info:    |             Detecting I2C interfaces               |
1010  |Info:    ------------------------------------------------------
1011  |Info:    Registering I2C interface: /dev/i2c-3 Device 10DE:2704 Subsystem: 10DE:167A
1011  |Info:    Registering I2C interface: /dev/i2c-1 Device 10DE:2704 Subsystem: 10DE:167A
1011  |Info:    Registering I2C interface: /dev/i2c-8 Device 1022:790B Subsystem: 1043:8877
1011  |Info:    Registering I2C interface: /dev/i2c-6 Device 1022:790B Subsystem: 1043:8877
1011  |Info:    Registering I2C interface: /dev/i2c-4 Device 10DE:2704 Subsystem: 10DE:167A
1011  |Info:    Registering I2C interface: /dev/i2c-2 Device 10DE:2704 Subsystem: 10DE:167A
1011  |Info:    Registering I2C interface: /dev/i2c-0 Device 0000:0000 Subsystem: 0000:0000
1011  |Info:    Registering I2C interface: /dev/i2c-7 Device 1022:790B Subsystem: 1043:8877
1011  |Info:    Registering I2C interface: /dev/i2c-5 Device 10DE:2704 Subsystem: 10DE:167A
1011  |Info:    ------------------------------------------------------
1011  |Info:    |               Detecting I2C devices                |
1011  |Info:    ------------------------------------------------------
1956  |Info:    ------------------------------------------------------
1956  |Info:    |               Detecting I2C PCI devices            |
1956  |Info:    ------------------------------------------------------
1957  |Info:    ------------------------------------------------------
1957  |Info:    |               Detecting HID devices                |
1957  |Info:    ------------------------------------------------------
3440  |Info:    [Corsair K70 RGB] Registering RGB controller
3459  |Info:    [Sony DualShock 4] Registering RGB controller
3535  |Info:    [ASUS TUF GAMING X670E-PLUS] Registering RGB controller
3535  |Info:    ------------------------------------------------------
3535  |Info:    |            Detecting libusb HID devices            |
3535  |Info:    ------------------------------------------------------
3648  |Info:    ------------------------------------------------------
3648  |Info:    |              Detecting other devices               |
3648  |Info:    ------------------------------------------------------
3656  |Info:    ------------------------------------------------------
3656  |Info:    |                Detection completed                 |
3656  |Info:    ------------------------------------------------------
3656  |Info:    Profile loading: FAILED! for Corsair K70 RGB @ HID: /dev/hidraw6
3656  |Info:    Profile loading: FAILED! for Sony DualShock 4 @ HID: /dev/hidraw10
3656  |Info:    Profile loading: Succeeded for ASUS TUF GAMING X670E-PLUS @ HID: /dev/hidraw2
