    OpenRGB v0.9
    Commit:  from 
    Launched: 20231007_144729
====================================================================================================

7     |Info:    Found file: Main.orp attempting to validate header
7     |Info:    Valid v3 profile found for Main
1008  |Info:    ------------------------------------------------------
1008  |Info:    |               Start device detection               |
1008  |Info:    ------------------------------------------------------
1008  |Info:    Initializing HID interfaces: Success
1013  |Info:    ------------------------------------------------------
1013  |Info:    |             Detecting I2C interfaces               |
1013  |Info:    ------------------------------------------------------
1013  |Info:    Registering I2C interface: /dev/i2c-3 Device 10DE:2704 Subsystem: 10DE:167A
1013  |Info:    Registering I2C interface: /dev/i2c-1 Device 10DE:2704 Subsystem: 10DE:167A
1013  |Info:    Registering I2C interface: /dev/i2c-8 Device 1022:790B Subsystem: 1043:8877
1013  |Info:    Registering I2C interface: /dev/i2c-6 Device 1022:790B Subsystem: 1043:8877
1013  |Info:    Registering I2C interface: /dev/i2c-4 Device 10DE:2704 Subsystem: 10DE:167A
1013  |Info:    Registering I2C interface: /dev/i2c-2 Device 10DE:2704 Subsystem: 10DE:167A
1013  |Info:    Registering I2C interface: /dev/i2c-0 Device 0000:0000 Subsystem: 0000:0000
1014  |Info:    Registering I2C interface: /dev/i2c-7 Device 1022:790B Subsystem: 1043:8877
1014  |Info:    Registering I2C interface: /dev/i2c-5 Device 10DE:2704 Subsystem: 10DE:167A
1014  |Info:    ------------------------------------------------------
1014  |Info:    |               Detecting I2C devices                |
1014  |Info:    ------------------------------------------------------
1952  |Info:    ------------------------------------------------------
1952  |Info:    |               Detecting I2C PCI devices            |
1952  |Info:    ------------------------------------------------------
1952  |Info:    ------------------------------------------------------
1952  |Info:    |               Detecting HID devices                |
1952  |Info:    ------------------------------------------------------
3430  |Info:    [Corsair K70 RGB] Registering RGB controller
3448  |Info:    [Sony DualShock 4] Registering RGB controller
3523  |Info:    [ASUS TUF GAMING X670E-PLUS] Registering RGB controller
3523  |Info:    ------------------------------------------------------
3523  |Info:    |            Detecting libusb HID devices            |
3523  |Info:    ------------------------------------------------------
3635  |Info:    ------------------------------------------------------
3635  |Info:    |              Detecting other devices               |
3635  |Info:    ------------------------------------------------------
3644  |Info:    ------------------------------------------------------
3644  |Info:    |                Detection completed                 |
3644  |Info:    ------------------------------------------------------
3644  |Info:    Profile loading: FAILED! for Corsair K70 RGB @ HID: /dev/hidraw6
3644  |Info:    Profile loading: FAILED! for Sony DualShock 4 @ HID: /dev/hidraw8
3644  |Info:    Profile loading: Succeeded for ASUS TUF GAMING X670E-PLUS @ HID: /dev/hidraw2
