    OpenRGB v0.9
    Commit:  from 
    Launched: 20240209_190732
====================================================================================================

0     |Info:    Found file: Main.orp attempting to validate header
0     |Info:    Valid v3 profile found for Main
1014  |Info:    ------------------------------------------------------
1014  |Info:    |               Start device detection               |
1014  |Info:    ------------------------------------------------------
1014  |Info:    Initializing HID interfaces: Success
2322  |Info:    ------------------------------------------------------
2322  |Info:    |             Detecting I2C interfaces               |
2322  |Info:    ------------------------------------------------------
2322  |Info:    Registering I2C interface: /dev/i2c-3 Device 10DE:2704 Subsystem: 10DE:167A
2322  |Info:    Registering I2C interface: /dev/i2c-1 Device 10DE:2704 Subsystem: 10DE:167A
2322  |Info:    Registering I2C interface: /dev/i2c-8 Device 1022:790B Subsystem: 1043:8877
2322  |Info:    Registering I2C interface: /dev/i2c-6 Device 1022:790B Subsystem: 1043:8877
2322  |Info:    Registering I2C interface: /dev/i2c-4 Device 10DE:2704 Subsystem: 10DE:167A
2322  |Info:    Registering I2C interface: /dev/i2c-2 Device 10DE:2704 Subsystem: 10DE:167A
2322  |Info:    Registering I2C interface: /dev/i2c-0 Device 0000:0000 Subsystem: 0000:0000
2322  |Info:    Registering I2C interface: /dev/i2c-7 Device 1022:790B Subsystem: 1043:8877
2322  |Info:    Registering I2C interface: /dev/i2c-5 Device 10DE:2704 Subsystem: 10DE:167A
2322  |Info:    ------------------------------------------------------
2322  |Info:    |               Detecting I2C devices                |
2322  |Info:    ------------------------------------------------------
3271  |Info:    ------------------------------------------------------
3271  |Info:    |               Detecting I2C PCI devices            |
3271  |Info:    ------------------------------------------------------
3271  |Info:    ------------------------------------------------------
3271  |Info:    |               Detecting HID devices                |
3271  |Info:    ------------------------------------------------------
10184 |Info:    [Sony DualShock 4] Registering RGB controller
10260 |Info:    [ASUS TUF GAMING X670E-PLUS] Registering RGB controller
10260 |Info:    ------------------------------------------------------
10260 |Info:    |            Detecting libusb HID devices            |
10260 |Info:    ------------------------------------------------------
10379 |Info:    ------------------------------------------------------
10379 |Info:    |              Detecting other devices               |
10379 |Info:    ------------------------------------------------------
10387 |Info:    ------------------------------------------------------
10387 |Info:    |                Detection completed                 |
10387 |Info:    ------------------------------------------------------
10387 |Info:    Profile loading: FAILED! for Sony DualShock 4 @ HID: /dev/hidraw7
10387 |Info:    Profile loading: Succeeded for ASUS TUF GAMING X670E-PLUS @ HID: /dev/hidraw2
