    OpenRGB v0.9
    Commit:  from 
    Launched: 20240221_170452
====================================================================================================

0     |Info:    Found file: Main.orp attempting to validate header
0     |Info:    Valid v3 profile found for Main
1015  |Info:    ------------------------------------------------------
1015  |Info:    |               Start device detection               |
1015  |Info:    ------------------------------------------------------
1015  |Info:    Initializing HID interfaces: Success
3345  |Info:    ------------------------------------------------------
3345  |Info:    |             Detecting I2C interfaces               |
3345  |Info:    ------------------------------------------------------
3345  |Info:    Registering I2C interface: /dev/i2c-3 Device 10DE:2704 Subsystem: 10DE:167A
3345  |Info:    Registering I2C interface: /dev/i2c-1 Device 10DE:2704 Subsystem: 10DE:167A
3345  |Info:    Registering I2C interface: /dev/i2c-8 Device 1022:790B Subsystem: 1043:8877
3345  |Info:    Registering I2C interface: /dev/i2c-6 Device 1022:790B Subsystem: 1043:8877
3346  |Info:    Registering I2C interface: /dev/i2c-4 Device 10DE:2704 Subsystem: 10DE:167A
3346  |Info:    Registering I2C interface: /dev/i2c-2 Device 10DE:2704 Subsystem: 10DE:167A
3346  |Info:    Registering I2C interface: /dev/i2c-0 Device 0000:0000 Subsystem: 0000:0000
3346  |Info:    Registering I2C interface: /dev/i2c-7 Device 1022:790B Subsystem: 1043:8877
3346  |Info:    Registering I2C interface: /dev/i2c-5 Device 10DE:2704 Subsystem: 10DE:167A
3346  |Info:    ------------------------------------------------------
3346  |Info:    |               Detecting I2C devices                |
3346  |Info:    ------------------------------------------------------
4294  |Info:    ------------------------------------------------------
4294  |Info:    |               Detecting I2C PCI devices            |
4294  |Info:    ------------------------------------------------------
4295  |Info:    ------------------------------------------------------
4295  |Info:    |               Detecting HID devices                |
4295  |Info:    ------------------------------------------------------
11204 |Info:    [Sony DualShock 4] Registering RGB controller
11284 |Info:    [ASUS TUF GAMING X670E-PLUS] Registering RGB controller
11284 |Info:    ------------------------------------------------------
11284 |Info:    |            Detecting libusb HID devices            |
11284 |Info:    ------------------------------------------------------
11402 |Info:    ------------------------------------------------------
11402 |Info:    |              Detecting other devices               |
11402 |Info:    ------------------------------------------------------
11410 |Info:    ------------------------------------------------------
11410 |Info:    |                Detection completed                 |
11410 |Info:    ------------------------------------------------------
11411 |Info:    Profile loading: FAILED! for Sony DualShock 4 @ HID: /dev/hidraw8
11411 |Info:    Profile loading: Succeeded for ASUS TUF GAMING X670E-PLUS @ HID: /dev/hidraw3
