    OpenRGB v0.9
    Commit:  from 
    Launched: 20230917_123406
====================================================================================================

0     |Info:    Found file: Main.orp attempting to validate header
0     |Info:    Valid v3 profile found for Main
1004  |Info:    ------------------------------------------------------
1004  |Info:    |               Start device detection               |
1004  |Info:    ------------------------------------------------------
1004  |Info:    Initializing HID interfaces: Success
5932  |Info:    ------------------------------------------------------
5932  |Info:    |             Detecting I2C interfaces               |
5932  |Info:    ------------------------------------------------------
5932  |Info:    Registering I2C interface: /dev/i2c-3 Device 1022:790B Subsystem: 1043:8877
5932  |Info:    Registering I2C interface: /dev/i2c-1 Device 1022:790B Subsystem: 1043:8877
5932  |Info:    Registering I2C interface: /dev/i2c-8 Device 10DE:2704 Subsystem: 10DE:167A
5932  |Info:    Registering I2C interface: /dev/i2c-6 Device 10DE:2704 Subsystem: 10DE:167A
5932  |Info:    Registering I2C interface: /dev/i2c-4 Device 10DE:2704 Subsystem: 10DE:167A
5932  |Info:    Registering I2C interface: /dev/i2c-2 Device 1022:790B Subsystem: 1043:8877
5933  |Info:    Registering I2C interface: /dev/i2c-0 Device 0000:0000 Subsystem: 0000:0000
5933  |Info:    Registering I2C interface: /dev/i2c-7 Device 10DE:2704 Subsystem: 10DE:167A
5933  |Info:    Registering I2C interface: /dev/i2c-5 Device 10DE:2704 Subsystem: 10DE:167A
5933  |Info:    ------------------------------------------------------
5933  |Info:    |               Detecting I2C devices                |
5933  |Info:    ------------------------------------------------------
6892  |Info:    ------------------------------------------------------
6892  |Info:    |               Detecting I2C PCI devices            |
6892  |Info:    ------------------------------------------------------
6893  |Info:    ------------------------------------------------------
6893  |Info:    |               Detecting HID devices                |
6893  |Info:    ------------------------------------------------------
8371  |Info:    [Corsair K70 RGB] Registering RGB controller
8446  |Info:    [ASUS TUF GAMING X670E-PLUS] Registering RGB controller
8446  |Info:    ------------------------------------------------------
8446  |Info:    |            Detecting libusb HID devices            |
8446  |Info:    ------------------------------------------------------
8549  |Info:    ------------------------------------------------------
8549  |Info:    |              Detecting other devices               |
8549  |Info:    ------------------------------------------------------
8556  |Info:    ------------------------------------------------------
8556  |Info:    |                Detection completed                 |
8556  |Info:    ------------------------------------------------------
8556  |Info:    Profile loading: FAILED! for Corsair K70 RGB @ HID: /dev/hidraw6
8556  |Info:    Profile loading: Succeeded for ASUS TUF GAMING X670E-PLUS @ HID: /dev/hidraw2
