    OpenRGB v0.9
    Commit:  from 
    Launched: 20240121_230937
====================================================================================================

0     |Info:    Found file: Main.orp attempting to validate header
0     |Info:    Valid v3 profile found for Main
1001  |Info:    ------------------------------------------------------
1001  |Info:    |               Start device detection               |
1001  |Info:    ------------------------------------------------------
1001  |Info:    Initializing HID interfaces: Success
1006  |Info:    ------------------------------------------------------
1006  |Info:    |             Detecting I2C interfaces               |
1006  |Info:    ------------------------------------------------------
1006  |Info:    Registering I2C interface: /dev/i2c-3 Device 10DE:2704 Subsystem: 10DE:167A
1006  |Info:    Registering I2C interface: /dev/i2c-1 Device 10DE:2704 Subsystem: 10DE:167A
1006  |Info:    Registering I2C interface: /dev/i2c-8 Device 1022:790B Subsystem: 1043:8877
1006  |Info:    Registering I2C interface: /dev/i2c-6 Device 1022:790B Subsystem: 1043:8877
1006  |Info:    Registering I2C interface: /dev/i2c-4 Device 10DE:2704 Subsystem: 10DE:167A
1006  |Info:    Registering I2C interface: /dev/i2c-2 Device 10DE:2704 Subsystem: 10DE:167A
1006  |Info:    Registering I2C interface: /dev/i2c-0 Device 0000:0000 Subsystem: 0000:0000
1006  |Info:    Registering I2C interface: /dev/i2c-7 Device 1022:790B Subsystem: 1043:8877
1006  |Info:    Registering I2C interface: /dev/i2c-5 Device 10DE:2704 Subsystem: 10DE:167A
1006  |Info:    ------------------------------------------------------
1006  |Info:    |               Detecting I2C devices                |
1006  |Info:    ------------------------------------------------------
1946  |Info:    ------------------------------------------------------
1946  |Info:    |               Detecting I2C PCI devices            |
1946  |Info:    ------------------------------------------------------
1946  |Info:    ------------------------------------------------------
1946  |Info:    |               Detecting HID devices                |
1946  |Info:    ------------------------------------------------------
8828  |Info:    [Sony DualShock 4] Registering RGB controller
8904  |Info:    [ASUS TUF GAMING X670E-PLUS] Registering RGB controller
8904  |Info:    ------------------------------------------------------
8904  |Info:    |            Detecting libusb HID devices            |
8904  |Info:    ------------------------------------------------------
9015  |Info:    ------------------------------------------------------
9015  |Info:    |              Detecting other devices               |
9015  |Info:    ------------------------------------------------------
9022  |Info:    ------------------------------------------------------
9022  |Info:    |                Detection completed                 |
9022  |Info:    ------------------------------------------------------
9022  |Info:    Profile loading: FAILED! for Sony DualShock 4 @ HID: /dev/hidraw11
9022  |Info:    Profile loading: Succeeded for ASUS TUF GAMING X670E-PLUS @ HID: /dev/hidraw2
