    OpenRGB v0.9
    Commit:  from 
    Launched: 20231116_194319
====================================================================================================

0     |Info:    Found file: Main.orp attempting to validate header
0     |Info:    Valid v3 profile found for Main
1004  |Info:    ------------------------------------------------------
1004  |Info:    |               Start device detection               |
1004  |Info:    ------------------------------------------------------
1005  |Info:    Initializing HID interfaces: Success
1589  |Info:    ------------------------------------------------------
1589  |Info:    |             Detecting I2C interfaces               |
1589  |Info:    ------------------------------------------------------
1589  |Info:    Registering I2C interface: /dev/i2c-3 Device 10DE:2704 Subsystem: 10DE:167A
1589  |Info:    Registering I2C interface: /dev/i2c-1 Device 10DE:2704 Subsystem: 10DE:167A
1589  |Info:    Registering I2C interface: /dev/i2c-8 Device 1022:790B Subsystem: 1043:8877
1590  |Info:    Registering I2C interface: /dev/i2c-6 Device 1022:790B Subsystem: 1043:8877
1590  |Info:    Registering I2C interface: /dev/i2c-4 Device 10DE:2704 Subsystem: 10DE:167A
1590  |Info:    Registering I2C interface: /dev/i2c-2 Device 10DE:2704 Subsystem: 10DE:167A
1590  |Info:    Registering I2C interface: /dev/i2c-0 Device 0000:0000 Subsystem: 0000:0000
1590  |Info:    Registering I2C interface: /dev/i2c-7 Device 1022:790B Subsystem: 1043:8877
1590  |Info:    Registering I2C interface: /dev/i2c-5 Device 10DE:2704 Subsystem: 10DE:167A
1590  |Info:    ------------------------------------------------------
1590  |Info:    |               Detecting I2C devices                |
1590  |Info:    ------------------------------------------------------
2540  |Info:    ------------------------------------------------------
2540  |Info:    |               Detecting I2C PCI devices            |
2540  |Info:    ------------------------------------------------------
2540  |Info:    ------------------------------------------------------
2540  |Info:    |               Detecting HID devices                |
2540  |Info:    ------------------------------------------------------
4024  |Info:    [Corsair K70 RGB] Registering RGB controller
4044  |Info:    [Sony DualShock 4] Registering RGB controller
4120  |Info:    [ASUS TUF GAMING X670E-PLUS] Registering RGB controller
4120  |Info:    ------------------------------------------------------
4120  |Info:    |            Detecting libusb HID devices            |
4120  |Info:    ------------------------------------------------------
4233  |Info:    ------------------------------------------------------
4233  |Info:    |              Detecting other devices               |
4233  |Info:    ------------------------------------------------------
4242  |Info:    ------------------------------------------------------
4242  |Info:    |                Detection completed                 |
4242  |Info:    ------------------------------------------------------
4242  |Info:    Profile loading: FAILED! for Corsair K70 RGB @ HID: /dev/hidraw6
4242  |Info:    Profile loading: FAILED! for Sony DualShock 4 @ HID: /dev/hidraw11
4242  |Info:    Profile loading: Succeeded for ASUS TUF GAMING X670E-PLUS @ HID: /dev/hidraw2
