    OpenRGB v0.9
    Commit:  from 
    Launched: 20231022_221829
====================================================================================================

0     |Info:    Found file: Main.orp attempting to validate header
0     |Info:    Valid v3 profile found for Main
1011  |Info:    ------------------------------------------------------
1011  |Info:    |               Start device detection               |
1011  |Info:    ------------------------------------------------------
1012  |Info:    Initializing HID interfaces: Success
3848  |Info:    ------------------------------------------------------
3848  |Info:    |             Detecting I2C interfaces               |
3848  |Info:    ------------------------------------------------------
3848  |Info:    Registering I2C interface: /dev/i2c-3 Device 10DE:2704 Subsystem: 10DE:167A
3848  |Info:    Registering I2C interface: /dev/i2c-1 Device 10DE:2704 Subsystem: 10DE:167A
3848  |Info:    Registering I2C interface: /dev/i2c-8 Device 1022:790B Subsystem: 1043:8877
3848  |Info:    Registering I2C interface: /dev/i2c-6 Device 1022:790B Subsystem: 1043:8877
3848  |Info:    Registering I2C interface: /dev/i2c-4 Device 10DE:2704 Subsystem: 10DE:167A
3848  |Info:    Registering I2C interface: /dev/i2c-2 Device 10DE:2704 Subsystem: 10DE:167A
3848  |Info:    Registering I2C interface: /dev/i2c-0 Device 0000:0000 Subsystem: 0000:0000
3848  |Info:    Registering I2C interface: /dev/i2c-7 Device 1022:790B Subsystem: 1043:8877
3848  |Info:    Registering I2C interface: /dev/i2c-5 Device 10DE:2704 Subsystem: 10DE:167A
3848  |Info:    ------------------------------------------------------
3848  |Info:    |               Detecting I2C devices                |
3848  |Info:    ------------------------------------------------------
4808  |Info:    ------------------------------------------------------
4808  |Info:    |               Detecting I2C PCI devices            |
4808  |Info:    ------------------------------------------------------
4809  |Info:    ------------------------------------------------------
4809  |Info:    |               Detecting HID devices                |
4809  |Info:    ------------------------------------------------------
6291  |Info:    [Corsair K70 RGB] Registering RGB controller
6309  |Info:    [Sony DualShock 4] Registering RGB controller
6386  |Info:    [ASUS TUF GAMING X670E-PLUS] Registering RGB controller
6386  |Info:    ------------------------------------------------------
6386  |Info:    |            Detecting libusb HID devices            |
6386  |Info:    ------------------------------------------------------
6500  |Info:    ------------------------------------------------------
6500  |Info:    |              Detecting other devices               |
6500  |Info:    ------------------------------------------------------
6508  |Info:    ------------------------------------------------------
6508  |Info:    |                Detection completed                 |
6508  |Info:    ------------------------------------------------------
6509  |Info:    Profile loading: FAILED! for Corsair K70 RGB @ HID: /dev/hidraw6
6509  |Info:    Profile loading: FAILED! for Sony DualShock 4 @ HID: /dev/hidraw7
6509  |Info:    Profile loading: Succeeded for ASUS TUF GAMING X670E-PLUS @ HID: /dev/hidraw2
