    OpenRGB v0.9
    Commit:  from 
    Launched: 20230814_191406
====================================================================================================

0     |Info:    Found file: Main.orp attempting to validate header
1     |Info:    Valid v3 profile found for Main
1009  |Info:    ------------------------------------------------------
1009  |Info:    |               Start device detection               |
1009  |Info:    ------------------------------------------------------
1009  |Info:    Initializing HID interfaces: Success
1013  |Info:    ------------------------------------------------------
1013  |Info:    |             Detecting I2C interfaces               |
1013  |Info:    ------------------------------------------------------
1014  |Info:    Registering I2C interface: /dev/i2c-3 Device 10DE:2704 Subsystem: 10DE:167A
1014  |Info:    Registering I2C interface: /dev/i2c-1 Device 10DE:2704 Subsystem: 10DE:167A
1014  |Info:    Registering I2C interface: /dev/i2c-8 Device 1022:790B Subsystem: 1043:8877
1014  |Info:    Registering I2C interface: /dev/i2c-6 Device 1022:790B Subsystem: 1043:8877
1014  |Info:    Registering I2C interface: /dev/i2c-4 Device 10DE:2704 Subsystem: 10DE:167A
1014  |Info:    Registering I2C interface: /dev/i2c-2 Device 10DE:2704 Subsystem: 10DE:167A
1014  |Info:    Registering I2C interface: /dev/i2c-0 Device 0000:0000 Subsystem: 0000:0000
1014  |Info:    Registering I2C interface: /dev/i2c-7 Device 1022:790B Subsystem: 1043:8877
1014  |Info:    Registering I2C interface: /dev/i2c-5 Device 10DE:2704 Subsystem: 10DE:167A
1014  |Info:    ------------------------------------------------------
1014  |Info:    |               Detecting I2C devices                |
1014  |Info:    ------------------------------------------------------
1960  |Info:    ------------------------------------------------------
1960  |Info:    |               Detecting I2C PCI devices            |
1960  |Info:    ------------------------------------------------------
1960  |Info:    ------------------------------------------------------
1960  |Info:    |               Detecting HID devices                |
1960  |Info:    ------------------------------------------------------
2043  |Info:    [ASUS TUF GAMING X670E-PLUS] Registering RGB controller
2043  |Info:    ------------------------------------------------------
2043  |Info:    |            Detecting libusb HID devices            |
2043  |Info:    ------------------------------------------------------
2144  |Info:    ------------------------------------------------------
2144  |Info:    |              Detecting other devices               |
2144  |Info:    ------------------------------------------------------
2153  |Info:    ------------------------------------------------------
2153  |Info:    |                Detection completed                 |
2153  |Info:    ------------------------------------------------------
2153  |Info:    Profile loading: Succeeded for ASUS TUF GAMING X670E-PLUS @ HID: /dev/hidraw2
