    OpenRGB v0.9
    Commit:  from 
    Launched: 20230806_122443
====================================================================================================

0     |Info:    Found file: Main.orp attempting to validate header
0     |Info:    Valid v3 profile found for Main
1013  |Info:    ------------------------------------------------------
1013  |Info:    |               Start device detection               |
1013  |Info:    ------------------------------------------------------
1013  |Info:    Initializing HID interfaces: Success
1015  |Info:    ------------------------------------------------------
1015  |Info:    |             Detecting I2C interfaces               |
1015  |Info:    ------------------------------------------------------
1015  |Info:    Registering I2C interface: /dev/i2c-3 Device 10DE:2704 Subsystem: 10DE:167A
1015  |Info:    Registering I2C interface: /dev/i2c-10 Device 1002:164E Subsystem: 1043:8877
1015  |Info:    Registering I2C interface: /dev/i2c-1 Device 10DE:2704 Subsystem: 10DE:167A
1015  |Info:    Registering I2C interface: /dev/i2c-8 Device 1022:790B Subsystem: 1043:8877
1015  |Info:    Registering I2C interface: /dev/i2c-6 Device 1022:790B Subsystem: 1043:8877
1015  |Info:    Registering I2C interface: /dev/i2c-4 Device 10DE:2704 Subsystem: 10DE:167A
1016  |Warning: [i2c_smbus_linux] Failed to read i2c device PCI device ID
1016  |Info:    Registering I2C interface: /dev/i2c-11 Device 0000:0000 Subsystem: 0000:0000
1016  |Info:    Registering I2C interface: /dev/i2c-2 Device 10DE:2704 Subsystem: 10DE:167A
1016  |Info:    Registering I2C interface: /dev/i2c-0 Device 0000:0000 Subsystem: 0000:0000
1016  |Info:    Registering I2C interface: /dev/i2c-9 Device 1002:164E Subsystem: 1043:8877
1016  |Info:    Registering I2C interface: /dev/i2c-7 Device 1022:790B Subsystem: 1043:8877
1016  |Info:    Registering I2C interface: /dev/i2c-5 Device 10DE:2704 Subsystem: 10DE:167A
1016  |Info:    ------------------------------------------------------
1016  |Info:    |               Detecting I2C devices                |
1016  |Info:    ------------------------------------------------------
1966  |Info:    ------------------------------------------------------
1966  |Info:    |               Detecting I2C PCI devices            |
1966  |Info:    ------------------------------------------------------
1966  |Info:    ------------------------------------------------------
1966  |Info:    |               Detecting HID devices                |
1966  |Info:    ------------------------------------------------------
2050  |Info:    [ASUS TUF GAMING X670E-PLUS] Registering RGB controller
2050  |Info:    ------------------------------------------------------
2050  |Info:    |            Detecting libusb HID devices            |
2050  |Info:    ------------------------------------------------------
2148  |Info:    ------------------------------------------------------
2148  |Info:    |              Detecting other devices               |
2148  |Info:    ------------------------------------------------------
2153  |Info:    ------------------------------------------------------
2153  |Info:    |                Detection completed                 |
2153  |Info:    ------------------------------------------------------
2153  |Info:    Profile loading: Succeeded for ASUS TUF GAMING X670E-PLUS @ HID: /dev/hidraw2
