    OpenRGB v0.9
    Commit:  from 
    Launched: 20240219_095716
====================================================================================================

0     |Info:    Found file: Main.orp attempting to validate header
0     |Info:    Valid v3 profile found for Main
1014  |Info:    ------------------------------------------------------
1014  |Info:    |               Start device detection               |
1014  |Info:    ------------------------------------------------------
1014  |Info:    Initializing HID interfaces: Success
4697  |Info:    ------------------------------------------------------
4697  |Info:    |             Detecting I2C interfaces               |
4697  |Info:    ------------------------------------------------------
4697  |Info:    Registering I2C interface: /dev/i2c-3 Device 10DE:2704 Subsystem: 10DE:167A
4697  |Info:    Registering I2C interface: /dev/i2c-1 Device 10DE:2704 Subsystem: 10DE:167A
4697  |Info:    Registering I2C interface: /dev/i2c-8 Device 1022:790B Subsystem: 1043:8877
4697  |Info:    Registering I2C interface: /dev/i2c-6 Device 1022:790B Subsystem: 1043:8877
4697  |Info:    Registering I2C interface: /dev/i2c-4 Device 10DE:2704 Subsystem: 10DE:167A
4697  |Info:    Registering I2C interface: /dev/i2c-2 Device 10DE:2704 Subsystem: 10DE:167A
4698  |Info:    Registering I2C interface: /dev/i2c-0 Device 0000:0000 Subsystem: 0000:0000
4698  |Info:    Registering I2C interface: /dev/i2c-7 Device 1022:790B Subsystem: 1043:8877
4698  |Info:    Registering I2C interface: /dev/i2c-5 Device 10DE:2704 Subsystem: 10DE:167A
4698  |Info:    ------------------------------------------------------
4698  |Info:    |               Detecting I2C devices                |
4698  |Info:    ------------------------------------------------------
5642  |Info:    ------------------------------------------------------
5642  |Info:    |               Detecting I2C PCI devices            |
5642  |Info:    ------------------------------------------------------
5642  |Info:    ------------------------------------------------------
5642  |Info:    |               Detecting HID devices                |
5642  |Info:    ------------------------------------------------------
12500 |Info:    [Sony DualShock 4] Registering RGB controller
12576 |Info:    [ASUS TUF GAMING X670E-PLUS] Registering RGB controller
12576 |Info:    ------------------------------------------------------
12576 |Info:    |            Detecting libusb HID devices            |
12576 |Info:    ------------------------------------------------------
12695 |Info:    ------------------------------------------------------
12695 |Info:    |              Detecting other devices               |
12695 |Info:    ------------------------------------------------------
12703 |Info:    ------------------------------------------------------
12703 |Info:    |                Detection completed                 |
12703 |Info:    ------------------------------------------------------
12703 |Info:    Profile loading: FAILED! for Sony DualShock 4 @ HID: /dev/hidraw11
12703 |Info:    Profile loading: Succeeded for ASUS TUF GAMING X670E-PLUS @ HID: /dev/hidraw2
