    OpenRGB v0.9
    Commit:  from 
    Launched: 20231212_191430
====================================================================================================

0     |Info:    Found file: Main.orp attempting to validate header
0     |Info:    Valid v3 profile found for Main
1011  |Info:    ------------------------------------------------------
1011  |Info:    |               Start device detection               |
1011  |Info:    ------------------------------------------------------
1011  |Info:    Initializing HID interfaces: Success
1017  |Info:    ------------------------------------------------------
1017  |Info:    |             Detecting I2C interfaces               |
1017  |Info:    ------------------------------------------------------
1017  |Info:    Registering I2C interface: /dev/i2c-3 Device 10DE:2704 Subsystem: 10DE:167A
1017  |Info:    Registering I2C interface: /dev/i2c-1 Device 10DE:2704 Subsystem: 10DE:167A
1017  |Info:    Registering I2C interface: /dev/i2c-8 Device 1022:790B Subsystem: 1043:8877
1017  |Info:    Registering I2C interface: /dev/i2c-6 Device 1022:790B Subsystem: 1043:8877
1017  |Info:    Registering I2C interface: /dev/i2c-4 Device 10DE:2704 Subsystem: 10DE:167A
1017  |Info:    Registering I2C interface: /dev/i2c-2 Device 10DE:2704 Subsystem: 10DE:167A
1017  |Info:    Registering I2C interface: /dev/i2c-0 Device 0000:0000 Subsystem: 0000:0000
1017  |Info:    Registering I2C interface: /dev/i2c-7 Device 1022:790B Subsystem: 1043:8877
1017  |Info:    Registering I2C interface: /dev/i2c-5 Device 10DE:2704 Subsystem: 10DE:167A
1017  |Info:    ------------------------------------------------------
1017  |Info:    |               Detecting I2C devices                |
1017  |Info:    ------------------------------------------------------
1964  |Info:    ------------------------------------------------------
1964  |Info:    |               Detecting I2C PCI devices            |
1964  |Info:    ------------------------------------------------------
1965  |Info:    ------------------------------------------------------
1965  |Info:    |               Detecting HID devices                |
1965  |Info:    ------------------------------------------------------
8700  |Info:    [Sony DualShock 4] Registering RGB controller
8785  |Info:    [ASUS TUF GAMING X670E-PLUS] Registering RGB controller
8785  |Info:    ------------------------------------------------------
8785  |Info:    |            Detecting libusb HID devices            |
8785  |Info:    ------------------------------------------------------
8905  |Info:    ------------------------------------------------------
8905  |Info:    |              Detecting other devices               |
8905  |Info:    ------------------------------------------------------
8912  |Info:    ------------------------------------------------------
8912  |Info:    |                Detection completed                 |
8912  |Info:    ------------------------------------------------------
8912  |Info:    Profile loading: FAILED! for Sony DualShock 4 @ HID: /dev/hidraw11
8912  |Info:    Profile loading: Succeeded for ASUS TUF GAMING X670E-PLUS @ HID: /dev/hidraw2
