    OpenRGB v0.9
    Commit:  from 
    Launched: 20240112_182632
====================================================================================================

0     |Info:    Found file: Main.orp attempting to validate header
0     |Info:    Valid v3 profile found for Main
1006  |Info:    ------------------------------------------------------
1006  |Info:    |               Start device detection               |
1006  |Info:    ------------------------------------------------------
1006  |Info:    Initializing HID interfaces: Success
1011  |Info:    ------------------------------------------------------
1011  |Info:    |             Detecting I2C interfaces               |
1011  |Info:    ------------------------------------------------------
1011  |Info:    Registering I2C interface: /dev/i2c-3 Device 10DE:2704 Subsystem: 10DE:167A
1011  |Info:    Registering I2C interface: /dev/i2c-1 Device 10DE:2704 Subsystem: 10DE:167A
1012  |Info:    Registering I2C interface: /dev/i2c-8 Device 1022:790B Subsystem: 1043:8877
1012  |Info:    Registering I2C interface: /dev/i2c-6 Device 1022:790B Subsystem: 1043:8877
1012  |Info:    Registering I2C interface: /dev/i2c-4 Device 10DE:2704 Subsystem: 10DE:167A
1012  |Info:    Registering I2C interface: /dev/i2c-2 Device 10DE:2704 Subsystem: 10DE:167A
1012  |Info:    Registering I2C interface: /dev/i2c-0 Device 0000:0000 Subsystem: 0000:0000
1012  |Info:    Registering I2C interface: /dev/i2c-7 Device 1022:790B Subsystem: 1043:8877
1012  |Info:    Registering I2C interface: /dev/i2c-5 Device 10DE:2704 Subsystem: 10DE:167A
1012  |Info:    ------------------------------------------------------
1012  |Info:    |               Detecting I2C devices                |
1012  |Info:    ------------------------------------------------------
1958  |Info:    ------------------------------------------------------
1958  |Info:    |               Detecting I2C PCI devices            |
1958  |Info:    ------------------------------------------------------
1958  |Info:    ------------------------------------------------------
1958  |Info:    |               Detecting HID devices                |
1958  |Info:    ------------------------------------------------------
10975 |Info:    [ASUS TUF GAMING X670E-PLUS] Registering RGB controller
10975 |Info:    ------------------------------------------------------
10975 |Info:    |            Detecting libusb HID devices            |
10975 |Info:    ------------------------------------------------------
11872 |Info:    ------------------------------------------------------
11872 |Info:    |              Detecting other devices               |
11872 |Info:    ------------------------------------------------------
11888 |Info:    ------------------------------------------------------
11889 |Info:    |                Detection completed                 |
11889 |Info:    ------------------------------------------------------
11889 |Info:    Profile loading: Succeeded for ASUS TUF GAMING X670E-PLUS @ HID: /dev/hidraw3
