    OpenRGB v0.9
    Commit:  from 
    Launched: 20240213_194522
====================================================================================================

0     |Info:    Found file: Main.orp attempting to validate header
0     |Info:    Valid v3 profile found for Main
1007  |Info:    ------------------------------------------------------
1007  |Info:    |               Start device detection               |
1007  |Info:    ------------------------------------------------------
1007  |Info:    Initializing HID interfaces: Success
6101  |Info:    ------------------------------------------------------
6101  |Info:    |             Detecting I2C interfaces               |
6101  |Info:    ------------------------------------------------------
6101  |Info:    Registering I2C interface: /dev/i2c-3 Device 10DE:2704 Subsystem: 10DE:167A
6101  |Info:    Registering I2C interface: /dev/i2c-1 Device 10DE:2704 Subsystem: 10DE:167A
6101  |Info:    Registering I2C interface: /dev/i2c-8 Device 1022:790B Subsystem: 1043:8877
6101  |Info:    Registering I2C interface: /dev/i2c-6 Device 1022:790B Subsystem: 1043:8877
6101  |Info:    Registering I2C interface: /dev/i2c-4 Device 10DE:2704 Subsystem: 10DE:167A
6101  |Info:    Registering I2C interface: /dev/i2c-2 Device 10DE:2704 Subsystem: 10DE:167A
6101  |Info:    Registering I2C interface: /dev/i2c-0 Device 0000:0000 Subsystem: 0000:0000
6101  |Info:    Registering I2C interface: /dev/i2c-7 Device 1022:790B Subsystem: 1043:8877
6101  |Info:    Registering I2C interface: /dev/i2c-5 Device 10DE:2704 Subsystem: 10DE:167A
6101  |Info:    ------------------------------------------------------
6101  |Info:    |               Detecting I2C devices                |
6101  |Info:    ------------------------------------------------------
7057  |Info:    ------------------------------------------------------
7057  |Info:    |               Detecting I2C PCI devices            |
7057  |Info:    ------------------------------------------------------
7057  |Info:    ------------------------------------------------------
7057  |Info:    |               Detecting HID devices                |
7057  |Info:    ------------------------------------------------------
13899 |Info:    [Sony DualShock 4] Registering RGB controller
13984 |Info:    [ASUS TUF GAMING X670E-PLUS] Registering RGB controller
13984 |Info:    ------------------------------------------------------
13984 |Info:    |            Detecting libusb HID devices            |
13984 |Info:    ------------------------------------------------------
14096 |Info:    ------------------------------------------------------
14096 |Info:    |              Detecting other devices               |
14096 |Info:    ------------------------------------------------------
14104 |Info:    ------------------------------------------------------
14104 |Info:    |                Detection completed                 |
14104 |Info:    ------------------------------------------------------
14104 |Info:    Profile loading: FAILED! for Sony DualShock 4 @ HID: /dev/hidraw7
14104 |Info:    Profile loading: Succeeded for ASUS TUF GAMING X670E-PLUS @ HID: /dev/hidraw2
