    OpenRGB v0.9
    Commit:  from 
    Launched: 20230922_104234
====================================================================================================

0     |Info:    Found file: Main.orp attempting to validate header
0     |Info:    Valid v3 profile found for Main
1011  |Info:    ------------------------------------------------------
1011  |Info:    |               Start device detection               |
1011  |Info:    ------------------------------------------------------
1011  |Info:    Initializing HID interfaces: Success
1017  |Info:    ------------------------------------------------------
1017  |Info:    |             Detecting I2C interfaces               |
1017  |Info:    ------------------------------------------------------
1017  |Info:    Registering I2C interface: /dev/i2c-3 Device 1022:790B Subsystem: 1043:8877
1017  |Info:    Registering I2C interface: /dev/i2c-1 Device 1022:790B Subsystem: 1043:8877
1018  |Info:    Registering I2C interface: /dev/i2c-8 Device 10DE:2704 Subsystem: 10DE:167A
1018  |Info:    Registering I2C interface: /dev/i2c-6 Device 10DE:2704 Subsystem: 10DE:167A
1018  |Info:    Registering I2C interface: /dev/i2c-4 Device 10DE:2704 Subsystem: 10DE:167A
1018  |Info:    Registering I2C interface: /dev/i2c-2 Device 1022:790B Subsystem: 1043:8877
1018  |Info:    Registering I2C interface: /dev/i2c-0 Device 0000:0000 Subsystem: 0000:0000
1018  |Info:    Registering I2C interface: /dev/i2c-7 Device 10DE:2704 Subsystem: 10DE:167A
1018  |Info:    Registering I2C interface: /dev/i2c-5 Device 10DE:2704 Subsystem: 10DE:167A
1018  |Info:    ------------------------------------------------------
1018  |Info:    |               Detecting I2C devices                |
1018  |Info:    ------------------------------------------------------
1970  |Info:    ------------------------------------------------------
1970  |Info:    |               Detecting I2C PCI devices            |
1970  |Info:    ------------------------------------------------------
1971  |Info:    ------------------------------------------------------
1971  |Info:    |               Detecting HID devices                |
1971  |Info:    ------------------------------------------------------
3452  |Info:    [Corsair K70 RGB] Registering RGB controller
3526  |Info:    [ASUS TUF GAMING X670E-PLUS] Registering RGB controller
3526  |Info:    ------------------------------------------------------
3526  |Info:    |            Detecting libusb HID devices            |
3526  |Info:    ------------------------------------------------------
3628  |Info:    ------------------------------------------------------
3628  |Info:    |              Detecting other devices               |
3628  |Info:    ------------------------------------------------------
3636  |Info:    ------------------------------------------------------
3636  |Info:    |                Detection completed                 |
3636  |Info:    ------------------------------------------------------
3636  |Info:    Profile loading: FAILED! for Corsair K70 RGB @ HID: /dev/hidraw6
3636  |Info:    Profile loading: Succeeded for ASUS TUF GAMING X670E-PLUS @ HID: /dev/hidraw1
