    OpenRGB v0.9
    Commit:  from 
    Launched: 20240315_185612
====================================================================================================

0     |Info:    Found file: Main.orp attempting to validate header
1     |Info:    Valid v3 profile found for Main
1015  |Info:    ------------------------------------------------------
1015  |Info:    |               Start device detection               |
1015  |Info:    ------------------------------------------------------
1015  |Info:    Initializing HID interfaces: Success
1022  |Info:    ------------------------------------------------------
1022  |Info:    |             Detecting I2C interfaces               |
1022  |Info:    ------------------------------------------------------
1022  |Info:    Registering I2C interface: /dev/i2c-3 Device 10DE:2704 Subsystem: 10DE:167A
1022  |Info:    Registering I2C interface: /dev/i2c-1 Device 10DE:2704 Subsystem: 10DE:167A
1022  |Info:    Registering I2C interface: /dev/i2c-8 Device 1022:790B Subsystem: 1043:8877
1022  |Info:    Registering I2C interface: /dev/i2c-6 Device 1022:790B Subsystem: 1043:8877
1022  |Info:    Registering I2C interface: /dev/i2c-4 Device 10DE:2704 Subsystem: 10DE:167A
1022  |Info:    Registering I2C interface: /dev/i2c-2 Device 10DE:2704 Subsystem: 10DE:167A
1022  |Info:    Registering I2C interface: /dev/i2c-0 Device 0000:0000 Subsystem: 0000:0000
1022  |Info:    Registering I2C interface: /dev/i2c-7 Device 1022:790B Subsystem: 1043:8877
1022  |Info:    Registering I2C interface: /dev/i2c-5 Device 10DE:2704 Subsystem: 10DE:167A
1022  |Info:    ------------------------------------------------------
1022  |Info:    |               Detecting I2C devices                |
1022  |Info:    ------------------------------------------------------
1977  |Info:    ------------------------------------------------------
1977  |Info:    |               Detecting I2C PCI devices            |
1977  |Info:    ------------------------------------------------------
1978  |Info:    ------------------------------------------------------
1978  |Info:    |               Detecting HID devices                |
1978  |Info:    ------------------------------------------------------
3455  |Info:    [Corsair K70 RGB] Registering RGB controller
3474  |Info:    [Sony DualShock 4] Registering RGB controller
3550  |Info:    [ASUS TUF GAMING X670E-PLUS] Registering RGB controller
3550  |Info:    ------------------------------------------------------
3550  |Info:    |            Detecting libusb HID devices            |
3550  |Info:    ------------------------------------------------------
3669  |Info:    ------------------------------------------------------
3669  |Info:    |              Detecting other devices               |
3669  |Info:    ------------------------------------------------------
3677  |Info:    ------------------------------------------------------
3677  |Info:    |                Detection completed                 |
3677  |Info:    ------------------------------------------------------
3677  |Info:    Profile loading: FAILED! for Corsair K70 RGB @ HID: /dev/hidraw7
3677  |Info:    Profile loading: FAILED! for Sony DualShock 4 @ HID: /dev/hidraw8
3677  |Info:    Profile loading: Succeeded for ASUS TUF GAMING X670E-PLUS @ HID: /dev/hidraw3
