    OpenRGB v0.9
    Commit:  from 
    Launched: 20240220_123803
====================================================================================================

0     |Info:    Found file: Main.orp attempting to validate header
0     |Info:    Valid v3 profile found for Main
1014  |Info:    ------------------------------------------------------
1014  |Info:    |               Start device detection               |
1014  |Info:    ------------------------------------------------------
1014  |Info:    Initializing HID interfaces: Success
5786  |Info:    ------------------------------------------------------
5786  |Info:    |             Detecting I2C interfaces               |
5786  |Info:    ------------------------------------------------------
5786  |Info:    Registering I2C interface: /dev/i2c-3 Device 10DE:2704 Subsystem: 10DE:167A
5786  |Info:    Registering I2C interface: /dev/i2c-1 Device 10DE:2704 Subsystem: 10DE:167A
5786  |Info:    Registering I2C interface: /dev/i2c-8 Device 1022:790B Subsystem: 1043:8877
5786  |Info:    Registering I2C interface: /dev/i2c-6 Device 1022:790B Subsystem: 1043:8877
5786  |Info:    Registering I2C interface: /dev/i2c-4 Device 10DE:2704 Subsystem: 10DE:167A
5786  |Info:    Registering I2C interface: /dev/i2c-2 Device 10DE:2704 Subsystem: 10DE:167A
5786  |Info:    Registering I2C interface: /dev/i2c-0 Device 0000:0000 Subsystem: 0000:0000
5786  |Info:    Registering I2C interface: /dev/i2c-7 Device 1022:790B Subsystem: 1043:8877
5786  |Info:    Registering I2C interface: /dev/i2c-5 Device 10DE:2704 Subsystem: 10DE:167A
5786  |Info:    ------------------------------------------------------
5786  |Info:    |               Detecting I2C devices                |
5786  |Info:    ------------------------------------------------------
6740  |Info:    ------------------------------------------------------
6740  |Info:    |               Detecting I2C PCI devices            |
6740  |Info:    ------------------------------------------------------
6740  |Info:    ------------------------------------------------------
6740  |Info:    |               Detecting HID devices                |
6740  |Info:    ------------------------------------------------------
13585 |Info:    [Sony DualShock 4] Registering RGB controller
13670 |Info:    [ASUS TUF GAMING X670E-PLUS] Registering RGB controller
13670 |Info:    ------------------------------------------------------
13670 |Info:    |            Detecting libusb HID devices            |
13670 |Info:    ------------------------------------------------------
13788 |Info:    ------------------------------------------------------
13788 |Info:    |              Detecting other devices               |
13788 |Info:    ------------------------------------------------------
13795 |Info:    ------------------------------------------------------
13795 |Info:    |                Detection completed                 |
13795 |Info:    ------------------------------------------------------
13796 |Info:    Profile loading: FAILED! for Sony DualShock 4 @ HID: /dev/hidraw11
13796 |Info:    Profile loading: Succeeded for ASUS TUF GAMING X670E-PLUS @ HID: /dev/hidraw2
