    OpenRGB v0.9
    Commit:  from 
    Launched: 20240210_095951
====================================================================================================

7     |Info:    Found file: Main.orp attempting to validate header
7     |Info:    Valid v3 profile found for Main
1008  |Info:    ------------------------------------------------------
1008  |Info:    |               Start device detection               |
1008  |Info:    ------------------------------------------------------
1008  |Info:    Initializing HID interfaces: Success
1014  |Info:    ------------------------------------------------------
1014  |Info:    |             Detecting I2C interfaces               |
1014  |Info:    ------------------------------------------------------
1014  |Info:    Registering I2C interface: /dev/i2c-3 Device 10DE:2704 Subsystem: 10DE:167A
1015  |Info:    Registering I2C interface: /dev/i2c-1 Device 10DE:2704 Subsystem: 10DE:167A
1015  |Info:    Registering I2C interface: /dev/i2c-8 Device 1022:790B Subsystem: 1043:8877
1015  |Info:    Registering I2C interface: /dev/i2c-6 Device 1022:790B Subsystem: 1043:8877
1015  |Info:    Registering I2C interface: /dev/i2c-4 Device 10DE:2704 Subsystem: 10DE:167A
1015  |Info:    Registering I2C interface: /dev/i2c-2 Device 10DE:2704 Subsystem: 10DE:167A
1015  |Info:    Registering I2C interface: /dev/i2c-0 Device 0000:0000 Subsystem: 0000:0000
1015  |Info:    Registering I2C interface: /dev/i2c-7 Device 1022:790B Subsystem: 1043:8877
1015  |Info:    Registering I2C interface: /dev/i2c-5 Device 10DE:2704 Subsystem: 10DE:167A
1015  |Info:    ------------------------------------------------------
1015  |Info:    |               Detecting I2C devices                |
1015  |Info:    ------------------------------------------------------
1955  |Info:    ------------------------------------------------------
1955  |Info:    |               Detecting I2C PCI devices            |
1955  |Info:    ------------------------------------------------------
1956  |Info:    ------------------------------------------------------
1956  |Info:    |               Detecting HID devices                |
1956  |Info:    ------------------------------------------------------
8490  |Info:    [Sony DualShock 4] Registering RGB controller
8565  |Info:    [ASUS TUF GAMING X670E-PLUS] Registering RGB controller
8565  |Info:    ------------------------------------------------------
8565  |Info:    |            Detecting libusb HID devices            |
8565  |Info:    ------------------------------------------------------
8675  |Info:    ------------------------------------------------------
8675  |Info:    |              Detecting other devices               |
8675  |Info:    ------------------------------------------------------
8682  |Info:    ------------------------------------------------------
8682  |Info:    |                Detection completed                 |
8682  |Info:    ------------------------------------------------------
8682  |Info:    Profile loading: FAILED! for Sony DualShock 4 @ HID: /dev/hidraw7
8682  |Info:    Profile loading: Succeeded for ASUS TUF GAMING X670E-PLUS @ HID: /dev/hidraw2
