    OpenRGB v0.9
    Commit:  from 
    Launched: 20230719_191413
====================================================================================================

0     |Info:    Found file: Main.orp attempting to validate header
0     |Info:    Valid v3 profile found for Main
1004  |Info:    ------------------------------------------------------
1004  |Info:    |               Start device detection               |
1004  |Info:    ------------------------------------------------------
1005  |Info:    Initializing HID interfaces: Success
1006  |Info:    ------------------------------------------------------
1006  |Info:    |             Detecting I2C interfaces               |
1006  |Info:    ------------------------------------------------------
1006  |Info:    Registering I2C interface: /dev/i2c-3 Device 10DE:2704 Subsystem: 10DE:167A
1006  |Info:    Registering I2C interface: /dev/i2c-10 Device 1002:164E Subsystem: 1043:8877
1006  |Info:    Registering I2C interface: /dev/i2c-1 Device 10DE:2704 Subsystem: 10DE:167A
1006  |Info:    Registering I2C interface: /dev/i2c-8 Device 1022:790B Subsystem: 1043:8877
1006  |Info:    Registering I2C interface: /dev/i2c-6 Device 1022:790B Subsystem: 1043:8877
1007  |Info:    Registering I2C interface: /dev/i2c-4 Device 10DE:2704 Subsystem: 10DE:167A
1007  |Warning: [i2c_smbus_linux] Failed to read i2c device PCI device ID
1007  |Info:    Registering I2C interface: /dev/i2c-11 Device 0000:0000 Subsystem: 0000:0000
1007  |Info:    Registering I2C interface: /dev/i2c-2 Device 10DE:2704 Subsystem: 10DE:167A
1007  |Info:    Registering I2C interface: /dev/i2c-0 Device 0000:0000 Subsystem: 0000:0000
1007  |Info:    Registering I2C interface: /dev/i2c-9 Device 1002:164E Subsystem: 1043:8877
1007  |Info:    Registering I2C interface: /dev/i2c-7 Device 1022:790B Subsystem: 1043:8877
1007  |Info:    Registering I2C interface: /dev/i2c-5 Device 10DE:2704 Subsystem: 10DE:167A
1007  |Info:    ------------------------------------------------------
1007  |Info:    |               Detecting I2C devices                |
1007  |Info:    ------------------------------------------------------
1957  |Info:    ------------------------------------------------------
1957  |Info:    |               Detecting I2C PCI devices            |
1957  |Info:    ------------------------------------------------------
1957  |Info:    ------------------------------------------------------
1957  |Info:    |               Detecting HID devices                |
1957  |Info:    ------------------------------------------------------
2034  |Info:    [ASUS TUF GAMING X670E-PLUS] Registering RGB controller
2034  |Info:    ------------------------------------------------------
2034  |Info:    |            Detecting libusb HID devices            |
2034  |Info:    ------------------------------------------------------
2131  |Info:    ------------------------------------------------------
2131  |Info:    |              Detecting other devices               |
2131  |Info:    ------------------------------------------------------
2135  |Info:    ------------------------------------------------------
2135  |Info:    |                Detection completed                 |
2135  |Info:    ------------------------------------------------------
2135  |Info:    Profile loading: Succeeded for ASUS TUF GAMING X670E-PLUS @ HID: /dev/hidraw0
