    OpenRGB v0.9
    Commit:  from 
    Launched: 20240402_193526
====================================================================================================

0     |Info:    Found file: Main.orp attempting to validate header
0     |Info:    Valid v3 profile found for Main
1007  |Info:    ------------------------------------------------------
1007  |Info:    |               Start device detection               |
1007  |Info:    ------------------------------------------------------
1007  |Info:    Initializing HID interfaces: Success
4642  |Info:    ------------------------------------------------------
4642  |Info:    |             Detecting I2C interfaces               |
4642  |Info:    ------------------------------------------------------
4642  |Info:    Registering I2C interface: /dev/i2c-3 Device 10DE:2704 Subsystem: 10DE:167A
4643  |Info:    Registering I2C interface: /dev/i2c-1 Device 10DE:2704 Subsystem: 10DE:167A
4643  |Info:    Registering I2C interface: /dev/i2c-8 Device 1022:790B Subsystem: 1043:8877
4643  |Info:    Registering I2C interface: /dev/i2c-6 Device 1022:790B Subsystem: 1043:8877
4643  |Info:    Registering I2C interface: /dev/i2c-4 Device 10DE:2704 Subsystem: 10DE:167A
4643  |Info:    Registering I2C interface: /dev/i2c-2 Device 10DE:2704 Subsystem: 10DE:167A
4643  |Info:    Registering I2C interface: /dev/i2c-0 Device 0000:0000 Subsystem: 0000:0000
4643  |Info:    Registering I2C interface: /dev/i2c-7 Device 1022:790B Subsystem: 1043:8877
4643  |Info:    Registering I2C interface: /dev/i2c-5 Device 10DE:2704 Subsystem: 10DE:167A
4643  |Info:    ------------------------------------------------------
4643  |Info:    |               Detecting I2C devices                |
4643  |Info:    ------------------------------------------------------
5583  |Info:    ------------------------------------------------------
5583  |Info:    |               Detecting I2C PCI devices            |
5583  |Info:    ------------------------------------------------------
5583  |Info:    ------------------------------------------------------
5583  |Info:    |               Detecting HID devices                |
5583  |Info:    ------------------------------------------------------
12437 |Info:    [Sony DualShock 4] Registering RGB controller
12512 |Info:    [ASUS TUF GAMING X670E-PLUS] Registering RGB controller
12512 |Info:    ------------------------------------------------------
12512 |Info:    |            Detecting libusb HID devices            |
12512 |Info:    ------------------------------------------------------
12630 |Info:    ------------------------------------------------------
12630 |Info:    |              Detecting other devices               |
12630 |Info:    ------------------------------------------------------
12638 |Info:    ------------------------------------------------------
12638 |Info:    |                Detection completed                 |
12638 |Info:    ------------------------------------------------------
12638 |Info:    Profile loading: FAILED! for Sony DualShock 4 @ HID: /dev/hidraw12
12638 |Info:    Profile loading: Succeeded for ASUS TUF GAMING X670E-PLUS @ HID: /dev/hidraw3
