    OpenRGB v0.9
    Commit:  from 
    Launched: 20230830_220018
====================================================================================================

0     |Info:    Found file: Main.orp attempting to validate header
0     |Info:    Valid v3 profile found for Main
1006  |Info:    ------------------------------------------------------
1006  |Info:    |               Start device detection               |
1006  |Info:    ------------------------------------------------------
1007  |Info:    Initializing HID interfaces: Success
1010  |Info:    ------------------------------------------------------
1010  |Info:    |             Detecting I2C interfaces               |
1010  |Info:    ------------------------------------------------------
1011  |Info:    Registering I2C interface: /dev/i2c-3 Device 10DE:2704 Subsystem: 10DE:167A
1011  |Info:    Registering I2C interface: /dev/i2c-1 Device 10DE:2704 Subsystem: 10DE:167A
1011  |Info:    Registering I2C interface: /dev/i2c-8 Device 1022:790B Subsystem: 1043:8877
1011  |Info:    Registering I2C interface: /dev/i2c-6 Device 1022:790B Subsystem: 1043:8877
1011  |Info:    Registering I2C interface: /dev/i2c-4 Device 10DE:2704 Subsystem: 10DE:167A
1011  |Info:    Registering I2C interface: /dev/i2c-2 Device 10DE:2704 Subsystem: 10DE:167A
1011  |Info:    Registering I2C interface: /dev/i2c-0 Device 0000:0000 Subsystem: 0000:0000
1011  |Info:    Registering I2C interface: /dev/i2c-7 Device 1022:790B Subsystem: 1043:8877
1011  |Info:    Registering I2C interface: /dev/i2c-5 Device 10DE:2704 Subsystem: 10DE:167A
1011  |Info:    ------------------------------------------------------
1011  |Info:    |               Detecting I2C devices                |
1011  |Info:    ------------------------------------------------------
1956  |Info:    ------------------------------------------------------
1956  |Info:    |               Detecting I2C PCI devices            |
1956  |Info:    ------------------------------------------------------
1957  |Info:    ------------------------------------------------------
1957  |Info:    |               Detecting HID devices                |
1957  |Info:    ------------------------------------------------------
2035  |Info:    [ASUS TUF GAMING X670E-PLUS] Registering RGB controller
2036  |Info:    ------------------------------------------------------
2036  |Info:    |            Detecting libusb HID devices            |
2036  |Info:    ------------------------------------------------------
2128  |Info:    ------------------------------------------------------
2128  |Info:    |              Detecting other devices               |
2128  |Info:    ------------------------------------------------------
2135  |Info:    ------------------------------------------------------
2135  |Info:    |                Detection completed                 |
2135  |Info:    ------------------------------------------------------
2135  |Info:    Profile loading: Succeeded for ASUS TUF GAMING X670E-PLUS @ HID: /dev/hidraw2
