    OpenRGB v0.9
    Commit:  from 
    Launched: 20240206_192354
====================================================================================================

0     |Info:    Found file: Main.orp attempting to validate header
0     |Info:    Valid v3 profile found for Main
1014  |Info:    ------------------------------------------------------
1014  |Info:    |               Start device detection               |
1014  |Info:    ------------------------------------------------------
1014  |Info:    Initializing HID interfaces: Success
1019  |Info:    ------------------------------------------------------
1019  |Info:    |             Detecting I2C interfaces               |
1019  |Info:    ------------------------------------------------------
1019  |Info:    Registering I2C interface: /dev/i2c-3 Device 10DE:2704 Subsystem: 10DE:167A
1019  |Info:    Registering I2C interface: /dev/i2c-1 Device 10DE:2704 Subsystem: 10DE:167A
1019  |Info:    Registering I2C interface: /dev/i2c-8 Device 1022:790B Subsystem: 1043:8877
1019  |Info:    Registering I2C interface: /dev/i2c-6 Device 1022:790B Subsystem: 1043:8877
1019  |Info:    Registering I2C interface: /dev/i2c-4 Device 10DE:2704 Subsystem: 10DE:167A
1019  |Info:    Registering I2C interface: /dev/i2c-2 Device 10DE:2704 Subsystem: 10DE:167A
1019  |Info:    Registering I2C interface: /dev/i2c-0 Device 0000:0000 Subsystem: 0000:0000
1020  |Info:    Registering I2C interface: /dev/i2c-7 Device 1022:790B Subsystem: 1043:8877
1020  |Info:    Registering I2C interface: /dev/i2c-5 Device 10DE:2704 Subsystem: 10DE:167A
1020  |Info:    ------------------------------------------------------
1020  |Info:    |               Detecting I2C devices                |
1020  |Info:    ------------------------------------------------------
1959  |Info:    ------------------------------------------------------
1959  |Info:    |               Detecting I2C PCI devices            |
1959  |Info:    ------------------------------------------------------
1960  |Info:    ------------------------------------------------------
1960  |Info:    |               Detecting HID devices                |
1960  |Info:    ------------------------------------------------------
8704  |Info:    [ASUS TUF GAMING X670E-PLUS] Registering RGB controller
8704  |Info:    ------------------------------------------------------
8704  |Info:    |            Detecting libusb HID devices            |
8704  |Info:    ------------------------------------------------------
8822  |Info:    ------------------------------------------------------
8822  |Info:    |              Detecting other devices               |
8822  |Info:    ------------------------------------------------------
8829  |Info:    ------------------------------------------------------
8829  |Info:    |                Detection completed                 |
8829  |Info:    ------------------------------------------------------
8830  |Info:    Profile loading: Succeeded for ASUS TUF GAMING X670E-PLUS @ HID: /dev/hidraw2
