    OpenRGB v0.9
    Commit:  from 
    Launched: 20240128_123947
====================================================================================================

0     |Info:    Found file: Main.orp attempting to validate header
0     |Info:    Valid v3 profile found for Main
1014  |Info:    ------------------------------------------------------
1014  |Info:    |               Start device detection               |
1014  |Info:    ------------------------------------------------------
1015  |Info:    Initializing HID interfaces: Success
1559  |Info:    ------------------------------------------------------
1559  |Info:    |             Detecting I2C interfaces               |
1559  |Info:    ------------------------------------------------------
1559  |Info:    Registering I2C interface: /dev/i2c-3 Device 10DE:2704 Subsystem: 10DE:167A
1559  |Info:    Registering I2C interface: /dev/i2c-1 Device 10DE:2704 Subsystem: 10DE:167A
1559  |Info:    Registering I2C interface: /dev/i2c-8 Device 1022:790B Subsystem: 1043:8877
1559  |Info:    Registering I2C interface: /dev/i2c-6 Device 1022:790B Subsystem: 1043:8877
1559  |Info:    Registering I2C interface: /dev/i2c-4 Device 10DE:2704 Subsystem: 10DE:167A
1559  |Info:    Registering I2C interface: /dev/i2c-2 Device 10DE:2704 Subsystem: 10DE:167A
1559  |Info:    Registering I2C interface: /dev/i2c-0 Device 0000:0000 Subsystem: 0000:0000
1559  |Info:    Registering I2C interface: /dev/i2c-7 Device 1022:790B Subsystem: 1043:8877
1559  |Info:    Registering I2C interface: /dev/i2c-5 Device 10DE:2704 Subsystem: 10DE:167A
1559  |Info:    ------------------------------------------------------
1559  |Info:    |               Detecting I2C devices                |
1559  |Info:    ------------------------------------------------------
2514  |Info:    ------------------------------------------------------
2514  |Info:    |               Detecting I2C PCI devices            |
2514  |Info:    ------------------------------------------------------
2514  |Info:    ------------------------------------------------------
2514  |Info:    |               Detecting HID devices                |
2514  |Info:    ------------------------------------------------------
9412  |Info:    [Sony DualShock 4] Registering RGB controller
9496  |Info:    [ASUS TUF GAMING X670E-PLUS] Registering RGB controller
9496  |Info:    ------------------------------------------------------
9496  |Info:    |            Detecting libusb HID devices            |
9496  |Info:    ------------------------------------------------------
9615  |Info:    ------------------------------------------------------
9615  |Info:    |              Detecting other devices               |
9615  |Info:    ------------------------------------------------------
9623  |Info:    ------------------------------------------------------
9623  |Info:    Profile loading: FAILED! for Sony DualShock 4 @ HID: /dev/hidraw7
9623  |Info:    Profile loading: Succeeded for ASUS TUF GAMING X670E-PLUS @ HID: /dev/hidraw2
9623  |Info:    |                Detection completed                 |
9623  |Info:    ------------------------------------------------------
