    OpenRGB v0.9
    Commit:  from 
    Launched: 20231021_105632
====================================================================================================

0     |Info:    Found file: Main.orp attempting to validate header
0     |Info:    Valid v3 profile found for Main
1011  |Info:    ------------------------------------------------------
1011  |Info:    |               Start device detection               |
1011  |Info:    ------------------------------------------------------
1012  |Info:    Initializing HID interfaces: Success
1018  |Info:    ------------------------------------------------------
1018  |Info:    |             Detecting I2C interfaces               |
1018  |Info:    ------------------------------------------------------
1018  |Info:    Registering I2C interface: /dev/i2c-3 Device 1022:790B Subsystem: 1043:8877
1018  |Info:    Registering I2C interface: /dev/i2c-1 Device 1022:790B Subsystem: 1043:8877
1018  |Info:    Registering I2C interface: /dev/i2c-8 Device 10DE:2704 Subsystem: 10DE:167A
1019  |Info:    Registering I2C interface: /dev/i2c-6 Device 10DE:2704 Subsystem: 10DE:167A
1019  |Info:    Registering I2C interface: /dev/i2c-4 Device 10DE:2704 Subsystem: 10DE:167A
1019  |Info:    Registering I2C interface: /dev/i2c-2 Device 1022:790B Subsystem: 1043:8877
1019  |Info:    Registering I2C interface: /dev/i2c-0 Device 0000:0000 Subsystem: 0000:0000
1019  |Info:    Registering I2C interface: /dev/i2c-7 Device 10DE:2704 Subsystem: 10DE:167A
1019  |Info:    Registering I2C interface: /dev/i2c-5 Device 10DE:2704 Subsystem: 10DE:167A
1019  |Info:    ------------------------------------------------------
1019  |Info:    |               Detecting I2C devices                |
1019  |Info:    ------------------------------------------------------
2046  |Info:    ------------------------------------------------------
2046  |Info:    |               Detecting I2C PCI devices            |
2046  |Info:    ------------------------------------------------------
2047  |Info:    ------------------------------------------------------
2047  |Info:    |               Detecting HID devices                |
2047  |Info:    ------------------------------------------------------
3540  |Info:    [Corsair K70 RGB] Registering RGB controller
3557  |Info:    [Sony DualShock 4] Registering RGB controller
3640  |Info:    [ASUS TUF GAMING X670E-PLUS] Registering RGB controller
3640  |Info:    ------------------------------------------------------
3640  |Info:    |            Detecting libusb HID devices            |
3640  |Info:    ------------------------------------------------------
3760  |Info:    ------------------------------------------------------
3760  |Info:    |              Detecting other devices               |
3760  |Info:    ------------------------------------------------------
3769  |Info:    ------------------------------------------------------
3769  |Info:    |                Detection completed                 |
3769  |Info:    ------------------------------------------------------
3769  |Info:    Profile loading: FAILED! for Corsair K70 RGB @ HID: /dev/hidraw5
3769  |Info:    Profile loading: FAILED! for Sony DualShock 4 @ HID: /dev/hidraw7
3770  |Info:    Profile loading: Succeeded for ASUS TUF GAMING X670E-PLUS @ HID: /dev/hidraw6
