    OpenRGB v0.9
    Commit:  from 
    Launched: 20231023_185220
====================================================================================================

0     |Info:    Found file: Main.orp attempting to validate header
0     |Info:    Valid v3 profile found for Main
1011  |Info:    ------------------------------------------------------
1011  |Info:    |               Start device detection               |
1011  |Info:    ------------------------------------------------------
1011  |Info:    Initializing HID interfaces: Success
3582  |Info:    ------------------------------------------------------
3582  |Info:    |             Detecting I2C interfaces               |
3582  |Info:    ------------------------------------------------------
3582  |Info:    Registering I2C interface: /dev/i2c-3 Device 10DE:2704 Subsystem: 10DE:167A
3582  |Info:    Registering I2C interface: /dev/i2c-1 Device 10DE:2704 Subsystem: 10DE:167A
3582  |Info:    Registering I2C interface: /dev/i2c-8 Device 1022:790B Subsystem: 1043:8877
3582  |Info:    Registering I2C interface: /dev/i2c-6 Device 1022:790B Subsystem: 1043:8877
3582  |Info:    Registering I2C interface: /dev/i2c-4 Device 10DE:2704 Subsystem: 10DE:167A
3582  |Info:    Registering I2C interface: /dev/i2c-2 Device 10DE:2704 Subsystem: 10DE:167A
3582  |Info:    Registering I2C interface: /dev/i2c-0 Device 0000:0000 Subsystem: 0000:0000
3583  |Info:    Registering I2C interface: /dev/i2c-7 Device 1022:790B Subsystem: 1043:8877
3583  |Info:    Registering I2C interface: /dev/i2c-5 Device 10DE:2704 Subsystem: 10DE:167A
3583  |Info:    ------------------------------------------------------
3583  |Info:    |               Detecting I2C devices                |
3583  |Info:    ------------------------------------------------------
4529  |Info:    ------------------------------------------------------
4529  |Info:    |               Detecting I2C PCI devices            |
4529  |Info:    ------------------------------------------------------
4529  |Info:    ------------------------------------------------------
4529  |Info:    |               Detecting HID devices                |
4529  |Info:    ------------------------------------------------------
6008  |Info:    [Corsair K70 RGB] Registering RGB controller
6026  |Info:    [Sony DualShock 4] Registering RGB controller
6107  |Info:    [ASUS TUF GAMING X670E-PLUS] Registering RGB controller
6107  |Info:    ------------------------------------------------------
6107  |Info:    |            Detecting libusb HID devices            |
6107  |Info:    ------------------------------------------------------
6221  |Info:    ------------------------------------------------------
6221  |Info:    |              Detecting other devices               |
6221  |Info:    ------------------------------------------------------
6229  |Info:    ------------------------------------------------------
6229  |Info:    |                Detection completed                 |
6229  |Info:    ------------------------------------------------------
6229  |Info:    Profile loading: FAILED! for Corsair K70 RGB @ HID: /dev/hidraw6
6229  |Info:    Profile loading: FAILED! for Sony DualShock 4 @ HID: /dev/hidraw7
6229  |Info:    Profile loading: Succeeded for ASUS TUF GAMING X670E-PLUS @ HID: /dev/hidraw2
