    OpenRGB v0.9
    Commit:  from 
    Launched: 20231211_195027
====================================================================================================

0     |Info:    Found file: Main.orp attempting to validate header
0     |Info:    Valid v3 profile found for Main
1004  |Info:    ------------------------------------------------------
1004  |Info:    |               Start device detection               |
1004  |Info:    ------------------------------------------------------
1004  |Info:    Initializing HID interfaces: Success
2901  |Info:    ------------------------------------------------------
2901  |Info:    |             Detecting I2C interfaces               |
2901  |Info:    ------------------------------------------------------
2901  |Info:    Registering I2C interface: /dev/i2c-3 Device 10DE:2704 Subsystem: 10DE:167A
2901  |Info:    Registering I2C interface: /dev/i2c-1 Device 10DE:2704 Subsystem: 10DE:167A
2901  |Info:    Registering I2C interface: /dev/i2c-8 Device 1022:790B Subsystem: 1043:8877
2901  |Info:    Registering I2C interface: /dev/i2c-6 Device 1022:790B Subsystem: 1043:8877
2902  |Info:    Registering I2C interface: /dev/i2c-4 Device 10DE:2704 Subsystem: 10DE:167A
2902  |Info:    Registering I2C interface: /dev/i2c-2 Device 10DE:2704 Subsystem: 10DE:167A
2902  |Info:    Registering I2C interface: /dev/i2c-0 Device 0000:0000 Subsystem: 0000:0000
2902  |Info:    Registering I2C interface: /dev/i2c-7 Device 1022:790B Subsystem: 1043:8877
2902  |Info:    Registering I2C interface: /dev/i2c-5 Device 10DE:2704 Subsystem: 10DE:167A
2902  |Info:    ------------------------------------------------------
2902  |Info:    |               Detecting I2C devices                |
2902  |Info:    ------------------------------------------------------
3855  |Info:    ------------------------------------------------------
3855  |Info:    |               Detecting I2C PCI devices            |
3855  |Info:    ------------------------------------------------------
3855  |Info:    ------------------------------------------------------
3855  |Info:    |               Detecting HID devices                |
3855  |Info:    ------------------------------------------------------
10619 |Info:    [Sony DualShock 4] Registering RGB controller
10699 |Info:    [ASUS TUF GAMING X670E-PLUS] Registering RGB controller
10699 |Info:    ------------------------------------------------------
10699 |Info:    |            Detecting libusb HID devices            |
10699 |Info:    ------------------------------------------------------
10818 |Info:    ------------------------------------------------------
10818 |Info:    |              Detecting other devices               |
10818 |Info:    ------------------------------------------------------
10825 |Info:    ------------------------------------------------------
10825 |Info:    |                Detection completed                 |
10825 |Info:    ------------------------------------------------------
10826 |Info:    Profile loading: FAILED! for Sony DualShock 4 @ HID: /dev/hidraw11
10826 |Info:    Profile loading: Succeeded for ASUS TUF GAMING X670E-PLUS @ HID: /dev/hidraw2
