    OpenRGB v0.9
    Commit:  from 
    Launched: 20230919_233137
====================================================================================================

0     |Info:    Found file: Main.orp attempting to validate header
0     |Info:    Valid v3 profile found for Main
1001  |Info:    ------------------------------------------------------
1001  |Info:    |               Start device detection               |
1001  |Info:    ------------------------------------------------------
1001  |Info:    Initializing HID interfaces: Success
1007  |Info:    ------------------------------------------------------
1007  |Info:    |             Detecting I2C interfaces               |
1007  |Info:    ------------------------------------------------------
1007  |Info:    Registering I2C interface: /dev/i2c-3 Device 1022:790B Subsystem: 1043:8877
1007  |Info:    Registering I2C interface: /dev/i2c-1 Device 1022:790B Subsystem: 1043:8877
1007  |Info:    Registering I2C interface: /dev/i2c-8 Device 10DE:2704 Subsystem: 10DE:167A
1007  |Info:    Registering I2C interface: /dev/i2c-6 Device 10DE:2704 Subsystem: 10DE:167A
1007  |Info:    Registering I2C interface: /dev/i2c-4 Device 10DE:2704 Subsystem: 10DE:167A
1007  |Info:    Registering I2C interface: /dev/i2c-2 Device 1022:790B Subsystem: 1043:8877
1007  |Info:    Registering I2C interface: /dev/i2c-0 Device 0000:0000 Subsystem: 0000:0000
1007  |Info:    Registering I2C interface: /dev/i2c-7 Device 10DE:2704 Subsystem: 10DE:167A
1007  |Info:    Registering I2C interface: /dev/i2c-5 Device 10DE:2704 Subsystem: 10DE:167A
1007  |Info:    ------------------------------------------------------
1007  |Info:    |               Detecting I2C devices                |
1007  |Info:    ------------------------------------------------------
1946  |Info:    ------------------------------------------------------
1946  |Info:    |               Detecting I2C PCI devices            |
1946  |Info:    ------------------------------------------------------
1947  |Info:    ------------------------------------------------------
1947  |Info:    |               Detecting HID devices                |
1947  |Info:    ------------------------------------------------------
3425  |Info:    [Corsair K70 RGB] Registering RGB controller
3500  |Info:    [ASUS TUF GAMING X670E-PLUS] Registering RGB controller
3500  |Info:    ------------------------------------------------------
3500  |Info:    |            Detecting libusb HID devices            |
3500  |Info:    ------------------------------------------------------
3596  |Info:    ------------------------------------------------------
3596  |Info:    |              Detecting other devices               |
3596  |Info:    ------------------------------------------------------
3603  |Info:    ------------------------------------------------------
3603  |Info:    |                Detection completed                 |
3603  |Info:    ------------------------------------------------------
3603  |Info:    Profile loading: FAILED! for Corsair K70 RGB @ HID: /dev/hidraw6
3603  |Info:    Profile loading: Succeeded for ASUS TUF GAMING X670E-PLUS @ HID: /dev/hidraw2
