    OpenRGB v0.9
    Commit:  from 
    Launched: 20240313_192532
====================================================================================================

0     |Info:    Found file: Main.orp attempting to validate header
1     |Info:    Valid v3 profile found for Main
1014  |Info:    ------------------------------------------------------
1014  |Info:    |               Start device detection               |
1014  |Info:    ------------------------------------------------------
1014  |Info:    Initializing HID interfaces: Success
1020  |Info:    ------------------------------------------------------
1020  |Info:    |             Detecting I2C interfaces               |
1020  |Info:    ------------------------------------------------------
1020  |Info:    Registering I2C interface: /dev/i2c-3 Device 10DE:2704 Subsystem: 10DE:167A
1020  |Info:    Registering I2C interface: /dev/i2c-1 Device 10DE:2704 Subsystem: 10DE:167A
1021  |Info:    Registering I2C interface: /dev/i2c-8 Device 1022:790B Subsystem: 1043:8877
1021  |Info:    Registering I2C interface: /dev/i2c-6 Device 1022:790B Subsystem: 1043:8877
1021  |Info:    Registering I2C interface: /dev/i2c-4 Device 10DE:2704 Subsystem: 10DE:167A
1021  |Info:    Registering I2C interface: /dev/i2c-2 Device 10DE:2704 Subsystem: 10DE:167A
1021  |Info:    Registering I2C interface: /dev/i2c-0 Device 0000:0000 Subsystem: 0000:0000
1021  |Info:    Registering I2C interface: /dev/i2c-7 Device 1022:790B Subsystem: 1043:8877
1021  |Info:    Registering I2C interface: /dev/i2c-5 Device 10DE:2704 Subsystem: 10DE:167A
1021  |Info:    ------------------------------------------------------
1021  |Info:    |               Detecting I2C devices                |
1021  |Info:    ------------------------------------------------------
1967  |Info:    ------------------------------------------------------
1967  |Info:    |               Detecting I2C PCI devices            |
1967  |Info:    ------------------------------------------------------
1968  |Info:    ------------------------------------------------------
1968  |Info:    |               Detecting HID devices                |
1968  |Info:    ------------------------------------------------------
3452  |Info:    [Corsair K70 RGB] Registering RGB controller
3471  |Info:    [Sony DualShock 4] Registering RGB controller
3547  |Info:    [ASUS TUF GAMING X670E-PLUS] Registering RGB controller
3547  |Info:    ------------------------------------------------------
3547  |Info:    |            Detecting libusb HID devices            |
3547  |Info:    ------------------------------------------------------
3665  |Info:    ------------------------------------------------------
3665  |Info:    |              Detecting other devices               |
3665  |Info:    ------------------------------------------------------
3672  |Info:    ------------------------------------------------------
3672  |Info:    |                Detection completed                 |
3672  |Info:    ------------------------------------------------------
3672  |Info:    Profile loading: FAILED! for Corsair K70 RGB @ HID: /dev/hidraw7
3672  |Info:    Profile loading: FAILED! for Sony DualShock 4 @ HID: /dev/hidraw8
3672  |Info:    Profile loading: Succeeded for ASUS TUF GAMING X670E-PLUS @ HID: /dev/hidraw3
