    OpenRGB v0.9
    Commit:  from 
    Launched: 20240212_190603
====================================================================================================

0     |Info:    Found file: Main.orp attempting to validate header
0     |Info:    Valid v3 profile found for Main
1015  |Info:    ------------------------------------------------------
1015  |Info:    |               Start device detection               |
1015  |Info:    ------------------------------------------------------
1015  |Info:    Initializing HID interfaces: Success
1021  |Info:    ------------------------------------------------------
1021  |Info:    |             Detecting I2C interfaces               |
1021  |Info:    ------------------------------------------------------
1021  |Info:    Registering I2C interface: /dev/i2c-3 Device 10DE:2704 Subsystem: 10DE:167A
1021  |Info:    Registering I2C interface: /dev/i2c-1 Device 10DE:2704 Subsystem: 10DE:167A
1021  |Info:    Registering I2C interface: /dev/i2c-8 Device 1022:790B Subsystem: 1043:8877
1021  |Info:    Registering I2C interface: /dev/i2c-6 Device 1022:790B Subsystem: 1043:8877
1021  |Info:    Registering I2C interface: /dev/i2c-4 Device 10DE:2704 Subsystem: 10DE:167A
1021  |Info:    Registering I2C interface: /dev/i2c-2 Device 10DE:2704 Subsystem: 10DE:167A
1021  |Info:    Registering I2C interface: /dev/i2c-0 Device 0000:0000 Subsystem: 0000:0000
1021  |Info:    Registering I2C interface: /dev/i2c-7 Device 1022:790B Subsystem: 1043:8877
1021  |Info:    Registering I2C interface: /dev/i2c-5 Device 10DE:2704 Subsystem: 10DE:167A
1021  |Info:    ------------------------------------------------------
1021  |Info:    |               Detecting I2C devices                |
1021  |Info:    ------------------------------------------------------
1967  |Info:    ------------------------------------------------------
1967  |Info:    |               Detecting I2C PCI devices            |
1967  |Info:    ------------------------------------------------------
1967  |Info:    ------------------------------------------------------
1967  |Info:    |               Detecting HID devices                |
1967  |Info:    ------------------------------------------------------
8978  |Info:    [Sony DualShock 4] Registering RGB controller
9054  |Info:    [ASUS TUF GAMING X670E-PLUS] Registering RGB controller
9054  |Info:    ------------------------------------------------------
9054  |Info:    |            Detecting libusb HID devices            |
9054  |Info:    ------------------------------------------------------
9173  |Info:    ------------------------------------------------------
9173  |Info:    |              Detecting other devices               |
9173  |Info:    ------------------------------------------------------
9181  |Info:    ------------------------------------------------------
9181  |Info:    |                Detection completed                 |
9181  |Info:    ------------------------------------------------------
9181  |Info:    Profile loading: FAILED! for Sony DualShock 4 @ HID: /dev/hidraw11
9181  |Info:    Profile loading: Succeeded for ASUS TUF GAMING X670E-PLUS @ HID: /dev/hidraw2
