    OpenRGB v0.9
    Commit:  from 
    Launched: 20231029_102613
====================================================================================================

0     |Info:    Found file: Main.orp attempting to validate header
0     |Info:    Valid v3 profile found for Main
1011  |Info:    ------------------------------------------------------
1011  |Info:    |               Start device detection               |
1011  |Info:    ------------------------------------------------------
1011  |Info:    Initializing HID interfaces: Success
3314  |Info:    ------------------------------------------------------
3314  |Info:    |             Detecting I2C interfaces               |
3314  |Info:    ------------------------------------------------------
3314  |Info:    Registering I2C interface: /dev/i2c-3 Device 10DE:2704 Subsystem: 10DE:167A
3314  |Info:    Registering I2C interface: /dev/i2c-1 Device 10DE:2704 Subsystem: 10DE:167A
3314  |Info:    Registering I2C interface: /dev/i2c-8 Device 1022:790B Subsystem: 1043:8877
3314  |Info:    Registering I2C interface: /dev/i2c-6 Device 1022:790B Subsystem: 1043:8877
3314  |Info:    Registering I2C interface: /dev/i2c-4 Device 10DE:2704 Subsystem: 10DE:167A
3314  |Info:    Registering I2C interface: /dev/i2c-2 Device 10DE:2704 Subsystem: 10DE:167A
3314  |Info:    Registering I2C interface: /dev/i2c-0 Device 0000:0000 Subsystem: 0000:0000
3314  |Info:    Registering I2C interface: /dev/i2c-7 Device 1022:790B Subsystem: 1043:8877
3314  |Info:    Registering I2C interface: /dev/i2c-5 Device 10DE:2704 Subsystem: 10DE:167A
3314  |Info:    ------------------------------------------------------
3314  |Info:    |               Detecting I2C devices                |
3314  |Info:    ------------------------------------------------------
4267  |Info:    ------------------------------------------------------
4267  |Info:    |               Detecting I2C PCI devices            |
4267  |Info:    ------------------------------------------------------
4267  |Info:    ------------------------------------------------------
4267  |Info:    |               Detecting HID devices                |
4267  |Info:    ------------------------------------------------------
5749  |Info:    [Corsair K70 RGB] Registering RGB controller
5768  |Info:    [Sony DualShock 4] Registering RGB controller
5844  |Info:    [ASUS TUF GAMING X670E-PLUS] Registering RGB controller
5844  |Info:    ------------------------------------------------------
5844  |Info:    |            Detecting libusb HID devices            |
5844  |Info:    ------------------------------------------------------
5958  |Info:    ------------------------------------------------------
5958  |Info:    |              Detecting other devices               |
5958  |Info:    ------------------------------------------------------
5966  |Info:    ------------------------------------------------------
5966  |Info:    |                Detection completed                 |
5966  |Info:    ------------------------------------------------------
5966  |Info:    Profile loading: FAILED! for Corsair K70 RGB @ HID: /dev/hidraw6
5966  |Info:    Profile loading: FAILED! for Sony DualShock 4 @ HID: /dev/hidraw7
5966  |Info:    Profile loading: Succeeded for ASUS TUF GAMING X670E-PLUS @ HID: /dev/hidraw2
