    OpenRGB v0.9
    Commit:  from 
    Launched: 20240222_152738
====================================================================================================

0     |Info:    Found file: Main.orp attempting to validate header
1     |Info:    Valid v3 profile found for Main
1007  |Info:    ------------------------------------------------------
1007  |Info:    |               Start device detection               |
1007  |Info:    ------------------------------------------------------
1007  |Info:    Initializing HID interfaces: Success
1011  |Info:    ------------------------------------------------------
1011  |Info:    |             Detecting I2C interfaces               |
1011  |Info:    ------------------------------------------------------
1012  |Info:    Registering I2C interface: /dev/i2c-3 Device 10DE:2704 Subsystem: 10DE:167A
1012  |Info:    Registering I2C interface: /dev/i2c-1 Device 10DE:2704 Subsystem: 10DE:167A
1012  |Info:    Registering I2C interface: /dev/i2c-8 Device 1022:790B Subsystem: 1043:8877
1012  |Info:    Registering I2C interface: /dev/i2c-6 Device 1022:790B Subsystem: 1043:8877
1012  |Info:    Registering I2C interface: /dev/i2c-4 Device 10DE:2704 Subsystem: 10DE:167A
1012  |Info:    Registering I2C interface: /dev/i2c-2 Device 10DE:2704 Subsystem: 10DE:167A
1012  |Info:    Registering I2C interface: /dev/i2c-0 Device 0000:0000 Subsystem: 0000:0000
1012  |Info:    Registering I2C interface: /dev/i2c-7 Device 1022:790B Subsystem: 1043:8877
1012  |Info:    Registering I2C interface: /dev/i2c-5 Device 10DE:2704 Subsystem: 10DE:167A
1012  |Info:    ------------------------------------------------------
1012  |Info:    |               Detecting I2C devices                |
1012  |Info:    ------------------------------------------------------
1960  |Info:    ------------------------------------------------------
1960  |Info:    |               Detecting I2C PCI devices            |
1960  |Info:    ------------------------------------------------------
1960  |Info:    ------------------------------------------------------
1960  |Info:    |               Detecting HID devices                |
1960  |Info:    ------------------------------------------------------
8743  |Info:    [Sony DualShock 4] Registering RGB controller
8819  |Info:    [ASUS TUF GAMING X670E-PLUS] Registering RGB controller
8819  |Info:    ------------------------------------------------------
8819  |Info:    |            Detecting libusb HID devices            |
8819  |Info:    ------------------------------------------------------
9677  |Info:    ------------------------------------------------------
9677  |Info:    |              Detecting other devices               |
9677  |Info:    ------------------------------------------------------
9692  |Info:    ------------------------------------------------------
9692  |Info:    |                Detection completed                 |
9692  |Info:    ------------------------------------------------------
9692  |Info:    Profile loading: FAILED! for Sony DualShock 4 @ HID: /dev/hidraw11
9692  |Info:    Profile loading: Succeeded for ASUS TUF GAMING X670E-PLUS @ HID: /dev/hidraw3
