    OpenRGB v0.9
    Commit:  from 
    Launched: 20240207_194532
====================================================================================================

0     |Info:    Found file: Main.orp attempting to validate header
0     |Info:    Valid v3 profile found for Main
1014  |Info:    ------------------------------------------------------
1014  |Info:    |               Start device detection               |
1014  |Info:    ------------------------------------------------------
1014  |Info:    Initializing HID interfaces: Success
3736  |Info:    ------------------------------------------------------
3736  |Info:    |             Detecting I2C interfaces               |
3736  |Info:    ------------------------------------------------------
3736  |Info:    Registering I2C interface: /dev/i2c-3 Device 10DE:2704 Subsystem: 10DE:167A
3736  |Info:    Registering I2C interface: /dev/i2c-1 Device 10DE:2704 Subsystem: 10DE:167A
3736  |Info:    Registering I2C interface: /dev/i2c-8 Device 1022:790B Subsystem: 1043:8877
3736  |Info:    Registering I2C interface: /dev/i2c-6 Device 1022:790B Subsystem: 1043:8877
3736  |Info:    Registering I2C interface: /dev/i2c-4 Device 10DE:2704 Subsystem: 10DE:167A
3736  |Info:    Registering I2C interface: /dev/i2c-2 Device 10DE:2704 Subsystem: 10DE:167A
3737  |Info:    Registering I2C interface: /dev/i2c-0 Device 0000:0000 Subsystem: 0000:0000
3737  |Info:    Registering I2C interface: /dev/i2c-7 Device 1022:790B Subsystem: 1043:8877
3737  |Info:    Registering I2C interface: /dev/i2c-5 Device 10DE:2704 Subsystem: 10DE:167A
3737  |Info:    ------------------------------------------------------
3737  |Info:    |               Detecting I2C devices                |
3737  |Info:    ------------------------------------------------------
4692  |Info:    ------------------------------------------------------
4692  |Info:    |               Detecting I2C PCI devices            |
4692  |Info:    ------------------------------------------------------
4693  |Info:    ------------------------------------------------------
4693  |Info:    |               Detecting HID devices                |
4693  |Info:    ------------------------------------------------------
11553 |Info:    [Sony DualShock 4] Registering RGB controller
11629 |Info:    [ASUS TUF GAMING X670E-PLUS] Registering RGB controller
11630 |Info:    ------------------------------------------------------
11630 |Info:    |            Detecting libusb HID devices            |
11630 |Info:    ------------------------------------------------------
11748 |Info:    ------------------------------------------------------
11748 |Info:    |              Detecting other devices               |
11748 |Info:    ------------------------------------------------------
11756 |Info:    ------------------------------------------------------
11756 |Info:    |                Detection completed                 |
11756 |Info:    ------------------------------------------------------
11756 |Info:    Profile loading: FAILED! for Sony DualShock 4 @ HID: /dev/hidraw11
11756 |Info:    Profile loading: Succeeded for ASUS TUF GAMING X670E-PLUS @ HID: /dev/hidraw2
