    OpenRGB v0.9
    Commit:  from 
    Launched: 20240302_114920
====================================================================================================

0     |Info:    Found file: Main.orp attempting to validate header
0     |Info:    Valid v3 profile found for Main
1007  |Info:    ------------------------------------------------------
1007  |Info:    |               Start device detection               |
1007  |Info:    ------------------------------------------------------
1007  |Info:    Initializing HID interfaces: Success
3524  |Info:    ------------------------------------------------------
3524  |Info:    |             Detecting I2C interfaces               |
3524  |Info:    ------------------------------------------------------
3525  |Info:    Registering I2C interface: /dev/i2c-3 Device 10DE:2704 Subsystem: 10DE:167A
3525  |Info:    Registering I2C interface: /dev/i2c-1 Device 10DE:2704 Subsystem: 10DE:167A
3525  |Info:    Registering I2C interface: /dev/i2c-8 Device 1022:790B Subsystem: 1043:8877
3525  |Info:    Registering I2C interface: /dev/i2c-6 Device 1022:790B Subsystem: 1043:8877
3525  |Info:    Registering I2C interface: /dev/i2c-4 Device 10DE:2704 Subsystem: 10DE:167A
3525  |Info:    Registering I2C interface: /dev/i2c-2 Device 10DE:2704 Subsystem: 10DE:167A
3525  |Info:    Registering I2C interface: /dev/i2c-0 Device 0000:0000 Subsystem: 0000:0000
3525  |Info:    Registering I2C interface: /dev/i2c-7 Device 1022:790B Subsystem: 1043:8877
3525  |Info:    Registering I2C interface: /dev/i2c-5 Device 10DE:2704 Subsystem: 10DE:167A
3525  |Info:    ------------------------------------------------------
3525  |Info:    |               Detecting I2C devices                |
3525  |Info:    ------------------------------------------------------
4480  |Info:    ------------------------------------------------------
4480  |Info:    |               Detecting I2C PCI devices            |
4480  |Info:    ------------------------------------------------------
4481  |Info:    ------------------------------------------------------
4481  |Info:    |               Detecting HID devices                |
4481  |Info:    ------------------------------------------------------
11340 |Info:    [Sony DualShock 4] Registering RGB controller
11424 |Info:    [ASUS TUF GAMING X670E-PLUS] Registering RGB controller
11424 |Info:    ------------------------------------------------------
11424 |Info:    |            Detecting libusb HID devices            |
11424 |Info:    ------------------------------------------------------
11535 |Info:    ------------------------------------------------------
11535 |Info:    |              Detecting other devices               |
11535 |Info:    ------------------------------------------------------
11543 |Info:    ------------------------------------------------------
11543 |Info:    |                Detection completed                 |
11543 |Info:    ------------------------------------------------------
11543 |Info:    Profile loading: FAILED! for Sony DualShock 4 @ HID: /dev/hidraw8
11543 |Info:    Profile loading: Succeeded for ASUS TUF GAMING X670E-PLUS @ HID: /dev/hidraw3
