    OpenRGB v0.9
    Commit:  from 
    Launched: 20230916_220835
====================================================================================================

0     |Info:    Found file: Main.orp attempting to validate header
0     |Info:    Valid v3 profile found for Main
1001  |Info:    ------------------------------------------------------
1001  |Info:    |               Start device detection               |
1001  |Info:    ------------------------------------------------------
1001  |Info:    Initializing HID interfaces: Success
1007  |Info:    ------------------------------------------------------
1007  |Info:    |             Detecting I2C interfaces               |
1007  |Info:    ------------------------------------------------------
1007  |Info:    Registering I2C interface: /dev/i2c-3 Device 1022:790B Subsystem: 1043:8877
1007  |Info:    Registering I2C interface: /dev/i2c-8 Device 10DE:2704 Subsystem: 10DE:167A
1007  |Info:    Registering I2C interface: /dev/i2c-4 Device 10DE:2704 Subsystem: 10DE:167A
1007  |Info:    Registering I2C interface: /dev/i2c-0 Device 0000:0000 Subsystem: 0000:0000
1007  |Info:    Registering I2C interface: /dev/i2c-5 Device 10DE:2704 Subsystem: 10DE:167A
1007  |Info:    ------------------------------------------------------
1007  |Info:    |               Detecting I2C devices                |
1007  |Info:    ------------------------------------------------------
1288  |Info:    ------------------------------------------------------
1288  |Info:    |               Detecting I2C PCI devices            |
1288  |Info:    ------------------------------------------------------
1289  |Info:    ------------------------------------------------------
1289  |Info:    |               Detecting HID devices                |
1289  |Info:    ------------------------------------------------------
2772  |Info:    [Corsair K70 RGB] Registering RGB controller
2850  |Info:    [ASUS TUF GAMING X670E-PLUS] Registering RGB controller
2850  |Info:    ------------------------------------------------------
2850  |Info:    |            Detecting libusb HID devices            |
2850  |Info:    ------------------------------------------------------
2953  |Info:    ------------------------------------------------------
2953  |Info:    |              Detecting other devices               |
2953  |Info:    ------------------------------------------------------
2960  |Info:    ------------------------------------------------------
2960  |Info:    |                Detection completed                 |
2960  |Info:    ------------------------------------------------------
2960  |Dialog:  <h2>WARNING:</h2><p>One or more I2C/SMBus interfaces failed to initialize.</p><p>RGB DRAM modules and some motherboards' onboard RGB lighting will not be available without I2C/SMBus.</p><p>On Linux, this is usually because the i2c-dev module is not loaded.  You must load the i2c-dev module along with the correct i2c driver for your motherboard.  This is usually i2c-piix4 for AMD systems and i2c-i801 for Intel systems.</p><p>See <a href='https://help.openrgb.org/'>help.openrgb.org</a> for additional troubleshooting steps if you keep seeing this message.<br></p>
2960  |Info:    Profile loading: FAILED! for Corsair K70 RGB @ HID: /dev/hidraw6
2960  |Info:    Profile loading: Succeeded for ASUS TUF GAMING X670E-PLUS @ HID: /dev/hidraw2
