    OpenRGB v0.9
    Commit:  from 
    Launched: 20240119_195805
====================================================================================================

0     |Info:    Found file: Main.orp attempting to validate header
0     |Info:    Valid v3 profile found for Main
1006  |Info:    ------------------------------------------------------
1006  |Info:    |               Start device detection               |
1006  |Info:    ------------------------------------------------------
1006  |Info:    Initializing HID interfaces: Success
1012  |Info:    ------------------------------------------------------
1012  |Info:    |             Detecting I2C interfaces               |
1012  |Info:    ------------------------------------------------------
1012  |Info:    Registering I2C interface: /dev/i2c-3 Device 10DE:2704 Subsystem: 10DE:167A
1012  |Info:    Registering I2C interface: /dev/i2c-1 Device 10DE:2704 Subsystem: 10DE:167A
1012  |Info:    Registering I2C interface: /dev/i2c-8 Device 1022:790B Subsystem: 1043:8877
1012  |Info:    Registering I2C interface: /dev/i2c-6 Device 1022:790B Subsystem: 1043:8877
1012  |Info:    Registering I2C interface: /dev/i2c-4 Device 10DE:2704 Subsystem: 10DE:167A
1012  |Info:    Registering I2C interface: /dev/i2c-2 Device 10DE:2704 Subsystem: 10DE:167A
1012  |Info:    Registering I2C interface: /dev/i2c-0 Device 0000:0000 Subsystem: 0000:0000
1012  |Info:    Registering I2C interface: /dev/i2c-7 Device 1022:790B Subsystem: 1043:8877
1012  |Info:    Registering I2C interface: /dev/i2c-5 Device 10DE:2704 Subsystem: 10DE:167A
1012  |Info:    ------------------------------------------------------
1012  |Info:    |               Detecting I2C devices                |
1012  |Info:    ------------------------------------------------------
1966  |Info:    ------------------------------------------------------
1966  |Info:    |               Detecting I2C PCI devices            |
1966  |Info:    ------------------------------------------------------
1966  |Info:    ------------------------------------------------------
1966  |Info:    |               Detecting HID devices                |
1966  |Info:    ------------------------------------------------------
8486  |Info:    [Sony DualShock 4] Registering RGB controller
8570  |Info:    [ASUS TUF GAMING X670E-PLUS] Registering RGB controller
8570  |Info:    ------------------------------------------------------
8570  |Info:    |            Detecting libusb HID devices            |
8570  |Info:    ------------------------------------------------------
8689  |Info:    ------------------------------------------------------
8689  |Info:    |              Detecting other devices               |
8689  |Info:    ------------------------------------------------------
8697  |Info:    ------------------------------------------------------
8697  |Info:    |                Detection completed                 |
8697  |Info:    ------------------------------------------------------
8697  |Info:    Profile loading: FAILED! for Sony DualShock 4 @ HID: /dev/hidraw7
8697  |Info:    Profile loading: Succeeded for ASUS TUF GAMING X670E-PLUS @ HID: /dev/hidraw2
