    OpenRGB v0.9
    Commit:  from 
    Launched: 20240208_194504
====================================================================================================

0     |Info:    Found file: Main.orp attempting to validate header
0     |Info:    Valid v3 profile found for Main
1015  |Info:    ------------------------------------------------------
1015  |Info:    |               Start device detection               |
1015  |Info:    ------------------------------------------------------
1015  |Info:    Initializing HID interfaces: Success
2893  |Info:    ------------------------------------------------------
2893  |Info:    |             Detecting I2C interfaces               |
2893  |Info:    ------------------------------------------------------
2893  |Info:    Registering I2C interface: /dev/i2c-3 Device 10DE:2704 Subsystem: 10DE:167A
2893  |Info:    Registering I2C interface: /dev/i2c-1 Device 10DE:2704 Subsystem: 10DE:167A
2893  |Info:    Registering I2C interface: /dev/i2c-8 Device 1022:790B Subsystem: 1043:8877
2893  |Info:    Registering I2C interface: /dev/i2c-6 Device 1022:790B Subsystem: 1043:8877
2893  |Info:    Registering I2C interface: /dev/i2c-4 Device 10DE:2704 Subsystem: 10DE:167A
2893  |Info:    Registering I2C interface: /dev/i2c-2 Device 10DE:2704 Subsystem: 10DE:167A
2894  |Info:    Registering I2C interface: /dev/i2c-0 Device 0000:0000 Subsystem: 0000:0000
2894  |Info:    Registering I2C interface: /dev/i2c-7 Device 1022:790B Subsystem: 1043:8877
2894  |Info:    Registering I2C interface: /dev/i2c-5 Device 10DE:2704 Subsystem: 10DE:167A
2894  |Info:    ------------------------------------------------------
2894  |Info:    |               Detecting I2C devices                |
2894  |Info:    ------------------------------------------------------
3847  |Info:    ------------------------------------------------------
3847  |Info:    |               Detecting I2C PCI devices            |
3847  |Info:    ------------------------------------------------------
3848  |Info:    ------------------------------------------------------
3848  |Info:    |               Detecting HID devices                |
3848  |Info:    ------------------------------------------------------
10716 |Info:    [Sony DualShock 4] Registering RGB controller
10792 |Info:    [ASUS TUF GAMING X670E-PLUS] Registering RGB controller
10792 |Info:    ------------------------------------------------------
10792 |Info:    |            Detecting libusb HID devices            |
10792 |Info:    ------------------------------------------------------
10903 |Info:    ------------------------------------------------------
10903 |Info:    |              Detecting other devices               |
10903 |Info:    ------------------------------------------------------
10911 |Info:    ------------------------------------------------------
10911 |Info:    |                Detection completed                 |
10911 |Info:    ------------------------------------------------------
10911 |Info:    Profile loading: FAILED! for Sony DualShock 4 @ HID: /dev/hidraw7
10911 |Info:    Profile loading: Succeeded for ASUS TUF GAMING X670E-PLUS @ HID: /dev/hidraw2
