    OpenRGB v0.9
    Commit:  from 
    Launched: 20240306_184939
====================================================================================================

0     |Info:    Found file: Main.orp attempting to validate header
0     |Info:    Valid v3 profile found for Main
1014  |Info:    ------------------------------------------------------
1014  |Info:    |               Start device detection               |
1014  |Info:    ------------------------------------------------------
1014  |Info:    Initializing HID interfaces: Success
4992  |Info:    ------------------------------------------------------
4992  |Info:    |             Detecting I2C interfaces               |
4992  |Info:    ------------------------------------------------------
4992  |Info:    Registering I2C interface: /dev/i2c-3 Device 10DE:2704 Subsystem: 10DE:167A
4992  |Info:    Registering I2C interface: /dev/i2c-1 Device 10DE:2704 Subsystem: 10DE:167A
4992  |Info:    Registering I2C interface: /dev/i2c-8 Device 1022:790B Subsystem: 1043:8877
4992  |Info:    Registering I2C interface: /dev/i2c-6 Device 1022:790B Subsystem: 1043:8877
4992  |Info:    Registering I2C interface: /dev/i2c-4 Device 10DE:2704 Subsystem: 10DE:167A
4992  |Info:    Registering I2C interface: /dev/i2c-2 Device 10DE:2704 Subsystem: 10DE:167A
4992  |Info:    Registering I2C interface: /dev/i2c-0 Device 0000:0000 Subsystem: 0000:0000
4993  |Info:    Registering I2C interface: /dev/i2c-7 Device 1022:790B Subsystem: 1043:8877
4993  |Info:    Registering I2C interface: /dev/i2c-5 Device 10DE:2704 Subsystem: 10DE:167A
4993  |Info:    ------------------------------------------------------
4993  |Info:    |               Detecting I2C devices                |
4993  |Info:    ------------------------------------------------------
5940  |Info:    ------------------------------------------------------
5940  |Info:    |               Detecting I2C PCI devices            |
5940  |Info:    ------------------------------------------------------
5941  |Info:    ------------------------------------------------------
5941  |Info:    |               Detecting HID devices                |
5941  |Info:    ------------------------------------------------------
12802 |Info:    [Sony DualShock 4] Registering RGB controller
12886 |Info:    [ASUS TUF GAMING X670E-PLUS] Registering RGB controller
12886 |Info:    ------------------------------------------------------
12886 |Info:    |            Detecting libusb HID devices            |
12886 |Info:    ------------------------------------------------------
13005 |Info:    ------------------------------------------------------
13005 |Info:    |              Detecting other devices               |
13005 |Info:    ------------------------------------------------------
13013 |Info:    ------------------------------------------------------
13013 |Info:    |                Detection completed                 |
13013 |Info:    ------------------------------------------------------
13013 |Info:    Profile loading: FAILED! for Sony DualShock 4 @ HID: /dev/hidraw12
13013 |Info:    Profile loading: Succeeded for ASUS TUF GAMING X670E-PLUS @ HID: /dev/hidraw3
