    OpenRGB v0.9
    Commit:  from 
    Launched: 20240125_185606
====================================================================================================

0     |Info:    Found file: Main.orp attempting to validate header
0     |Info:    Valid v3 profile found for Main
1006  |Info:    ------------------------------------------------------
1006  |Info:    |               Start device detection               |
1006  |Info:    ------------------------------------------------------
1007  |Info:    Initializing HID interfaces: Success
2150  |Info:    ------------------------------------------------------
2150  |Info:    |             Detecting I2C interfaces               |
2150  |Info:    ------------------------------------------------------
2150  |Info:    Registering I2C interface: /dev/i2c-3 Device 10DE:2704 Subsystem: 10DE:167A
2150  |Info:    Registering I2C interface: /dev/i2c-1 Device 10DE:2704 Subsystem: 10DE:167A
2151  |Info:    Registering I2C interface: /dev/i2c-8 Device 1022:790B Subsystem: 1043:8877
2151  |Info:    Registering I2C interface: /dev/i2c-6 Device 1022:790B Subsystem: 1043:8877
2151  |Info:    Registering I2C interface: /dev/i2c-4 Device 10DE:2704 Subsystem: 10DE:167A
2151  |Info:    Registering I2C interface: /dev/i2c-2 Device 10DE:2704 Subsystem: 10DE:167A
2151  |Info:    Registering I2C interface: /dev/i2c-0 Device 0000:0000 Subsystem: 0000:0000
2151  |Info:    Registering I2C interface: /dev/i2c-7 Device 1022:790B Subsystem: 1043:8877
2151  |Info:    Registering I2C interface: /dev/i2c-5 Device 10DE:2704 Subsystem: 10DE:167A
2151  |Info:    ------------------------------------------------------
2151  |Info:    |               Detecting I2C devices                |
2151  |Info:    ------------------------------------------------------
3099  |Info:    ------------------------------------------------------
3099  |Info:    |               Detecting I2C PCI devices            |
3099  |Info:    ------------------------------------------------------
3099  |Info:    ------------------------------------------------------
3099  |Info:    |               Detecting HID devices                |
3099  |Info:    ------------------------------------------------------
9898  |Info:    [Sony DualShock 4] Registering RGB controller
9974  |Info:    [ASUS TUF GAMING X670E-PLUS] Registering RGB controller
9974  |Info:    ------------------------------------------------------
9974  |Info:    |            Detecting libusb HID devices            |
9974  |Info:    ------------------------------------------------------
10092 |Info:    ------------------------------------------------------
10092 |Info:    |              Detecting other devices               |
10092 |Info:    ------------------------------------------------------
10100 |Info:    ------------------------------------------------------
10100 |Info:    |                Detection completed                 |
10100 |Info:    ------------------------------------------------------
10101 |Info:    Profile loading: FAILED! for Sony DualShock 4 @ HID: /dev/hidraw7
10101 |Info:    Profile loading: Succeeded for ASUS TUF GAMING X670E-PLUS @ HID: /dev/hidraw2
