    OpenRGB v0.9
    Commit:  from 
    Launched: 20240103_185831
====================================================================================================

0     |Info:    Found file: Main.orp attempting to validate header
0     |Info:    Valid v3 profile found for Main
1013  |Info:    ------------------------------------------------------
1013  |Info:    |               Start device detection               |
1013  |Info:    ------------------------------------------------------
1013  |Info:    Initializing HID interfaces: Success
1333  |Info:    ------------------------------------------------------
1333  |Info:    |             Detecting I2C interfaces               |
1333  |Info:    ------------------------------------------------------
1333  |Info:    Registering I2C interface: /dev/i2c-3 Device 10DE:2704 Subsystem: 10DE:167A
1333  |Info:    Registering I2C interface: /dev/i2c-1 Device 10DE:2704 Subsystem: 10DE:167A
1333  |Info:    Registering I2C interface: /dev/i2c-8 Device 1022:790B Subsystem: 1043:8877
1333  |Info:    Registering I2C interface: /dev/i2c-6 Device 1022:790B Subsystem: 1043:8877
1333  |Info:    Registering I2C interface: /dev/i2c-4 Device 10DE:2704 Subsystem: 10DE:167A
1333  |Info:    Registering I2C interface: /dev/i2c-2 Device 10DE:2704 Subsystem: 10DE:167A
1333  |Info:    Registering I2C interface: /dev/i2c-0 Device 0000:0000 Subsystem: 0000:0000
1333  |Info:    Registering I2C interface: /dev/i2c-7 Device 1022:790B Subsystem: 1043:8877
1333  |Info:    Registering I2C interface: /dev/i2c-5 Device 10DE:2704 Subsystem: 10DE:167A
1333  |Info:    ------------------------------------------------------
1333  |Info:    |               Detecting I2C devices                |
1333  |Info:    ------------------------------------------------------
2286  |Info:    ------------------------------------------------------
2286  |Info:    |               Detecting I2C PCI devices            |
2286  |Info:    ------------------------------------------------------
2287  |Info:    ------------------------------------------------------
2287  |Info:    |               Detecting HID devices                |
2287  |Info:    ------------------------------------------------------
9073  |Info:    [Sony DualShock 4] Registering RGB controller
9155  |Info:    [ASUS TUF GAMING X670E-PLUS] Registering RGB controller
9155  |Info:    ------------------------------------------------------
9155  |Info:    |            Detecting libusb HID devices            |
9155  |Info:    ------------------------------------------------------
9275  |Info:    ------------------------------------------------------
9275  |Info:    |              Detecting other devices               |
9275  |Info:    ------------------------------------------------------
9283  |Info:    ------------------------------------------------------
9283  |Info:    |                Detection completed                 |
9283  |Info:    ------------------------------------------------------
9283  |Info:    Profile loading: FAILED! for Sony DualShock 4 @ HID: /dev/hidraw7
9283  |Info:    Profile loading: Succeeded for ASUS TUF GAMING X670E-PLUS @ HID: /dev/hidraw2
