    OpenRGB v0.8
    Commit:  from 
    Launched: 20230411_213221
====================================================================================================

0     |Info:    Found file: Main.orp attempting to validate header
0     |Info:    Valid v3 profile found for Main
1001  |Info:    ------------------------------------------------------
1001  |Info:    |               Start device detection               |
1001  |Info:    ------------------------------------------------------
1001  |Info:    Initializing HID interfaces: Success
1004  |Info:    ------------------------------------------------------
1004  |Info:    |             Detecting I2C interfaces               |
1004  |Info:    ------------------------------------------------------
1004  |Info:    Registering I2C interface: /dev/i2c-3 Device 1022:790B Subsystem: 1043:8877
1004  |Info:    Registering I2C interface: /dev/i2c-10 Device 10DE:2704 Subsystem: 10DE:167A
1004  |Info:    Registering I2C interface: /dev/i2c-1 Device 1022:790B Subsystem: 1043:8877
1004  |Info:    Registering I2C interface: /dev/i2c-8 Device 10DE:2704 Subsystem: 10DE:167A
1004  |Warning: [i2c_smbus_linux] Failed to read i2c device PCI device ID
1004  |Info:    Registering I2C interface: /dev/i2c-6 Device 0000:0000 Subsystem: 0000:0000
1004  |Info:    Registering I2C interface: /dev/i2c-4 Device 1002:164E Subsystem: 1043:8877
1004  |Info:    Registering I2C interface: /dev/i2c-11 Device 10DE:2704 Subsystem: 10DE:167A
1004  |Info:    Registering I2C interface: /dev/i2c-2 Device 1022:790B Subsystem: 1043:8877
1004  |Info:    Registering I2C interface: /dev/i2c-0 Device 0000:0000 Subsystem: 0000:0000
1004  |Info:    Registering I2C interface: /dev/i2c-9 Device 10DE:2704 Subsystem: 10DE:167A
1004  |Info:    Registering I2C interface: /dev/i2c-7 Device 10DE:2704 Subsystem: 10DE:167A
1004  |Info:    Registering I2C interface: /dev/i2c-5 Device 1002:164E Subsystem: 1043:8877
1004  |Info:    ------------------------------------------------------
1004  |Info:    |               Detecting I2C devices                |
1004  |Info:    ------------------------------------------------------
1702  |Info:    ------------------------------------------------------
1702  |Info:    |               Detecting I2C PCI devices            |
1702  |Info:    ------------------------------------------------------
1702  |Info:    ------------------------------------------------------
1702  |Info:    |               Detecting HID devices                |
1702  |Info:    ------------------------------------------------------
1776  |Info:    [ASUS TUF GAMING X670E-PLUS] Registering RGB controller
1776  |Info:    ------------------------------------------------------
1776  |Info:    |              Detecting other devices               |
1776  |Info:    ------------------------------------------------------
1780  |Info:    ------------------------------------------------------
1780  |Info:    |                Detection completed                 |
1780  |Info:    ------------------------------------------------------
1780  |Info:    Profile loading: Succeeded for ASUS TUF GAMING X670E-PLUS @ HID: /dev/hidraw4
