    OpenRGB v0.9
    Commit:  from 
    Launched: 20240127_123042
====================================================================================================

0     |Info:    Found file: Main.orp attempting to validate header
1     |Info:    Valid v3 profile found for Main
1008  |Info:    ------------------------------------------------------
1008  |Info:    |               Start device detection               |
1008  |Info:    ------------------------------------------------------
1008  |Info:    Initializing HID interfaces: Success
1013  |Info:    ------------------------------------------------------
1013  |Info:    |             Detecting I2C interfaces               |
1013  |Info:    ------------------------------------------------------
1013  |Info:    Registering I2C interface: /dev/i2c-3 Device 10DE:2704 Subsystem: 10DE:167A
1013  |Info:    Registering I2C interface: /dev/i2c-1 Device 10DE:2704 Subsystem: 10DE:167A
1013  |Info:    Registering I2C interface: /dev/i2c-8 Device 1022:790B Subsystem: 1043:8877
1013  |Info:    Registering I2C interface: /dev/i2c-6 Device 1022:790B Subsystem: 1043:8877
1014  |Info:    Registering I2C interface: /dev/i2c-4 Device 10DE:2704 Subsystem: 10DE:167A
1014  |Info:    Registering I2C interface: /dev/i2c-2 Device 10DE:2704 Subsystem: 10DE:167A
1014  |Info:    Registering I2C interface: /dev/i2c-0 Device 0000:0000 Subsystem: 0000:0000
1014  |Info:    Registering I2C interface: /dev/i2c-7 Device 1022:790B Subsystem: 1043:8877
1014  |Info:    Registering I2C interface: /dev/i2c-5 Device 10DE:2704 Subsystem: 10DE:167A
1014  |Info:    ------------------------------------------------------
1014  |Info:    |               Detecting I2C devices                |
1014  |Info:    ------------------------------------------------------
1961  |Info:    ------------------------------------------------------
1961  |Info:    |               Detecting I2C PCI devices            |
1961  |Info:    ------------------------------------------------------
1961  |Info:    ------------------------------------------------------
1961  |Info:    |               Detecting HID devices                |
1961  |Info:    ------------------------------------------------------
8911  |Info:    [Sony DualShock 4] Registering RGB controller
8996  |Info:    [ASUS TUF GAMING X670E-PLUS] Registering RGB controller
8996  |Info:    ------------------------------------------------------
8996  |Info:    |            Detecting libusb HID devices            |
8996  |Info:    ------------------------------------------------------
9115  |Info:    ------------------------------------------------------
9115  |Info:    |              Detecting other devices               |
9115  |Info:    ------------------------------------------------------
9123  |Info:    ------------------------------------------------------
9123  |Info:    |                Detection completed                 |
9123  |Info:    ------------------------------------------------------
9123  |Info:    Profile loading: FAILED! for Sony DualShock 4 @ HID: /dev/hidraw7
9123  |Info:    Profile loading: Succeeded for ASUS TUF GAMING X670E-PLUS @ HID: /dev/hidraw2
