    OpenRGB v0.9
    Commit:  from 
    Launched: 20230918_121548
====================================================================================================

0     |Info:    Found file: Main.orp attempting to validate header
0     |Info:    Valid v3 profile found for Main
1004  |Info:    ------------------------------------------------------
1004  |Info:    |               Start device detection               |
1004  |Info:    ------------------------------------------------------
1004  |Info:    Initializing HID interfaces: Success
1009  |Info:    ------------------------------------------------------
1009  |Info:    |             Detecting I2C interfaces               |
1009  |Info:    ------------------------------------------------------
1009  |Info:    Registering I2C interface: /dev/i2c-3 Device 1022:790B Subsystem: 1043:8877
1010  |Info:    Registering I2C interface: /dev/i2c-1 Device 1022:790B Subsystem: 1043:8877
1010  |Info:    Registering I2C interface: /dev/i2c-8 Device 10DE:2704 Subsystem: 10DE:167A
1010  |Info:    Registering I2C interface: /dev/i2c-6 Device 10DE:2704 Subsystem: 10DE:167A
1010  |Info:    Registering I2C interface: /dev/i2c-4 Device 10DE:2704 Subsystem: 10DE:167A
1010  |Info:    Registering I2C interface: /dev/i2c-2 Device 1022:790B Subsystem: 1043:8877
1010  |Info:    Registering I2C interface: /dev/i2c-0 Device 0000:0000 Subsystem: 0000:0000
1010  |Info:    Registering I2C interface: /dev/i2c-7 Device 10DE:2704 Subsystem: 10DE:167A
1010  |Info:    Registering I2C interface: /dev/i2c-5 Device 10DE:2704 Subsystem: 10DE:167A
1010  |Info:    ------------------------------------------------------
1010  |Info:    |               Detecting I2C devices                |
1010  |Info:    ------------------------------------------------------
1963  |Info:    ------------------------------------------------------
1963  |Info:    |               Detecting I2C PCI devices            |
1963  |Info:    ------------------------------------------------------
1963  |Info:    ------------------------------------------------------
1963  |Info:    |               Detecting HID devices                |
1963  |Info:    ------------------------------------------------------
3446  |Info:    [Corsair K70 RGB] Registering RGB controller
3522  |Info:    [ASUS TUF GAMING X670E-PLUS] Registering RGB controller
3522  |Info:    ------------------------------------------------------
3522  |Info:    |            Detecting libusb HID devices            |
3522  |Info:    ------------------------------------------------------
3624  |Info:    ------------------------------------------------------
3624  |Info:    |              Detecting other devices               |
3624  |Info:    ------------------------------------------------------
3632  |Info:    ------------------------------------------------------
3632  |Info:    |                Detection completed                 |
3632  |Info:    ------------------------------------------------------
3632  |Info:    Profile loading: FAILED! for Corsair K70 RGB @ HID: /dev/hidraw6
3632  |Info:    Profile loading: Succeeded for ASUS TUF GAMING X670E-PLUS @ HID: /dev/hidraw2
