    OpenRGB v0.9
    Commit:  from 
    Launched: 20230923_134007
====================================================================================================

0     |Info:    Found file: Main.orp attempting to validate header
0     |Info:    Valid v3 profile found for Main
1001  |Info:    ------------------------------------------------------
1001  |Info:    |               Start device detection               |
1001  |Info:    ------------------------------------------------------
1001  |Info:    Initializing HID interfaces: Success
1008  |Info:    ------------------------------------------------------
1008  |Info:    |             Detecting I2C interfaces               |
1008  |Info:    ------------------------------------------------------
1008  |Info:    Registering I2C interface: /dev/i2c-3 Device 10DE:2704 Subsystem: 10DE:167A
1008  |Info:    Registering I2C interface: /dev/i2c-1 Device 10DE:2704 Subsystem: 10DE:167A
1008  |Info:    Registering I2C interface: /dev/i2c-8 Device 1022:790B Subsystem: 1043:8877
1008  |Info:    Registering I2C interface: /dev/i2c-6 Device 1022:790B Subsystem: 1043:8877
1008  |Info:    Registering I2C interface: /dev/i2c-4 Device 10DE:2704 Subsystem: 10DE:167A
1008  |Info:    Registering I2C interface: /dev/i2c-2 Device 10DE:2704 Subsystem: 10DE:167A
1008  |Info:    Registering I2C interface: /dev/i2c-0 Device 0000:0000 Subsystem: 0000:0000
1008  |Info:    Registering I2C interface: /dev/i2c-7 Device 1022:790B Subsystem: 1043:8877
1008  |Info:    Registering I2C interface: /dev/i2c-5 Device 10DE:2704 Subsystem: 10DE:167A
1008  |Info:    ------------------------------------------------------
1008  |Info:    |               Detecting I2C devices                |
1008  |Info:    ------------------------------------------------------
1948  |Info:    ------------------------------------------------------
1948  |Info:    |               Detecting I2C PCI devices            |
1948  |Info:    ------------------------------------------------------
1948  |Info:    ------------------------------------------------------
1948  |Info:    |               Detecting HID devices                |
1948  |Info:    ------------------------------------------------------
3413  |Info:    [Corsair K70 RGB] Registering RGB controller
3434  |Info:    [Sony DualShock 4] Registering RGB controller
3509  |Info:    [ASUS TUF GAMING X670E-PLUS] Registering RGB controller
3509  |Info:    ------------------------------------------------------
3509  |Info:    |            Detecting libusb HID devices            |
3509  |Info:    ------------------------------------------------------
3619  |Info:    ------------------------------------------------------
3619  |Info:    |              Detecting other devices               |
3619  |Info:    ------------------------------------------------------
3626  |Info:    ------------------------------------------------------
3626  |Info:    |                Detection completed                 |
3626  |Info:    ------------------------------------------------------
3626  |Info:    Profile loading: FAILED! for Corsair K70 RGB @ HID: /dev/hidraw6
3626  |Info:    Profile loading: FAILED! for Sony DualShock 4 @ HID: /dev/hidraw11
3626  |Info:    Profile loading: Succeeded for ASUS TUF GAMING X670E-PLUS @ HID: /dev/hidraw0
