    OpenRGB v0.9
    Commit:  from 
    Launched: 20240111_192630
====================================================================================================

0     |Info:    Found file: Main.orp attempting to validate header
0     |Info:    Valid v3 profile found for Main
1006  |Info:    ------------------------------------------------------
1006  |Info:    |               Start device detection               |
1006  |Info:    ------------------------------------------------------
1006  |Info:    Initializing HID interfaces: Success
3886  |Info:    ------------------------------------------------------
3886  |Info:    |             Detecting I2C interfaces               |
3886  |Info:    ------------------------------------------------------
3886  |Info:    Registering I2C interface: /dev/i2c-3 Device 10DE:2704 Subsystem: 10DE:167A
3887  |Info:    Registering I2C interface: /dev/i2c-1 Device 10DE:2704 Subsystem: 10DE:167A
3887  |Info:    Registering I2C interface: /dev/i2c-8 Device 1022:790B Subsystem: 1043:8877
3887  |Info:    Registering I2C interface: /dev/i2c-6 Device 1022:790B Subsystem: 1043:8877
3887  |Info:    Registering I2C interface: /dev/i2c-4 Device 10DE:2704 Subsystem: 10DE:167A
3887  |Info:    Registering I2C interface: /dev/i2c-2 Device 10DE:2704 Subsystem: 10DE:167A
3887  |Info:    Registering I2C interface: /dev/i2c-0 Device 0000:0000 Subsystem: 0000:0000
3887  |Info:    Registering I2C interface: /dev/i2c-7 Device 1022:790B Subsystem: 1043:8877
3887  |Info:    Registering I2C interface: /dev/i2c-5 Device 10DE:2704 Subsystem: 10DE:167A
3887  |Info:    ------------------------------------------------------
3887  |Info:    |               Detecting I2C devices                |
3887  |Info:    ------------------------------------------------------
4841  |Info:    ------------------------------------------------------
4841  |Info:    |               Detecting I2C PCI devices            |
4841  |Info:    ------------------------------------------------------
4842  |Info:    ------------------------------------------------------
4842  |Info:    |               Detecting HID devices                |
4842  |Info:    ------------------------------------------------------
11628 |Info:    [Sony DualShock 4] Registering RGB controller
11705 |Info:    [ASUS TUF GAMING X670E-PLUS] Registering RGB controller
11705 |Info:    ------------------------------------------------------
11705 |Info:    |            Detecting libusb HID devices            |
11705 |Info:    ------------------------------------------------------
11825 |Info:    ------------------------------------------------------
11825 |Info:    |              Detecting other devices               |
11825 |Info:    ------------------------------------------------------
11833 |Info:    ------------------------------------------------------
11833 |Info:    |                Detection completed                 |
11833 |Info:    ------------------------------------------------------
11833 |Info:    Profile loading: FAILED! for Sony DualShock 4 @ HID: /dev/hidraw7
11833 |Info:    Profile loading: Succeeded for ASUS TUF GAMING X670E-PLUS @ HID: /dev/hidraw3
