    OpenRGB v0.9
    Commit:  from 
    Launched: 20231022_122346
====================================================================================================

0     |Info:    Found file: Main.orp attempting to validate header
0     |Info:    Valid v3 profile found for Main
1004  |Info:    ------------------------------------------------------
1004  |Info:    |               Start device detection               |
1004  |Info:    ------------------------------------------------------
1004  |Info:    Initializing HID interfaces: Success
1011  |Info:    ------------------------------------------------------
1011  |Info:    |             Detecting I2C interfaces               |
1011  |Info:    ------------------------------------------------------
1011  |Info:    Registering I2C interface: /dev/i2c-3 Device 10DE:2704 Subsystem: 10DE:167A
1011  |Info:    Registering I2C interface: /dev/i2c-1 Device 10DE:2704 Subsystem: 10DE:167A
1011  |Info:    Registering I2C interface: /dev/i2c-8 Device 1022:790B Subsystem: 1043:8877
1011  |Info:    Registering I2C interface: /dev/i2c-6 Device 1022:790B Subsystem: 1043:8877
1011  |Info:    Registering I2C interface: /dev/i2c-4 Device 10DE:2704 Subsystem: 10DE:167A
1011  |Info:    Registering I2C interface: /dev/i2c-2 Device 10DE:2704 Subsystem: 10DE:167A
1011  |Info:    Registering I2C interface: /dev/i2c-0 Device 0000:0000 Subsystem: 0000:0000
1011  |Info:    Registering I2C interface: /dev/i2c-7 Device 1022:790B Subsystem: 1043:8877
1011  |Info:    Registering I2C interface: /dev/i2c-5 Device 10DE:2704 Subsystem: 10DE:167A
1011  |Info:    ------------------------------------------------------
1011  |Info:    |               Detecting I2C devices                |
1011  |Info:    ------------------------------------------------------
1957  |Info:    ------------------------------------------------------
1957  |Info:    |               Detecting I2C PCI devices            |
1957  |Info:    ------------------------------------------------------
1958  |Info:    ------------------------------------------------------
1958  |Info:    |               Detecting HID devices                |
1958  |Info:    ------------------------------------------------------
3436  |Info:    [Corsair K70 RGB] Registering RGB controller
3455  |Info:    [Sony DualShock 4] Registering RGB controller
3532  |Info:    [ASUS TUF GAMING X670E-PLUS] Registering RGB controller
3532  |Info:    ------------------------------------------------------
3532  |Info:    |            Detecting libusb HID devices            |
3532  |Info:    ------------------------------------------------------
3652  |Info:    ------------------------------------------------------
3652  |Info:    |              Detecting other devices               |
3652  |Info:    ------------------------------------------------------
3660  |Info:    ------------------------------------------------------
3660  |Info:    |                Detection completed                 |
3660  |Info:    ------------------------------------------------------
3660  |Info:    Profile loading: FAILED! for Corsair K70 RGB @ HID: /dev/hidraw6
3660  |Info:    Profile loading: FAILED! for Sony DualShock 4 @ HID: /dev/hidraw10
3660  |Info:    Profile loading: Succeeded for ASUS TUF GAMING X670E-PLUS @ HID: /dev/hidraw2
