    OpenRGB v0.8
    Commit:  from 
    Launched: 20230609_190450
====================================================================================================

0     |Info:    Found file: Main.orp attempting to validate header
0     |Info:    Valid v3 profile found for Main
1004  |Info:    ------------------------------------------------------
1004  |Info:    |               Start device detection               |
1004  |Info:    ------------------------------------------------------
1005  |Info:    Initializing HID interfaces: Success
1007  |Info:    ------------------------------------------------------
1007  |Info:    |             Detecting I2C interfaces               |
1007  |Info:    ------------------------------------------------------
1007  |Info:    Registering I2C interface: /dev/i2c-3 Device 10DE:2704 Subsystem: 10DE:167A
1007  |Info:    Registering I2C interface: /dev/i2c-10 Device 1002:164E Subsystem: 1043:8877
1007  |Info:    Registering I2C interface: /dev/i2c-1 Device 10DE:2704 Subsystem: 10DE:167A
1007  |Info:    Registering I2C interface: /dev/i2c-8 Device 1022:790B Subsystem: 1043:8877
1007  |Info:    Registering I2C interface: /dev/i2c-6 Device 1022:790B Subsystem: 1043:8877
1007  |Info:    Registering I2C interface: /dev/i2c-4 Device 10DE:2704 Subsystem: 10DE:167A
1007  |Warning: [i2c_smbus_linux] Failed to read i2c device PCI device ID
1007  |Info:    Registering I2C interface: /dev/i2c-11 Device 0000:0000 Subsystem: 0000:0000
1007  |Info:    Registering I2C interface: /dev/i2c-2 Device 10DE:2704 Subsystem: 10DE:167A
1007  |Info:    Registering I2C interface: /dev/i2c-0 Device 0000:0000 Subsystem: 0000:0000
1007  |Info:    Registering I2C interface: /dev/i2c-9 Device 1002:164E Subsystem: 1043:8877
1007  |Info:    Registering I2C interface: /dev/i2c-7 Device 1022:790B Subsystem: 1043:8877
1007  |Info:    Registering I2C interface: /dev/i2c-5 Device 10DE:2704 Subsystem: 10DE:167A
1007  |Info:    ------------------------------------------------------
1007  |Info:    |               Detecting I2C devices                |
1007  |Info:    ------------------------------------------------------
1708  |Info:    ------------------------------------------------------
1708  |Info:    |               Detecting I2C PCI devices            |
1708  |Info:    ------------------------------------------------------
1709  |Info:    ------------------------------------------------------
1709  |Info:    |               Detecting HID devices                |
1709  |Info:    ------------------------------------------------------
1791  |Info:    [ASUS TUF GAMING X670E-PLUS] Registering RGB controller
1791  |Info:    ------------------------------------------------------
1791  |Info:    |              Detecting other devices               |
1791  |Info:    ------------------------------------------------------
1804  |Info:    ------------------------------------------------------
1804  |Info:    |                Detection completed                 |
1804  |Info:    ------------------------------------------------------
1804  |Info:    Profile loading: Succeeded for ASUS TUF GAMING X670E-PLUS @ HID: /dev/hidraw0
