    OpenRGB v0.9
    Commit:  from 
    Launched: 20240113_102922
====================================================================================================

0     |Info:    Found file: Main.orp attempting to validate header
0     |Info:    Valid v3 profile found for Main
1006  |Info:    ------------------------------------------------------
1006  |Info:    |               Start device detection               |
1006  |Info:    ------------------------------------------------------
1006  |Info:    Initializing HID interfaces: Success
5252  |Info:    ------------------------------------------------------
5252  |Info:    |             Detecting I2C interfaces               |
5252  |Info:    ------------------------------------------------------
5252  |Info:    Registering I2C interface: /dev/i2c-3 Device 10DE:2704 Subsystem: 10DE:167A
5252  |Info:    Registering I2C interface: /dev/i2c-1 Device 10DE:2704 Subsystem: 10DE:167A
5252  |Info:    Registering I2C interface: /dev/i2c-8 Device 1022:790B Subsystem: 1043:8877
5252  |Info:    Registering I2C interface: /dev/i2c-6 Device 1022:790B Subsystem: 1043:8877
5252  |Info:    Registering I2C interface: /dev/i2c-4 Device 10DE:2704 Subsystem: 10DE:167A
5252  |Info:    Registering I2C interface: /dev/i2c-2 Device 10DE:2704 Subsystem: 10DE:167A
5252  |Info:    Registering I2C interface: /dev/i2c-0 Device 0000:0000 Subsystem: 0000:0000
5252  |Info:    Registering I2C interface: /dev/i2c-7 Device 1022:790B Subsystem: 1043:8877
5252  |Info:    Registering I2C interface: /dev/i2c-5 Device 10DE:2704 Subsystem: 10DE:167A
5252  |Info:    ------------------------------------------------------
5252  |Info:    |               Detecting I2C devices                |
5252  |Info:    ------------------------------------------------------
6204  |Info:    ------------------------------------------------------
6204  |Info:    |               Detecting I2C PCI devices            |
6204  |Info:    ------------------------------------------------------
6205  |Info:    ------------------------------------------------------
6205  |Info:    |               Detecting HID devices                |
6205  |Info:    ------------------------------------------------------
13039 |Info:    [Sony DualShock 4] Registering RGB controller
13122 |Info:    [ASUS TUF GAMING X670E-PLUS] Registering RGB controller
13122 |Info:    ------------------------------------------------------
13122 |Info:    |            Detecting libusb HID devices            |
13122 |Info:    ------------------------------------------------------
13241 |Info:    ------------------------------------------------------
13241 |Info:    |              Detecting other devices               |
13241 |Info:    ------------------------------------------------------
13248 |Info:    ------------------------------------------------------
13248 |Info:    |                Detection completed                 |
13248 |Info:    ------------------------------------------------------
13249 |Info:    Profile loading: FAILED! for Sony DualShock 4 @ HID: /dev/hidraw7
13249 |Info:    Profile loading: Succeeded for ASUS TUF GAMING X670E-PLUS @ HID: /dev/hidraw3
