    OpenRGB v0.9
    Commit:  from 
    Launched: 20231031_191045
====================================================================================================

0     |Info:    Found file: Main.orp attempting to validate header
0     |Info:    Valid v3 profile found for Main
1004  |Info:    ------------------------------------------------------
1004  |Info:    |               Start device detection               |
1004  |Info:    ------------------------------------------------------
1004  |Info:    Initializing HID interfaces: Success
4949  |Info:    ------------------------------------------------------
4949  |Info:    |             Detecting I2C interfaces               |
4949  |Info:    ------------------------------------------------------
4949  |Info:    Registering I2C interface: /dev/i2c-3 Device 10DE:2704 Subsystem: 10DE:167A
4949  |Info:    Registering I2C interface: /dev/i2c-1 Device 10DE:2704 Subsystem: 10DE:167A
4949  |Info:    Registering I2C interface: /dev/i2c-8 Device 1022:790B Subsystem: 1043:8877
4950  |Info:    Registering I2C interface: /dev/i2c-6 Device 1022:790B Subsystem: 1043:8877
4950  |Info:    Registering I2C interface: /dev/i2c-4 Device 10DE:2704 Subsystem: 10DE:167A
4950  |Info:    Registering I2C interface: /dev/i2c-2 Device 10DE:2704 Subsystem: 10DE:167A
4950  |Info:    Registering I2C interface: /dev/i2c-0 Device 0000:0000 Subsystem: 0000:0000
4950  |Info:    Registering I2C interface: /dev/i2c-7 Device 1022:790B Subsystem: 1043:8877
4950  |Info:    Registering I2C interface: /dev/i2c-5 Device 10DE:2704 Subsystem: 10DE:167A
4950  |Info:    ------------------------------------------------------
4950  |Info:    |               Detecting I2C devices                |
4950  |Info:    ------------------------------------------------------
5909  |Info:    ------------------------------------------------------
5909  |Info:    |               Detecting I2C PCI devices            |
5909  |Info:    ------------------------------------------------------
5909  |Info:    ------------------------------------------------------
5909  |Info:    |               Detecting HID devices                |
5909  |Info:    ------------------------------------------------------
7391  |Info:    [Corsair K70 RGB] Registering RGB controller
7410  |Info:    [Sony DualShock 4] Registering RGB controller
7486  |Info:    [ASUS TUF GAMING X670E-PLUS] Registering RGB controller
7486  |Info:    ------------------------------------------------------
7486  |Info:    |            Detecting libusb HID devices            |
7486  |Info:    ------------------------------------------------------
7600  |Info:    ------------------------------------------------------
7600  |Info:    |              Detecting other devices               |
7600  |Info:    ------------------------------------------------------
7608  |Info:    ------------------------------------------------------
7608  |Info:    |                Detection completed                 |
7608  |Info:    ------------------------------------------------------
7608  |Info:    Profile loading: FAILED! for Corsair K70 RGB @ HID: /dev/hidraw6
7608  |Info:    Profile loading: FAILED! for Sony DualShock 4 @ HID: /dev/hidraw11
7608  |Info:    Profile loading: Succeeded for ASUS TUF GAMING X670E-PLUS @ HID: /dev/hidraw3
