    OpenRGB v0.9
    Commit:  from 
    Launched: 20231104_122547
====================================================================================================

0     |Info:    Found file: Main.orp attempting to validate header
0     |Info:    Valid v3 profile found for Main
1011  |Info:    ------------------------------------------------------
1011  |Info:    |               Start device detection               |
1011  |Info:    ------------------------------------------------------
1011  |Info:    Initializing HID interfaces: Success
5833  |Info:    ------------------------------------------------------
5833  |Info:    |             Detecting I2C interfaces               |
5833  |Info:    ------------------------------------------------------
5833  |Info:    Registering I2C interface: /dev/i2c-3 Device 10DE:2704 Subsystem: 10DE:167A
5833  |Info:    Registering I2C interface: /dev/i2c-1 Device 10DE:2704 Subsystem: 10DE:167A
5833  |Info:    Registering I2C interface: /dev/i2c-8 Device 1022:790B Subsystem: 1043:8877
5833  |Info:    Registering I2C interface: /dev/i2c-6 Device 1022:790B Subsystem: 1043:8877
5833  |Info:    Registering I2C interface: /dev/i2c-4 Device 10DE:2704 Subsystem: 10DE:167A
5833  |Info:    Registering I2C interface: /dev/i2c-2 Device 10DE:2704 Subsystem: 10DE:167A
5833  |Info:    Registering I2C interface: /dev/i2c-0 Device 0000:0000 Subsystem: 0000:0000
5833  |Info:    Registering I2C interface: /dev/i2c-7 Device 1022:790B Subsystem: 1043:8877
5834  |Info:    Registering I2C interface: /dev/i2c-5 Device 10DE:2704 Subsystem: 10DE:167A
5834  |Info:    ------------------------------------------------------
5834  |Info:    |               Detecting I2C devices                |
5834  |Info:    ------------------------------------------------------
6794  |Info:    ------------------------------------------------------
6794  |Info:    |               Detecting I2C PCI devices            |
6794  |Info:    ------------------------------------------------------
6794  |Info:    ------------------------------------------------------
6794  |Info:    |               Detecting HID devices                |
6794  |Info:    ------------------------------------------------------
8272  |Info:    [Corsair K70 RGB] Registering RGB controller
8291  |Info:    [Sony DualShock 4] Registering RGB controller
8367  |Info:    [ASUS TUF GAMING X670E-PLUS] Registering RGB controller
8367  |Info:    ------------------------------------------------------
8367  |Info:    |            Detecting libusb HID devices            |
8367  |Info:    ------------------------------------------------------
8483  |Info:    ------------------------------------------------------
8483  |Info:    |              Detecting other devices               |
8483  |Info:    ------------------------------------------------------
8494  |Info:    ------------------------------------------------------
8494  |Info:    |                Detection completed                 |
8494  |Info:    ------------------------------------------------------
8494  |Info:    Profile loading: FAILED! for Corsair K70 RGB @ HID: /dev/hidraw6
8494  |Info:    Profile loading: FAILED! for Sony DualShock 4 @ HID: /dev/hidraw7
8494  |Info:    Profile loading: Succeeded for ASUS TUF GAMING X670E-PLUS @ HID: /dev/hidraw4
