    OpenRGB v0.9
    Commit:  from 
    Launched: 20240229_190457
====================================================================================================

0     |Info:    Found file: Main.orp attempting to validate header
0     |Info:    Valid v3 profile found for Main
1015  |Info:    ------------------------------------------------------
1015  |Info:    |               Start device detection               |
1015  |Info:    ------------------------------------------------------
1016  |Info:    Initializing HID interfaces: Success
1022  |Info:    ------------------------------------------------------
1022  |Info:    |             Detecting I2C interfaces               |
1022  |Info:    ------------------------------------------------------
1022  |Info:    Registering I2C interface: /dev/i2c-3 Device 10DE:2704 Subsystem: 10DE:167A
1022  |Info:    Registering I2C interface: /dev/i2c-1 Device 10DE:2704 Subsystem: 10DE:167A
1022  |Info:    Registering I2C interface: /dev/i2c-8 Device 1022:790B Subsystem: 1043:8877
1022  |Info:    Registering I2C interface: /dev/i2c-6 Device 1022:790B Subsystem: 1043:8877
1022  |Info:    Registering I2C interface: /dev/i2c-4 Device 10DE:2704 Subsystem: 10DE:167A
1022  |Info:    Registering I2C interface: /dev/i2c-2 Device 10DE:2704 Subsystem: 10DE:167A
1022  |Info:    Registering I2C interface: /dev/i2c-0 Device 0000:0000 Subsystem: 0000:0000
1022  |Info:    Registering I2C interface: /dev/i2c-7 Device 1022:790B Subsystem: 1043:8877
1023  |Info:    Registering I2C interface: /dev/i2c-5 Device 10DE:2704 Subsystem: 10DE:167A
1023  |Info:    ------------------------------------------------------
1023  |Info:    |               Detecting I2C devices                |
1023  |Info:    ------------------------------------------------------
1971  |Info:    ------------------------------------------------------
1971  |Info:    |               Detecting I2C PCI devices            |
1971  |Info:    ------------------------------------------------------
1971  |Info:    ------------------------------------------------------
1971  |Info:    |               Detecting HID devices                |
1971  |Info:    ------------------------------------------------------
8867  |Info:    [Sony DualShock 4] Registering RGB controller
8943  |Info:    [ASUS TUF GAMING X670E-PLUS] Registering RGB controller
8943  |Info:    ------------------------------------------------------
8943  |Info:    |            Detecting libusb HID devices            |
8943  |Info:    ------------------------------------------------------
9062  |Info:    ------------------------------------------------------
9062  |Info:    |              Detecting other devices               |
9062  |Info:    ------------------------------------------------------
9070  |Info:    ------------------------------------------------------
9070  |Info:    |                Detection completed                 |
9070  |Info:    ------------------------------------------------------
9070  |Info:    Profile loading: FAILED! for Sony DualShock 4 @ HID: /dev/hidraw8
9070  |Info:    Profile loading: Succeeded for ASUS TUF GAMING X670E-PLUS @ HID: /dev/hidraw3
