    OpenRGB v0.9
    Commit:  from 
    Launched: 20230930_124245
====================================================================================================

0     |Info:    Found file: Main.orp attempting to validate header
0     |Info:    Valid v3 profile found for Main
1011  |Info:    ------------------------------------------------------
1011  |Info:    |               Start device detection               |
1011  |Info:    ------------------------------------------------------
1011  |Info:    Initializing HID interfaces: Success
1016  |Info:    ------------------------------------------------------
1016  |Info:    |             Detecting I2C interfaces               |
1016  |Info:    ------------------------------------------------------
1016  |Info:    Registering I2C interface: /dev/i2c-3 Device 10DE:2704 Subsystem: 10DE:167A
1016  |Info:    Registering I2C interface: /dev/i2c-1 Device 10DE:2704 Subsystem: 10DE:167A
1016  |Info:    Registering I2C interface: /dev/i2c-8 Device 1022:790B Subsystem: 1043:8877
1016  |Info:    Registering I2C interface: /dev/i2c-6 Device 1022:790B Subsystem: 1043:8877
1016  |Info:    Registering I2C interface: /dev/i2c-4 Device 10DE:2704 Subsystem: 10DE:167A
1016  |Info:    Registering I2C interface: /dev/i2c-2 Device 10DE:2704 Subsystem: 10DE:167A
1016  |Info:    Registering I2C interface: /dev/i2c-0 Device 0000:0000 Subsystem: 0000:0000
1016  |Info:    Registering I2C interface: /dev/i2c-7 Device 1022:790B Subsystem: 1043:8877
1016  |Info:    Registering I2C interface: /dev/i2c-5 Device 10DE:2704 Subsystem: 10DE:167A
1016  |Info:    ------------------------------------------------------
1016  |Info:    |               Detecting I2C devices                |
1016  |Info:    ------------------------------------------------------
1971  |Info:    ------------------------------------------------------
1971  |Info:    |               Detecting I2C PCI devices            |
1971  |Info:    ------------------------------------------------------
1971  |Info:    ------------------------------------------------------
1971  |Info:    |               Detecting HID devices                |
1971  |Info:    ------------------------------------------------------
3451  |Info:    [Corsair K70 RGB] Registering RGB controller
3527  |Info:    [ASUS TUF GAMING X670E-PLUS] Registering RGB controller
3527  |Info:    ------------------------------------------------------
3527  |Info:    |            Detecting libusb HID devices            |
3527  |Info:    ------------------------------------------------------
3628  |Info:    ------------------------------------------------------
3628  |Info:    |              Detecting other devices               |
3628  |Info:    ------------------------------------------------------
3635  |Info:    ------------------------------------------------------
3635  |Info:    |                Detection completed                 |
3635  |Info:    ------------------------------------------------------
3635  |Info:    Profile loading: FAILED! for Corsair K70 RGB @ HID: /dev/hidraw6
3635  |Info:    Profile loading: Succeeded for ASUS TUF GAMING X670E-PLUS @ HID: /dev/hidraw2
