    OpenRGB v0.9
    Commit:  from 
    Launched: 20240210_091300
====================================================================================================

0     |Info:    Found file: Main.orp attempting to validate header
0     |Info:    Valid v3 profile found for Main
1007  |Info:    ------------------------------------------------------
1007  |Info:    |               Start device detection               |
1007  |Info:    ------------------------------------------------------
1007  |Info:    Initializing HID interfaces: Success
1013  |Info:    ------------------------------------------------------
1013  |Info:    |             Detecting I2C interfaces               |
1013  |Info:    ------------------------------------------------------
1013  |Info:    Registering I2C interface: /dev/i2c-3 Device 10DE:2704 Subsystem: 10DE:167A
1013  |Info:    Registering I2C interface: /dev/i2c-1 Device 10DE:2704 Subsystem: 10DE:167A
1013  |Info:    Registering I2C interface: /dev/i2c-8 Device 1022:790B Subsystem: 1043:8877
1013  |Info:    Registering I2C interface: /dev/i2c-6 Device 1022:790B Subsystem: 1043:8877
1013  |Info:    Registering I2C interface: /dev/i2c-4 Device 10DE:2704 Subsystem: 10DE:167A
1013  |Info:    Registering I2C interface: /dev/i2c-2 Device 10DE:2704 Subsystem: 10DE:167A
1013  |Info:    Registering I2C interface: /dev/i2c-0 Device 0000:0000 Subsystem: 0000:0000
1014  |Info:    Registering I2C interface: /dev/i2c-7 Device 1022:790B Subsystem: 1043:8877
1014  |Info:    Registering I2C interface: /dev/i2c-5 Device 10DE:2704 Subsystem: 10DE:167A
1014  |Info:    ------------------------------------------------------
1014  |Info:    |               Detecting I2C devices                |
1014  |Info:    ------------------------------------------------------
1968  |Info:    ------------------------------------------------------
1968  |Info:    |               Detecting I2C PCI devices            |
1968  |Info:    ------------------------------------------------------
1968  |Info:    ------------------------------------------------------
1968  |Info:    |               Detecting HID devices                |
1968  |Info:    ------------------------------------------------------
8615  |Info:    [Sony DualShock 4] Registering RGB controller
8694  |Info:    [ASUS TUF GAMING X670E-PLUS] Registering RGB controller
8694  |Info:    ------------------------------------------------------
8694  |Info:    |            Detecting libusb HID devices            |
8694  |Info:    ------------------------------------------------------
8812  |Info:    ------------------------------------------------------
8812  |Info:    |              Detecting other devices               |
8812  |Info:    ------------------------------------------------------
8819  |Info:    ------------------------------------------------------
8819  |Info:    |                Detection completed                 |
8819  |Info:    ------------------------------------------------------
8819  |Info:    Profile loading: FAILED! for Sony DualShock 4 @ HID: /dev/hidraw7
8819  |Info:    Profile loading: Succeeded for ASUS TUF GAMING X670E-PLUS @ HID: /dev/hidraw2
