    OpenRGB v0.9
    Commit:  from 
    Launched: 20231228_183010
====================================================================================================

0     |Info:    Found file: Main.orp attempting to validate header
0     |Info:    Valid v3 profile found for Main
1006  |Info:    ------------------------------------------------------
1006  |Info:    |               Start device detection               |
1006  |Info:    ------------------------------------------------------
1006  |Info:    Initializing HID interfaces: Success
6199  |Info:    ------------------------------------------------------
6199  |Info:    |             Detecting I2C interfaces               |
6199  |Info:    ------------------------------------------------------
6199  |Info:    Registering I2C interface: /dev/i2c-3 Device 10DE:2704 Subsystem: 10DE:167A
6199  |Info:    Registering I2C interface: /dev/i2c-1 Device 10DE:2704 Subsystem: 10DE:167A
6199  |Info:    Registering I2C interface: /dev/i2c-8 Device 1022:790B Subsystem: 1043:8877
6200  |Info:    Registering I2C interface: /dev/i2c-6 Device 1022:790B Subsystem: 1043:8877
6200  |Info:    Registering I2C interface: /dev/i2c-4 Device 10DE:2704 Subsystem: 10DE:167A
6200  |Info:    Registering I2C interface: /dev/i2c-2 Device 10DE:2704 Subsystem: 10DE:167A
6200  |Info:    Registering I2C interface: /dev/i2c-0 Device 0000:0000 Subsystem: 0000:0000
6200  |Info:    Registering I2C interface: /dev/i2c-7 Device 1022:790B Subsystem: 1043:8877
6200  |Info:    Registering I2C interface: /dev/i2c-5 Device 10DE:2704 Subsystem: 10DE:167A
6200  |Info:    ------------------------------------------------------
6200  |Info:    |               Detecting I2C devices                |
6200  |Info:    ------------------------------------------------------
7153  |Info:    ------------------------------------------------------
7153  |Info:    |               Detecting I2C PCI devices            |
7153  |Info:    ------------------------------------------------------
7153  |Info:    ------------------------------------------------------
7153  |Info:    |               Detecting HID devices                |
7153  |Info:    ------------------------------------------------------
13935 |Info:    [Sony DualShock 4] Registering RGB controller
14011 |Info:    [ASUS TUF GAMING X670E-PLUS] Registering RGB controller
14011 |Info:    ------------------------------------------------------
14011 |Info:    |            Detecting libusb HID devices            |
14011 |Info:    ------------------------------------------------------
14124 |Info:    ------------------------------------------------------
14124 |Info:    |              Detecting other devices               |
14124 |Info:    ------------------------------------------------------
14134 |Info:    ------------------------------------------------------
14134 |Info:    |                Detection completed                 |
14134 |Info:    ------------------------------------------------------
14134 |Info:    Profile loading: FAILED! for Sony DualShock 4 @ HID: /dev/hidraw10
14134 |Info:    Profile loading: Succeeded for ASUS TUF GAMING X670E-PLUS @ HID: /dev/hidraw3
