    OpenRGB v0.9
    Commit:  from 
    Launched: 20230929_192055
====================================================================================================

0     |Info:    Found file: Main.orp attempting to validate header
0     |Info:    Valid v3 profile found for Main
1004  |Info:    ------------------------------------------------------
1004  |Info:    |               Start device detection               |
1004  |Info:    ------------------------------------------------------
1005  |Info:    Initializing HID interfaces: Success
1011  |Info:    ------------------------------------------------------
1011  |Info:    |             Detecting I2C interfaces               |
1011  |Info:    ------------------------------------------------------
1011  |Info:    Registering I2C interface: /dev/i2c-3 Device 10DE:2704 Subsystem: 10DE:167A
1011  |Info:    Registering I2C interface: /dev/i2c-1 Device 10DE:2704 Subsystem: 10DE:167A
1011  |Info:    Registering I2C interface: /dev/i2c-8 Device 1022:790B Subsystem: 1043:8877
1011  |Info:    Registering I2C interface: /dev/i2c-6 Device 1022:790B Subsystem: 1043:8877
1011  |Info:    Registering I2C interface: /dev/i2c-4 Device 10DE:2704 Subsystem: 10DE:167A
1012  |Info:    Registering I2C interface: /dev/i2c-2 Device 10DE:2704 Subsystem: 10DE:167A
1012  |Info:    Registering I2C interface: /dev/i2c-0 Device 0000:0000 Subsystem: 0000:0000
1012  |Info:    Registering I2C interface: /dev/i2c-7 Device 1022:790B Subsystem: 1043:8877
1012  |Info:    Registering I2C interface: /dev/i2c-5 Device 10DE:2704 Subsystem: 10DE:167A
1012  |Info:    ------------------------------------------------------
1012  |Info:    |               Detecting I2C devices                |
1012  |Info:    ------------------------------------------------------
1965  |Info:    ------------------------------------------------------
1965  |Info:    |               Detecting I2C PCI devices            |
1965  |Info:    ------------------------------------------------------
1966  |Info:    ------------------------------------------------------
1966  |Info:    |               Detecting HID devices                |
1966  |Info:    ------------------------------------------------------
3445  |Info:    [Corsair K70 RGB] Registering RGB controller
3534  |Info:    [ASUS TUF GAMING X670E-PLUS] Registering RGB controller
3534  |Info:    ------------------------------------------------------
3534  |Info:    |            Detecting libusb HID devices            |
3534  |Info:    ------------------------------------------------------
3630  |Info:    ------------------------------------------------------
3630  |Info:    |              Detecting other devices               |
3630  |Info:    ------------------------------------------------------
3638  |Info:    ------------------------------------------------------
3638  |Info:    |                Detection completed                 |
3638  |Info:    ------------------------------------------------------
3638  |Info:    Profile loading: FAILED! for Corsair K70 RGB @ HID: /dev/hidraw6
3638  |Info:    Profile loading: Succeeded for ASUS TUF GAMING X670E-PLUS @ HID: /dev/hidraw0
