    OpenRGB v0.9
    Commit:  from 
    Launched: 20230918_115615
====================================================================================================

0     |Info:    Found file: Main.orp attempting to validate header
0     |Info:    Valid v3 profile found for Main
1004  |Info:    ------------------------------------------------------
1004  |Info:    |               Start device detection               |
1004  |Info:    ------------------------------------------------------
1004  |Info:    Initializing HID interfaces: Success
5139  |Info:    ------------------------------------------------------
5139  |Info:    |             Detecting I2C interfaces               |
5139  |Info:    ------------------------------------------------------
5139  |Info:    Registering I2C interface: /dev/i2c-3 Device 1022:790B Subsystem: 1043:8877
5140  |Info:    Registering I2C interface: /dev/i2c-1 Device 1022:790B Subsystem: 1043:8877
5140  |Info:    Registering I2C interface: /dev/i2c-8 Device 10DE:2704 Subsystem: 10DE:167A
5140  |Info:    Registering I2C interface: /dev/i2c-6 Device 10DE:2704 Subsystem: 10DE:167A
5140  |Info:    Registering I2C interface: /dev/i2c-4 Device 10DE:2704 Subsystem: 10DE:167A
5140  |Info:    Registering I2C interface: /dev/i2c-2 Device 1022:790B Subsystem: 1043:8877
5140  |Info:    Registering I2C interface: /dev/i2c-0 Device 0000:0000 Subsystem: 0000:0000
5140  |Info:    Registering I2C interface: /dev/i2c-7 Device 10DE:2704 Subsystem: 10DE:167A
5140  |Info:    Registering I2C interface: /dev/i2c-5 Device 10DE:2704 Subsystem: 10DE:167A
5140  |Info:    ------------------------------------------------------
5140  |Info:    |               Detecting I2C devices                |
5140  |Info:    ------------------------------------------------------
6099  |Info:    ------------------------------------------------------
6099  |Info:    |               Detecting I2C PCI devices            |
6099  |Info:    ------------------------------------------------------
6100  |Info:    ------------------------------------------------------
6100  |Info:    |               Detecting HID devices                |
6100  |Info:    ------------------------------------------------------
7583  |Info:    [Corsair K70 RGB] Registering RGB controller
7662  |Info:    [ASUS TUF GAMING X670E-PLUS] Registering RGB controller
7662  |Info:    ------------------------------------------------------
7662  |Info:    |            Detecting libusb HID devices            |
7662  |Info:    ------------------------------------------------------
7765  |Info:    ------------------------------------------------------
7765  |Info:    |              Detecting other devices               |
7765  |Info:    ------------------------------------------------------
7772  |Info:    ------------------------------------------------------
7772  |Info:    |                Detection completed                 |
7772  |Info:    ------------------------------------------------------
7772  |Info:    Profile loading: FAILED! for Corsair K70 RGB @ HID: /dev/hidraw6
7772  |Info:    Profile loading: Succeeded for ASUS TUF GAMING X670E-PLUS @ HID: /dev/hidraw2
