    OpenRGB v0.9
    Commit:  from 
    Launched: 20230803_190019
====================================================================================================

0     |Info:    Found file: Main.orp attempting to validate header
0     |Info:    Valid v3 profile found for Main
1006  |Info:    ------------------------------------------------------
1006  |Info:    |               Start device detection               |
1006  |Info:    ------------------------------------------------------
1006  |Info:    Initializing HID interfaces: Success
1009  |Info:    ------------------------------------------------------
1009  |Info:    |             Detecting I2C interfaces               |
1009  |Info:    ------------------------------------------------------
1009  |Info:    Registering I2C interface: /dev/i2c-3 Device 10DE:2704 Subsystem: 10DE:167A
1009  |Info:    Registering I2C interface: /dev/i2c-10 Device 1002:164E Subsystem: 1043:8877
1009  |Info:    Registering I2C interface: /dev/i2c-1 Device 10DE:2704 Subsystem: 10DE:167A
1009  |Info:    Registering I2C interface: /dev/i2c-8 Device 1022:790B Subsystem: 1043:8877
1009  |Info:    Registering I2C interface: /dev/i2c-6 Device 1022:790B Subsystem: 1043:8877
1009  |Info:    Registering I2C interface: /dev/i2c-4 Device 10DE:2704 Subsystem: 10DE:167A
1009  |Warning: [i2c_smbus_linux] Failed to read i2c device PCI device ID
1009  |Info:    Registering I2C interface: /dev/i2c-11 Device 0000:0000 Subsystem: 0000:0000
1009  |Info:    Registering I2C interface: /dev/i2c-2 Device 10DE:2704 Subsystem: 10DE:167A
1009  |Info:    Registering I2C interface: /dev/i2c-0 Device 0000:0000 Subsystem: 0000:0000
1009  |Info:    Registering I2C interface: /dev/i2c-9 Device 1002:164E Subsystem: 1043:8877
1009  |Info:    Registering I2C interface: /dev/i2c-7 Device 1022:790B Subsystem: 1043:8877
1009  |Info:    Registering I2C interface: /dev/i2c-5 Device 10DE:2704 Subsystem: 10DE:167A
1009  |Info:    ------------------------------------------------------
1009  |Info:    |               Detecting I2C devices                |
1009  |Info:    ------------------------------------------------------
1960  |Info:    ------------------------------------------------------
1960  |Info:    |               Detecting I2C PCI devices            |
1960  |Info:    ------------------------------------------------------
1961  |Info:    ------------------------------------------------------
1961  |Info:    |               Detecting HID devices                |
1961  |Info:    ------------------------------------------------------
2043  |Info:    [ASUS TUF GAMING X670E-PLUS] Registering RGB controller
2043  |Info:    ------------------------------------------------------
2043  |Info:    |            Detecting libusb HID devices            |
2043  |Info:    ------------------------------------------------------
2140  |Info:    ------------------------------------------------------
2140  |Info:    |              Detecting other devices               |
2140  |Info:    ------------------------------------------------------
2145  |Info:    ------------------------------------------------------
2145  |Info:    |                Detection completed                 |
2145  |Info:    ------------------------------------------------------
2145  |Info:    Profile loading: Succeeded for ASUS TUF GAMING X670E-PLUS @ HID: /dev/hidraw2
