    OpenRGB v0.9
    Commit:  from 
    Launched: 20231127_192427
====================================================================================================

0     |Info:    Found file: Main.orp attempting to validate header
0     |Info:    Valid v3 profile found for Main
1004  |Info:    ------------------------------------------------------
1004  |Info:    |               Start device detection               |
1004  |Info:    ------------------------------------------------------
1004  |Info:    Initializing HID interfaces: Success
3254  |Info:    ------------------------------------------------------
3254  |Info:    |             Detecting I2C interfaces               |
3254  |Info:    ------------------------------------------------------
3254  |Info:    Registering I2C interface: /dev/i2c-3 Device 10DE:2704 Subsystem: 10DE:167A
3254  |Info:    Registering I2C interface: /dev/i2c-1 Device 10DE:2704 Subsystem: 10DE:167A
3254  |Info:    Registering I2C interface: /dev/i2c-8 Device 1022:790B Subsystem: 1043:8877
3254  |Info:    Registering I2C interface: /dev/i2c-6 Device 1022:790B Subsystem: 1043:8877
3254  |Info:    Registering I2C interface: /dev/i2c-4 Device 10DE:2704 Subsystem: 10DE:167A
3254  |Info:    Registering I2C interface: /dev/i2c-2 Device 10DE:2704 Subsystem: 10DE:167A
3254  |Info:    Registering I2C interface: /dev/i2c-0 Device 0000:0000 Subsystem: 0000:0000
3254  |Info:    Registering I2C interface: /dev/i2c-7 Device 1022:790B Subsystem: 1043:8877
3254  |Info:    Registering I2C interface: /dev/i2c-5 Device 10DE:2704 Subsystem: 10DE:167A
3254  |Info:    ------------------------------------------------------
3254  |Info:    |               Detecting I2C devices                |
3254  |Info:    ------------------------------------------------------
4200  |Info:    ------------------------------------------------------
4200  |Info:    |               Detecting I2C PCI devices            |
4200  |Info:    ------------------------------------------------------
4200  |Info:    ------------------------------------------------------
4200  |Info:    |               Detecting HID devices                |
4200  |Info:    ------------------------------------------------------
5684  |Info:    [Corsair K70 RGB] Registering RGB controller
5703  |Info:    [Sony DualShock 4] Registering RGB controller
5786  |Info:    [ASUS TUF GAMING X670E-PLUS] Registering RGB controller
5786  |Info:    ------------------------------------------------------
5786  |Info:    |            Detecting libusb HID devices            |
5786  |Info:    ------------------------------------------------------
5898  |Info:    ------------------------------------------------------
5898  |Info:    |              Detecting other devices               |
5898  |Info:    ------------------------------------------------------
5905  |Info:    ------------------------------------------------------
5905  |Info:    |                Detection completed                 |
5905  |Info:    ------------------------------------------------------
5905  |Info:    Profile loading: FAILED! for Corsair K70 RGB @ HID: /dev/hidraw6
5905  |Info:    Profile loading: FAILED! for Sony DualShock 4 @ HID: /dev/hidraw11
5905  |Info:    Profile loading: Succeeded for ASUS TUF GAMING X670E-PLUS @ HID: /dev/hidraw2
