    OpenRGB v0.9
    Commit:  from 
    Launched: 20230918_171700
====================================================================================================

10    |Info:    Found file: Main.orp attempting to validate header
10    |Info:    Valid v3 profile found for Main
1012  |Info:    ------------------------------------------------------
1012  |Info:    |               Start device detection               |
1012  |Info:    ------------------------------------------------------
1012  |Info:    Initializing HID interfaces: Success
1017  |Info:    ------------------------------------------------------
1017  |Info:    |             Detecting I2C interfaces               |
1017  |Info:    ------------------------------------------------------
1017  |Info:    Registering I2C interface: /dev/i2c-3 Device 1022:790B Subsystem: 1043:8877
1017  |Info:    Registering I2C interface: /dev/i2c-1 Device 1022:790B Subsystem: 1043:8877
1017  |Info:    Registering I2C interface: /dev/i2c-8 Device 10DE:2704 Subsystem: 10DE:167A
1018  |Info:    Registering I2C interface: /dev/i2c-6 Device 10DE:2704 Subsystem: 10DE:167A
1018  |Info:    Registering I2C interface: /dev/i2c-4 Device 10DE:2704 Subsystem: 10DE:167A
1018  |Info:    Registering I2C interface: /dev/i2c-2 Device 1022:790B Subsystem: 1043:8877
1018  |Info:    Registering I2C interface: /dev/i2c-0 Device 0000:0000 Subsystem: 0000:0000
1018  |Info:    Registering I2C interface: /dev/i2c-7 Device 10DE:2704 Subsystem: 10DE:167A
1018  |Info:    Registering I2C interface: /dev/i2c-5 Device 10DE:2704 Subsystem: 10DE:167A
1018  |Info:    ------------------------------------------------------
1018  |Info:    |               Detecting I2C devices                |
1018  |Info:    ------------------------------------------------------
1958  |Info:    ------------------------------------------------------
1958  |Info:    |               Detecting I2C PCI devices            |
1958  |Info:    ------------------------------------------------------
1958  |Info:    ------------------------------------------------------
1958  |Info:    |               Detecting HID devices                |
1958  |Info:    ------------------------------------------------------
3438  |Info:    [Corsair K70 RGB] Registering RGB controller
3516  |Info:    [ASUS TUF GAMING X670E-PLUS] Registering RGB controller
3516  |Info:    ------------------------------------------------------
3516  |Info:    |            Detecting libusb HID devices            |
3516  |Info:    ------------------------------------------------------
3618  |Info:    ------------------------------------------------------
3618  |Info:    |              Detecting other devices               |
3618  |Info:    ------------------------------------------------------
3624  |Info:    ------------------------------------------------------
3624  |Info:    |                Detection completed                 |
3624  |Info:    ------------------------------------------------------
3624  |Info:    Profile loading: FAILED! for Corsair K70 RGB @ HID: /dev/hidraw6
3624  |Info:    Profile loading: Succeeded for ASUS TUF GAMING X670E-PLUS @ HID: /dev/hidraw2
